{"C:\\Users\\ivans\\Desktop\\Dev\\CasinoTrainingApp\\src\\components\\ChipSelector.tsx": {"path":"C:\\Users\\ivans\\Desktop\\Dev\\CasinoTrainingApp\\src\\components\\ChipSelector.tsx","statementMap":{"0":{"start":{"line":11,"column":50},"end":{"line":44,"column":1}},"1":{"start":{"line":12,"column":2},"end":{"line":43,"column":4}},"2":{"start":{"line":17,"column":29},"end":{"line":17,"column":57}},"3":{"start":{"line":18,"column":10},"end":{"line":39,"column":12}},"4":{"start":{"line":26,"column":29},"end":{"line":26,"column":53}},"5":{"start":{"line":46,"column":15},"end":{"line":88,"column":2}}},"fnMap":{"0":{"name":"(anonymous_0)","decl":{"start":{"line":11,"column":50},"end":{"line":11,"column":51}},"loc":{"start":{"line":11,"column":87},"end":{"line":44,"column":1}},"line":11},"1":{"name":"(anonymous_1)","decl":{"start":{"line":16,"column":25},"end":{"line":16,"column":26}},"loc":{"start":{"line":16,"column":35},"end":{"line":40,"column":9}},"line":16},"2":{"name":"(anonymous_2)","decl":{"start":{"line":26,"column":23},"end":{"line":26,"column":24}},"loc":{"start":{"line":26,"column":29},"end":{"line":26,"column":53}},"line":26}},"branchMap":{"0":{"loc":{"start":{"line":24,"column":16},"end":{"line":24,"column":49}},"type":"binary-expr","locations":[{"start":{"line":24,"column":16},"end":{"line":24,"column":26}},{"start":{"line":24,"column":30},"end":{"line":24,"column":49}}],"line":24},"1":{"loc":{"start":{"line":27,"column":63},"end":{"line":27,"column":93}},"type":"cond-expr","locations":[{"start":{"line":27,"column":76},"end":{"line":27,"column":88}},{"start":{"line":27,"column":91},"end":{"line":27,"column":93}}],"line":27},"2":{"loc":{"start":{"line":34,"column":16},"end":{"line":34,"column":59}},"type":"binary-expr","locations":[{"start":{"line":34,"column":16},"end":{"line":34,"column":40}},{"start":{"line":34,"column":44},"end":{"line":34,"column":59}}],"line":34}},"s":{"0":0,"1":0,"2":0,"3":0,"4":0,"5":0},"f":{"0":0,"1":0,"2":0},"b":{"0":[0,0],"1":[0,0],"2":[0,0]}}
,"C:\\Users\\ivans\\Desktop\\Dev\\CasinoTrainingApp\\src\\components\\ErrorBoundary.tsx": {"path":"C:\\Users\\ivans\\Desktop\\Dev\\CasinoTrainingApp\\src\\components\\ErrorBoundary.tsx","statementMap":{"0":{"start":{"line":29,"column":4},"end":{"line":29,"column":17}},"1":{"start":{"line":30,"column":4},"end":{"line":34,"column":6}},"2":{"start":{"line":38,"column":4},"end":{"line":38,"column":37}},"3":{"start":{"line":42,"column":4},"end":{"line":42,"column":33}},"4":{"start":{"line":45,"column":4},"end":{"line":48,"column":5}},"5":{"start":{"line":46,"column":6},"end":{"line":46,"column":61}},"6":{"start":{"line":47,"column":6},"end":{"line":47,"column":66}},"7":{"start":{"line":51,"column":16},"end":{"line":57,"column":3}},"8":{"start":{"line":52,"column":4},"end":{"line":56,"column":7}},"9":{"start":{"line":60,"column":43},"end":{"line":60,"column":53}},"10":{"start":{"line":61,"column":35},"end":{"line":61,"column":45}},"11":{"start":{"line":63,"column":4},"end":{"line":95,"column":5}},"12":{"start":{"line":65,"column":6},"end":{"line":67,"column":7}},"13":{"start":{"line":66,"column":8},"end":{"line":66,"column":24}},"14":{"start":{"line":70,"column":6},"end":{"line":94,"column":8}},"15":{"start":{"line":97,"column":4},"end":{"line":97,"column":20}},"16":{"start":{"line":101,"column":15},"end":{"line":165,"column":2}}},"fnMap":{"0":{"name":"(anonymous_0)","decl":{"start":{"line":28,"column":2},"end":{"line":28,"column":3}},"loc":{"start":{"line":28,"column":41},"end":{"line":35,"column":3}},"line":28},"1":{"name":"(anonymous_1)","decl":{"start":{"line":37,"column":2},"end":{"line":37,"column":3}},"loc":{"start":{"line":37,"column":77},"end":{"line":39,"column":3}},"line":37},"2":{"name":"(anonymous_2)","decl":{"start":{"line":41,"column":2},"end":{"line":41,"column":3}},"loc":{"start":{"line":41,"column":62},"end":{"line":49,"column":3}},"line":41},"3":{"name":"(anonymous_3)","decl":{"start":{"line":51,"column":16},"end":{"line":51,"column":17}},"loc":{"start":{"line":51,"column":28},"end":{"line":57,"column":3}},"line":51},"4":{"name":"(anonymous_4)","decl":{"start":{"line":59,"column":2},"end":{"line":59,"column":3}},"loc":{"start":{"line":59,"column":22},"end":{"line":98,"column":3}},"line":59}},"branchMap":{"0":{"loc":{"start":{"line":45,"column":4},"end":{"line":48,"column":5}},"type":"if","locations":[{"start":{"line":45,"column":4},"end":{"line":48,"column":5}},{"start":{},"end":{}}],"line":45},"1":{"loc":{"start":{"line":63,"column":4},"end":{"line":95,"column":5}},"type":"if","locations":[{"start":{"line":63,"column":4},"end":{"line":95,"column":5}},{"start":{},"end":{}}],"line":63},"2":{"loc":{"start":{"line":65,"column":6},"end":{"line":67,"column":7}},"type":"if","locations":[{"start":{"line":65,"column":6},"end":{"line":67,"column":7}},{"start":{},"end":{}}],"line":65},"3":{"loc":{"start":{"line":79,"column":13},"end":{"line":87,"column":13}},"type":"binary-expr","locations":[{"start":{"line":79,"column":13},"end":{"line":79,"column":20}},{"start":{"line":79,"column":24},"end":{"line":79,"column":29}},{"start":{"line":80,"column":14},"end":{"line":86,"column":27}}],"line":79},"4":{"loc":{"start":{"line":83,"column":17},"end":{"line":85,"column":17}},"type":"binary-expr","locations":[{"start":{"line":83,"column":17},"end":{"line":83,"column":42}},{"start":{"line":84,"column":18},"end":{"line":84,"column":82}}],"line":83}},"s":{"0":0,"1":0,"2":0,"3":0,"4":0,"5":0,"6":0,"7":0,"8":0,"9":0,"10":0,"11":0,"12":0,"13":0,"14":0,"15":0,"16":0},"f":{"0":0,"1":0,"2":0,"3":0,"4":0},"b":{"0":[0,0],"1":[0,0],"2":[0,0],"3":[0,0,0],"4":[0,0]}}
,"C:\\Users\\ivans\\Desktop\\Dev\\CasinoTrainingApp\\src\\components\\FeatureErrorBoundary.tsx": {"path":"C:\\Users\\ivans\\Desktop\\Dev\\CasinoTrainingApp\\src\\components\\FeatureErrorBoundary.tsx","statementMap":{"0":{"start":{"line":30,"column":4},"end":{"line":30,"column":17}},"1":{"start":{"line":31,"column":4},"end":{"line":34,"column":6}},"2":{"start":{"line":38,"column":4},"end":{"line":38,"column":37}},"3":{"start":{"line":43,"column":4},"end":{"line":46,"column":5}},"4":{"start":{"line":44,"column":6},"end":{"line":44,"column":66}},"5":{"start":{"line":45,"column":6},"end":{"line":45,"column":66}},"6":{"start":{"line":49,"column":16},"end":{"line":57,"column":3}},"7":{"start":{"line":50,"column":4},"end":{"line":53,"column":7}},"8":{"start":{"line":56,"column":4},"end":{"line":56,"column":27}},"9":{"start":{"line":60,"column":32},"end":{"line":60,"column":42}},"10":{"start":{"line":61,"column":38},"end":{"line":61,"column":48}},"11":{"start":{"line":63,"column":4},"end":{"line":88,"column":5}},"12":{"start":{"line":64,"column":6},"end":{"line":87,"column":8}},"13":{"start":{"line":90,"column":4},"end":{"line":90,"column":20}},"14":{"start":{"line":94,"column":15},"end":{"line":141,"column":2}}},"fnMap":{"0":{"name":"(anonymous_0)","decl":{"start":{"line":29,"column":2},"end":{"line":29,"column":3}},"loc":{"start":{"line":29,"column":48},"end":{"line":35,"column":3}},"line":29},"1":{"name":"(anonymous_1)","decl":{"start":{"line":37,"column":2},"end":{"line":37,"column":3}},"loc":{"start":{"line":37,"column":84},"end":{"line":39,"column":3}},"line":37},"2":{"name":"(anonymous_2)","decl":{"start":{"line":41,"column":2},"end":{"line":41,"column":3}},"loc":{"start":{"line":41,"column":62},"end":{"line":47,"column":3}},"line":41},"3":{"name":"(anonymous_3)","decl":{"start":{"line":49,"column":16},"end":{"line":49,"column":17}},"loc":{"start":{"line":49,"column":28},"end":{"line":57,"column":3}},"line":49},"4":{"name":"(anonymous_4)","decl":{"start":{"line":59,"column":2},"end":{"line":59,"column":3}},"loc":{"start":{"line":59,"column":22},"end":{"line":91,"column":3}},"line":59}},"branchMap":{"0":{"loc":{"start":{"line":43,"column":4},"end":{"line":46,"column":5}},"type":"if","locations":[{"start":{"line":43,"column":4},"end":{"line":46,"column":5}},{"start":{},"end":{}}],"line":43},"1":{"loc":{"start":{"line":63,"column":4},"end":{"line":88,"column":5}},"type":"if","locations":[{"start":{"line":63,"column":4},"end":{"line":88,"column":5}},{"start":{},"end":{}}],"line":63},"2":{"loc":{"start":{"line":72,"column":11},"end":{"line":76,"column":11}},"type":"binary-expr","locations":[{"start":{"line":72,"column":11},"end":{"line":72,"column":18}},{"start":{"line":72,"column":22},"end":{"line":72,"column":27}},{"start":{"line":73,"column":12},"end":{"line":75,"column":19}}],"line":72}},"s":{"0":0,"1":0,"2":0,"3":0,"4":0,"5":0,"6":0,"7":0,"8":0,"9":0,"10":0,"11":0,"12":0,"13":0,"14":0},"f":{"0":0,"1":0,"2":0,"3":0,"4":0},"b":{"0":[0,0],"1":[0,0],"2":[0,0,0]}}
,"C:\\Users\\ivans\\Desktop\\Dev\\CasinoTrainingApp\\src\\components\\LoadingSpinner.tsx": {"path":"C:\\Users\\ivans\\Desktop\\Dev\\CasinoTrainingApp\\src\\components\\LoadingSpinner.tsx","statementMap":{"0":{"start":{"line":11,"column":54},"end":{"line":22,"column":1}},"1":{"start":{"line":16,"column":2},"end":{"line":21,"column":4}},"2":{"start":{"line":24,"column":15},"end":{"line":38,"column":2}}},"fnMap":{"0":{"name":"(anonymous_0)","decl":{"start":{"line":11,"column":54},"end":{"line":11,"column":55}},"loc":{"start":{"line":15,"column":6},"end":{"line":22,"column":1}},"line":15}},"branchMap":{"0":{"loc":{"start":{"line":12,"column":2},"end":{"line":12,"column":16}},"type":"default-arg","locations":[{"start":{"line":12,"column":9},"end":{"line":12,"column":16}}],"line":12},"1":{"loc":{"start":{"line":13,"column":2},"end":{"line":13,"column":26}},"type":"default-arg","locations":[{"start":{"line":13,"column":10},"end":{"line":13,"column":26}}],"line":13},"2":{"loc":{"start":{"line":19,"column":7},"end":{"line":19,"column":63}},"type":"binary-expr","locations":[{"start":{"line":19,"column":7},"end":{"line":19,"column":14}},{"start":{"line":19,"column":18},"end":{"line":19,"column":63}}],"line":19}},"s":{"0":0,"1":0,"2":0},"f":{"0":0},"b":{"0":[0],"1":[0],"2":[0,0]}}
,"C:\\Users\\ivans\\Desktop\\Dev\\CasinoTrainingApp\\src\\components\\Racetrack.tsx": {"path":"C:\\Users\\ivans\\Desktop\\Dev\\CasinoTrainingApp\\src\\components\\Racetrack.tsx","statementMap":{"0":{"start":{"line":13,"column":44},"end":{"line":108,"column":1}},"1":{"start":{"line":17,"column":25},"end":{"line":21,"column":3}},"2":{"start":{"line":18,"column":4},"end":{"line":18,"column":36}},"3":{"start":{"line":18,"column":19},"end":{"line":18,"column":36}},"4":{"start":{"line":19,"column":23},"end":{"line":19,"column":90}},"5":{"start":{"line":20,"column":4},"end":{"line":20,"column":73}},"6":{"start":{"line":23,"column":2},"end":{"line":107,"column":4}},"7":{"start":{"line":33,"column":32},"end":{"line":33,"column":64}},"8":{"start":{"line":34,"column":34},"end":{"line":34,"column":53}},"9":{"start":{"line":35,"column":28},"end":{"line":35,"column":149}},"10":{"start":{"line":37,"column":10},"end":{"line":52,"column":12}},"11":{"start":{"line":45,"column":29},"end":{"line":45,"column":47}},"12":{"start":{"line":110,"column":15},"end":{"line":168,"column":2}}},"fnMap":{"0":{"name":"(anonymous_0)","decl":{"start":{"line":13,"column":44},"end":{"line":13,"column":45}},"loc":{"start":{"line":16,"column":6},"end":{"line":108,"column":1}},"line":16},"1":{"name":"(anonymous_1)","decl":{"start":{"line":17,"column":25},"end":{"line":17,"column":26}},"loc":{"start":{"line":17,"column":58},"end":{"line":21,"column":3}},"line":17},"2":{"name":"(anonymous_2)","decl":{"start":{"line":32,"column":25},"end":{"line":32,"column":26}},"loc":{"start":{"line":32,"column":34},"end":{"line":53,"column":9}},"line":32},"3":{"name":"(anonymous_3)","decl":{"start":{"line":45,"column":23},"end":{"line":45,"column":24}},"loc":{"start":{"line":45,"column":29},"end":{"line":45,"column":47}},"line":45}},"branchMap":{"0":{"loc":{"start":{"line":15,"column":2},"end":{"line":15,"column":25}},"type":"default-arg","locations":[{"start":{"line":15,"column":23},"end":{"line":15,"column":25}}],"line":15},"1":{"loc":{"start":{"line":18,"column":4},"end":{"line":18,"column":36}},"type":"if","locations":[{"start":{"line":18,"column":4},"end":{"line":18,"column":36}},{"start":{},"end":{}}],"line":18},"2":{"loc":{"start":{"line":20,"column":11},"end":{"line":20,"column":72}},"type":"cond-expr","locations":[{"start":{"line":20,"column":38},"end":{"line":20,"column":47}},{"start":{"line":20,"column":50},"end":{"line":20,"column":72}}],"line":20},"3":{"loc":{"start":{"line":35,"column":28},"end":{"line":35,"column":149}},"type":"cond-expr","locations":[{"start":{"line":35,"column":40},"end":{"line":35,"column":47}},{"start":{"line":35,"column":50},"end":{"line":35,"column":149}}],"line":35},"4":{"loc":{"start":{"line":35,"column":50},"end":{"line":35,"column":149}},"type":"cond-expr","locations":[{"start":{"line":35,"column":134},"end":{"line":35,"column":139}},{"start":{"line":35,"column":142},"end":{"line":35,"column":149}}],"line":35},"5":{"loc":{"start":{"line":43,"column":16},"end":{"line":43,"column":55}},"type":"binary-expr","locations":[{"start":{"line":43,"column":16},"end":{"line":43,"column":29}},{"start":{"line":43,"column":33},"end":{"line":43,"column":55}}],"line":43},"6":{"loc":{"start":{"line":46,"column":64},"end":{"line":46,"column":100}},"type":"cond-expr","locations":[{"start":{"line":46,"column":80},"end":{"line":46,"column":95}},{"start":{"line":46,"column":98},"end":{"line":46,"column":100}}],"line":46}},"s":{"0":0,"1":0,"2":0,"3":0,"4":0,"5":0,"6":0,"7":0,"8":0,"9":0,"10":0,"11":0,"12":0},"f":{"0":0,"1":0,"2":0,"3":0},"b":{"0":[0],"1":[0,0],"2":[0,0],"3":[0,0],"4":[0,0],"5":[0,0],"6":[0,0]}}
,"C:\\Users\\ivans\\Desktop\\Dev\\CasinoTrainingApp\\src\\components\\SkeletonLoader.tsx": {"path":"C:\\Users\\ivans\\Desktop\\Dev\\CasinoTrainingApp\\src\\components\\SkeletonLoader.tsx","statementMap":{"0":{"start":{"line":11,"column":54},"end":{"line":67,"column":1}},"1":{"start":{"line":17,"column":23},"end":{"line":17,"column":60}},"2":{"start":{"line":19,"column":2},"end":{"line":37,"column":21}},"3":{"start":{"line":20,"column":29},"end":{"line":33,"column":5}},"4":{"start":{"line":34,"column":4},"end":{"line":34,"column":29}},"5":{"start":{"line":36,"column":4},"end":{"line":36,"column":41}},"6":{"start":{"line":36,"column":17},"end":{"line":36,"column":40}},"7":{"start":{"line":39,"column":27},"end":{"line":42,"column":4}},"8":{"start":{"line":44,"column":2},"end":{"line":66,"column":4}},"9":{"start":{"line":69,"column":15},"end":{"line":78,"column":2}}},"fnMap":{"0":{"name":"(anonymous_0)","decl":{"start":{"line":11,"column":54},"end":{"line":11,"column":55}},"loc":{"start":{"line":16,"column":6},"end":{"line":67,"column":1}},"line":16},"1":{"name":"(anonymous_1)","decl":{"start":{"line":19,"column":12},"end":{"line":19,"column":13}},"loc":{"start":{"line":19,"column":18},"end":{"line":37,"column":3}},"line":19},"2":{"name":"(anonymous_2)","decl":{"start":{"line":36,"column":11},"end":{"line":36,"column":12}},"loc":{"start":{"line":36,"column":17},"end":{"line":36,"column":40}},"line":36}},"branchMap":{"0":{"loc":{"start":{"line":14,"column":2},"end":{"line":14,"column":18}},"type":"default-arg","locations":[{"start":{"line":14,"column":17},"end":{"line":14,"column":18}}],"line":14}},"s":{"0":0,"1":0,"2":0,"3":0,"4":0,"5":0,"6":0,"7":0,"8":0,"9":0},"f":{"0":0,"1":0,"2":0},"b":{"0":[0]}}
,"C:\\Users\\ivans\\Desktop\\Dev\\CasinoTrainingApp\\src\\components\\withErrorBoundary.tsx": {"path":"C:\\Users\\ivans\\Desktop\\Dev\\CasinoTrainingApp\\src\\components\\withErrorBoundary.tsx","statementMap":{"0":{"start":{"line":20,"column":2},"end":{"line":79,"column":4}},"1":{"start":{"line":22,"column":6},"end":{"line":22,"column":19}},"2":{"start":{"line":23,"column":6},"end":{"line":26,"column":8}},"3":{"start":{"line":30,"column":6},"end":{"line":30,"column":39}},"4":{"start":{"line":34,"column":6},"end":{"line":37,"column":7}},"5":{"start":{"line":35,"column":8},"end":{"line":35,"column":57}},"6":{"start":{"line":36,"column":8},"end":{"line":36,"column":68}},"7":{"start":{"line":40,"column":18},"end":{"line":45,"column":5}},"8":{"start":{"line":41,"column":6},"end":{"line":44,"column":9}},"9":{"start":{"line":48,"column":34},"end":{"line":48,"column":44}},"10":{"start":{"line":50,"column":6},"end":{"line":75,"column":7}},"11":{"start":{"line":51,"column":8},"end":{"line":74,"column":10}},"12":{"start":{"line":77,"column":6},"end":{"line":77,"column":50}},"13":{"start":{"line":82,"column":15},"end":{"line":129,"column":2}}},"fnMap":{"0":{"name":"withErrorBoundary","decl":{"start":{"line":16,"column":9},"end":{"line":16,"column":26}},"loc":{"start":{"line":19,"column":26},"end":{"line":80,"column":1}},"line":19},"1":{"name":"(anonymous_1)","decl":{"start":{"line":21,"column":4},"end":{"line":21,"column":5}},"loc":{"start":{"line":21,"column":26},"end":{"line":27,"column":5}},"line":21},"2":{"name":"(anonymous_2)","decl":{"start":{"line":29,"column":4},"end":{"line":29,"column":5}},"loc":{"start":{"line":29,"column":83},"end":{"line":31,"column":5}},"line":29},"3":{"name":"(anonymous_3)","decl":{"start":{"line":33,"column":4},"end":{"line":33,"column":5}},"loc":{"start":{"line":33,"column":64},"end":{"line":38,"column":5}},"line":33},"4":{"name":"(anonymous_4)","decl":{"start":{"line":40,"column":18},"end":{"line":40,"column":19}},"loc":{"start":{"line":40,"column":30},"end":{"line":45,"column":5}},"line":40},"5":{"name":"(anonymous_5)","decl":{"start":{"line":47,"column":4},"end":{"line":47,"column":5}},"loc":{"start":{"line":47,"column":24},"end":{"line":78,"column":5}},"line":47}},"branchMap":{"0":{"loc":{"start":{"line":34,"column":6},"end":{"line":37,"column":7}},"type":"if","locations":[{"start":{"line":34,"column":6},"end":{"line":37,"column":7}},{"start":{},"end":{}}],"line":34},"1":{"loc":{"start":{"line":50,"column":6},"end":{"line":75,"column":7}},"type":"if","locations":[{"start":{"line":50,"column":6},"end":{"line":75,"column":7}},{"start":{},"end":{}}],"line":50},"2":{"loc":{"start":{"line":59,"column":13},"end":{"line":63,"column":13}},"type":"binary-expr","locations":[{"start":{"line":59,"column":13},"end":{"line":59,"column":20}},{"start":{"line":59,"column":24},"end":{"line":59,"column":29}},{"start":{"line":60,"column":14},"end":{"line":62,"column":21}}],"line":59}},"s":{"0":0,"1":0,"2":0,"3":0,"4":0,"5":0,"6":0,"7":0,"8":0,"9":0,"10":0,"11":0,"12":0,"13":0},"f":{"0":0,"1":0,"2":0,"3":0,"4":0,"5":0},"b":{"0":[0,0],"1":[0,0],"2":[0,0,0]}}
,"C:\\Users\\ivans\\Desktop\\Dev\\CasinoTrainingApp\\src\\components\\roulette\\RouletteChip.tsx": {"path":"C:\\Users\\ivans\\Desktop\\Dev\\CasinoTrainingApp\\src\\components\\roulette\\RouletteChip.tsx","statementMap":{"0":{"start":{"line":10,"column":33},"end":{"line":20,"column":1}},"1":{"start":{"line":22,"column":37},"end":{"line":25,"column":1}},"2":{"start":{"line":33,"column":50},"end":{"line":59,"column":1}},"3":{"start":{"line":35,"column":20},"end":{"line":41,"column":13}},"4":{"start":{"line":35,"column":46},"end":{"line":41,"column":3}},"5":{"start":{"line":43,"column":20},"end":{"line":46,"column":13}},"6":{"start":{"line":43,"column":46},"end":{"line":46,"column":3}},"7":{"start":{"line":48,"column":2},"end":{"line":48,"column":32}},"8":{"start":{"line":48,"column":20},"end":{"line":48,"column":32}},"9":{"start":{"line":50,"column":2},"end":{"line":58,"column":4}}},"fnMap":{"0":{"name":"(anonymous_0)","decl":{"start":{"line":33,"column":50},"end":{"line":33,"column":51}},"loc":{"start":{"line":33,"column":72},"end":{"line":59,"column":1}},"line":33},"1":{"name":"(anonymous_1)","decl":{"start":{"line":35,"column":39},"end":{"line":35,"column":40}},"loc":{"start":{"line":35,"column":46},"end":{"line":41,"column":3}},"line":35},"2":{"name":"(anonymous_2)","decl":{"start":{"line":43,"column":39},"end":{"line":43,"column":40}},"loc":{"start":{"line":43,"column":46},"end":{"line":46,"column":3}},"line":43}},"branchMap":{"0":{"loc":{"start":{"line":48,"column":2},"end":{"line":48,"column":32}},"type":"if","locations":[{"start":{"line":48,"column":2},"end":{"line":48,"column":32}},{"start":{},"end":{}}],"line":48}},"s":{"0":0,"1":0,"2":0,"3":0,"4":0,"5":0,"6":0,"7":0,"8":0,"9":0},"f":{"0":0,"1":0,"2":0},"b":{"0":[0,0]}}
,"C:\\Users\\ivans\\Desktop\\Dev\\CasinoTrainingApp\\src\\components\\roulette\\RouletteColumnBets.tsx": {"path":"C:\\Users\\ivans\\Desktop\\Dev\\CasinoTrainingApp\\src\\components\\roulette\\RouletteColumnBets.tsx","statementMap":{"0":{"start":{"line":14,"column":62},"end":{"line":61,"column":1}},"1":{"start":{"line":19,"column":17},"end":{"line":19,"column":46}},"2":{"start":{"line":20,"column":19},"end":{"line":20,"column":33}},"3":{"start":{"line":22,"column":2},"end":{"line":60,"column":4}},"4":{"start":{"line":27,"column":10},"end":{"line":29,"column":11}},"5":{"start":{"line":28,"column":12},"end":{"line":28,"column":59}},"6":{"start":{"line":39,"column":10},"end":{"line":41,"column":11}},"7":{"start":{"line":40,"column":12},"end":{"line":40,"column":59}},"8":{"start":{"line":51,"column":10},"end":{"line":53,"column":11}},"9":{"start":{"line":52,"column":12},"end":{"line":52,"column":59}}},"fnMap":{"0":{"name":"(anonymous_0)","decl":{"start":{"line":14,"column":62},"end":{"line":14,"column":63}},"loc":{"start":{"line":18,"column":6},"end":{"line":61,"column":1}},"line":18},"1":{"name":"(anonymous_1)","decl":{"start":{"line":26,"column":17},"end":{"line":26,"column":18}},"loc":{"start":{"line":26,"column":23},"end":{"line":30,"column":9}},"line":26},"2":{"name":"(anonymous_2)","decl":{"start":{"line":38,"column":17},"end":{"line":38,"column":18}},"loc":{"start":{"line":38,"column":23},"end":{"line":42,"column":9}},"line":38},"3":{"name":"(anonymous_3)","decl":{"start":{"line":50,"column":17},"end":{"line":50,"column":18}},"loc":{"start":{"line":50,"column":23},"end":{"line":54,"column":9}},"line":50}},"branchMap":{"0":{"loc":{"start":{"line":27,"column":10},"end":{"line":29,"column":11}},"type":"if","locations":[{"start":{"line":27,"column":10},"end":{"line":29,"column":11}},{"start":{},"end":{}}],"line":27},"1":{"loc":{"start":{"line":39,"column":10},"end":{"line":41,"column":11}},"type":"if","locations":[{"start":{"line":39,"column":10},"end":{"line":41,"column":11}},{"start":{},"end":{}}],"line":39},"2":{"loc":{"start":{"line":51,"column":10},"end":{"line":53,"column":11}},"type":"if","locations":[{"start":{"line":51,"column":10},"end":{"line":53,"column":11}},{"start":{},"end":{}}],"line":51}},"s":{"0":0,"1":0,"2":0,"3":0,"4":0,"5":0,"6":0,"7":0,"8":0,"9":0},"f":{"0":0,"1":0,"2":0,"3":0},"b":{"0":[0,0],"1":[0,0],"2":[0,0]}}
,"C:\\Users\\ivans\\Desktop\\Dev\\CasinoTrainingApp\\src\\components\\roulette\\RouletteLayout.tsx": {"path":"C:\\Users\\ivans\\Desktop\\Dev\\CasinoTrainingApp\\src\\components\\roulette\\RouletteLayout.tsx","statementMap":{"0":{"start":{"line":23,"column":54},"end":{"line":154,"column":1}},"1":{"start":{"line":33,"column":20},"end":{"line":33,"column":44}},"2":{"start":{"line":34,"column":26},"end":{"line":34,"column":44}},"3":{"start":{"line":35,"column":22},"end":{"line":35,"column":49}},"4":{"start":{"line":37,"column":27},"end":{"line":37,"column":54}},"5":{"start":{"line":38,"column":17},"end":{"line":38,"column":47}},"6":{"start":{"line":39,"column":21},"end":{"line":39,"column":53}},"7":{"start":{"line":40,"column":19},"end":{"line":40,"column":36}},"8":{"start":{"line":43,"column":45},"end":{"line":43,"column":47}},"9":{"start":{"line":46,"column":2},"end":{"line":54,"column":4}},"10":{"start":{"line":50,"column":21},"end":{"line":50,"column":60}},"11":{"start":{"line":57,"column":2},"end":{"line":65,"column":4}},"12":{"start":{"line":61,"column":21},"end":{"line":61,"column":60}},"13":{"start":{"line":68,"column":2},"end":{"line":76,"column":4}},"14":{"start":{"line":72,"column":21},"end":{"line":72,"column":60}},"15":{"start":{"line":79,"column":2},"end":{"line":87,"column":4}},"16":{"start":{"line":83,"column":21},"end":{"line":83,"column":67}},"17":{"start":{"line":90,"column":2},"end":{"line":98,"column":4}},"18":{"start":{"line":94,"column":21},"end":{"line":94,"column":64}},"19":{"start":{"line":101,"column":2},"end":{"line":109,"column":4}},"20":{"start":{"line":105,"column":21},"end":{"line":105,"column":64}},"21":{"start":{"line":111,"column":2},"end":{"line":153,"column":4}}},"fnMap":{"0":{"name":"(anonymous_0)","decl":{"start":{"line":23,"column":54},"end":{"line":23,"column":55}},"loc":{"start":{"line":32,"column":6},"end":{"line":154,"column":1}},"line":32},"1":{"name":"(anonymous_1)","decl":{"start":{"line":50,"column":15},"end":{"line":50,"column":16}},"loc":{"start":{"line":50,"column":21},"end":{"line":50,"column":60}},"line":50},"2":{"name":"(anonymous_2)","decl":{"start":{"line":61,"column":15},"end":{"line":61,"column":16}},"loc":{"start":{"line":61,"column":21},"end":{"line":61,"column":60}},"line":61},"3":{"name":"(anonymous_3)","decl":{"start":{"line":72,"column":15},"end":{"line":72,"column":16}},"loc":{"start":{"line":72,"column":21},"end":{"line":72,"column":60}},"line":72},"4":{"name":"(anonymous_4)","decl":{"start":{"line":83,"column":15},"end":{"line":83,"column":16}},"loc":{"start":{"line":83,"column":21},"end":{"line":83,"column":67}},"line":83},"5":{"name":"(anonymous_5)","decl":{"start":{"line":94,"column":15},"end":{"line":94,"column":16}},"loc":{"start":{"line":94,"column":21},"end":{"line":94,"column":64}},"line":94},"6":{"name":"(anonymous_6)","decl":{"start":{"line":105,"column":15},"end":{"line":105,"column":16}},"loc":{"start":{"line":105,"column":21},"end":{"line":105,"column":64}},"line":105}},"branchMap":{"0":{"loc":{"start":{"line":26,"column":2},"end":{"line":26,"column":17}},"type":"default-arg","locations":[{"start":{"line":26,"column":15},"end":{"line":26,"column":17}}],"line":26},"1":{"loc":{"start":{"line":27,"column":21},"end":{"line":27,"column":43}},"type":"default-arg","locations":[{"start":{"line":27,"column":42},"end":{"line":27,"column":43}}],"line":27},"2":{"loc":{"start":{"line":29,"column":2},"end":{"line":29,"column":24}},"type":"default-arg","locations":[{"start":{"line":29,"column":20},"end":{"line":29,"column":24}}],"line":29},"3":{"loc":{"start":{"line":30,"column":2},"end":{"line":30,"column":23}},"type":"default-arg","locations":[{"start":{"line":30,"column":19},"end":{"line":30,"column":23}}],"line":30},"4":{"loc":{"start":{"line":35,"column":22},"end":{"line":35,"column":49}},"type":"binary-expr","locations":[{"start":{"line":35,"column":22},"end":{"line":35,"column":30}},{"start":{"line":35,"column":34},"end":{"line":35,"column":49}}],"line":35},"5":{"loc":{"start":{"line":114,"column":7},"end":{"line":120,"column":7}},"type":"binary-expr","locations":[{"start":{"line":114,"column":7},"end":{"line":114,"column":22}},{"start":{"line":115,"column":8},"end":{"line":119,"column":10}}],"line":114},"6":{"loc":{"start":{"line":139,"column":9},"end":{"line":145,"column":9}},"type":"binary-expr","locations":[{"start":{"line":139,"column":9},"end":{"line":139,"column":23}},{"start":{"line":140,"column":10},"end":{"line":144,"column":12}}],"line":139}},"s":{"0":0,"1":0,"2":0,"3":0,"4":0,"5":0,"6":0,"7":0,"8":0,"9":0,"10":0,"11":0,"12":0,"13":0,"14":0,"15":0,"16":0,"17":0,"18":0,"19":0,"20":0,"21":0},"f":{"0":0,"1":0,"2":0,"3":0,"4":0,"5":0,"6":0},"b":{"0":[0],"1":[0],"2":[0],"3":[0],"4":[0,0],"5":[0,0],"6":[0,0]}}
,"C:\\Users\\ivans\\Desktop\\Dev\\CasinoTrainingApp\\src\\components\\roulette\\RouletteNumberCell.tsx": {"path":"C:\\Users\\ivans\\Desktop\\Dev\\CasinoTrainingApp\\src\\components\\roulette\\RouletteNumberCell.tsx","statementMap":{"0":{"start":{"line":20,"column":62},"end":{"line":67,"column":2}},"1":{"start":{"line":27,"column":16},"end":{"line":27,"column":38}},"2":{"start":{"line":28,"column":17},"end":{"line":28,"column":44}},"3":{"start":{"line":29,"column":19},"end":{"line":29,"column":33}},"4":{"start":{"line":32,"column":22},"end":{"line":35,"column":45}},"5":{"start":{"line":33,"column":4},"end":{"line":33,"column":26}},"6":{"start":{"line":34,"column":4},"end":{"line":34,"column":49}},"7":{"start":{"line":38,"column":20},"end":{"line":41,"column":50}},"8":{"start":{"line":38,"column":34},"end":{"line":41,"column":3}},"9":{"start":{"line":43,"column":20},"end":{"line":47,"column":66}},"10":{"start":{"line":43,"column":34},"end":{"line":47,"column":3}},"11":{"start":{"line":49,"column":29},"end":{"line":53,"column":32}},"12":{"start":{"line":50,"column":22},"end":{"line":50,"column":85}},"13":{"start":{"line":51,"column":20},"end":{"line":51,"column":69}},"14":{"start":{"line":52,"column":4},"end":{"line":52,"column":54}},"15":{"start":{"line":55,"column":2},"end":{"line":66,"column":4}},"16":{"start":{"line":69,"column":0},"end":{"line":69,"column":54}}},"fnMap":{"0":{"name":"(anonymous_0)","decl":{"start":{"line":20,"column":73},"end":{"line":20,"column":74}},"loc":{"start":{"line":26,"column":6},"end":{"line":67,"column":1}},"line":26},"1":{"name":"(anonymous_1)","decl":{"start":{"line":32,"column":34},"end":{"line":32,"column":35}},"loc":{"start":{"line":32,"column":40},"end":{"line":35,"column":3}},"line":32},"2":{"name":"(anonymous_2)","decl":{"start":{"line":38,"column":28},"end":{"line":38,"column":29}},"loc":{"start":{"line":38,"column":34},"end":{"line":41,"column":3}},"line":38},"3":{"name":"(anonymous_3)","decl":{"start":{"line":43,"column":28},"end":{"line":43,"column":29}},"loc":{"start":{"line":43,"column":34},"end":{"line":47,"column":3}},"line":43},"4":{"name":"(anonymous_4)","decl":{"start":{"line":49,"column":37},"end":{"line":49,"column":38}},"loc":{"start":{"line":49,"column":43},"end":{"line":53,"column":3}},"line":49}},"branchMap":{"0":{"loc":{"start":{"line":40,"column":4},"end":{"line":40,"column":41}},"type":"binary-expr","locations":[{"start":{"line":40,"column":4},"end":{"line":40,"column":21}},{"start":{"line":40,"column":25},"end":{"line":40,"column":41}}],"line":40},"1":{"loc":{"start":{"line":45,"column":4},"end":{"line":45,"column":37}},"type":"binary-expr","locations":[{"start":{"line":45,"column":4},"end":{"line":45,"column":19}},{"start":{"line":45,"column":23},"end":{"line":45,"column":37}}],"line":45},"2":{"loc":{"start":{"line":46,"column":4},"end":{"line":46,"column":41}},"type":"binary-expr","locations":[{"start":{"line":46,"column":4},"end":{"line":46,"column":21}},{"start":{"line":46,"column":25},"end":{"line":46,"column":41}}],"line":46},"3":{"loc":{"start":{"line":50,"column":22},"end":{"line":50,"column":85}},"type":"cond-expr","locations":[{"start":{"line":50,"column":40},"end":{"line":50,"column":45}},{"start":{"line":50,"column":48},"end":{"line":50,"column":85}}],"line":50},"4":{"loc":{"start":{"line":50,"column":48},"end":{"line":50,"column":85}},"type":"cond-expr","locations":[{"start":{"line":50,"column":68},"end":{"line":50,"column":75}},{"start":{"line":50,"column":78},"end":{"line":50,"column":85}}],"line":50},"5":{"loc":{"start":{"line":51,"column":20},"end":{"line":51,"column":69}},"type":"cond-expr","locations":[{"start":{"line":51,"column":36},"end":{"line":51,"column":64}},{"start":{"line":51,"column":67},"end":{"line":51,"column":69}}],"line":51}},"s":{"0":1,"1":22,"2":22,"3":22,"4":22,"5":3,"6":3,"7":22,"8":22,"9":22,"10":22,"11":22,"12":22,"13":22,"14":22,"15":22,"16":1},"f":{"0":22,"1":3,"2":22,"3":22,"4":22},"b":{"0":[22,2],"1":[22,17],"2":[22,2],"3":[17,5],"4":[3,2],"5":[4,18]},"_coverageSchema":"1a1c01bbd47fc00a2c39e90264f33305004495a9","hash":"989407d6fbe54d029f21c106ce1d34f5e56bf884"}
,"C:\\Users\\ivans\\Desktop\\Dev\\CasinoTrainingApp\\src\\components\\roulette\\RouletteNumberGrid.tsx": {"path":"C:\\Users\\ivans\\Desktop\\Dev\\CasinoTrainingApp\\src\\components\\roulette\\RouletteNumberGrid.tsx","statementMap":{"0":{"start":{"line":17,"column":62},"end":{"line":157,"column":1}},"1":{"start":{"line":24,"column":17},"end":{"line":24,"column":44}},"2":{"start":{"line":25,"column":19},"end":{"line":25,"column":33}},"3":{"start":{"line":28,"column":41},"end":{"line":28,"column":43}},"4":{"start":{"line":30,"column":2},"end":{"line":129,"column":5}},"5":{"start":{"line":31,"column":4},"end":{"line":128,"column":7}},"6":{"start":{"line":33,"column":6},"end":{"line":71,"column":7}},"7":{"start":{"line":34,"column":30},"end":{"line":38,"column":29}},"8":{"start":{"line":40,"column":8},"end":{"line":48,"column":10}},"9":{"start":{"line":44,"column":27},"end":{"line":44,"column":74}},"10":{"start":{"line":51,"column":8},"end":{"line":70,"column":9}},"11":{"start":{"line":52,"column":33},"end":{"line":59,"column":31}},"12":{"start":{"line":61,"column":10},"end":{"line":69,"column":12}},"13":{"start":{"line":65,"column":29},"end":{"line":65,"column":75}},"14":{"start":{"line":74,"column":6},"end":{"line":87,"column":7}},"15":{"start":{"line":75,"column":8},"end":{"line":86,"column":10}},"16":{"start":{"line":82,"column":27},"end":{"line":82,"column":84}},"17":{"start":{"line":90,"column":6},"end":{"line":104,"column":7}},"18":{"start":{"line":91,"column":26},"end":{"line":91,"column":61}},"19":{"start":{"line":92,"column":8},"end":{"line":103,"column":10}},"20":{"start":{"line":99,"column":27},"end":{"line":99,"column":76}},"21":{"start":{"line":107,"column":6},"end":{"line":127,"column":7}},"22":{"start":{"line":108,"column":25},"end":{"line":108,"column":42}},"23":{"start":{"line":109,"column":26},"end":{"line":109,"column":61}},"24":{"start":{"line":110,"column":31},"end":{"line":110,"column":70}},"25":{"start":{"line":112,"column":8},"end":{"line":126,"column":10}},"26":{"start":{"line":119,"column":27},"end":{"line":119,"column":103}},"27":{"start":{"line":131,"column":2},"end":{"line":156,"column":4}},"28":{"start":{"line":136,"column":10},"end":{"line":147,"column":17}},"29":{"start":{"line":138,"column":14},"end":{"line":145,"column":16}}},"fnMap":{"0":{"name":"(anonymous_0)","decl":{"start":{"line":17,"column":62},"end":{"line":17,"column":63}},"loc":{"start":{"line":23,"column":6},"end":{"line":157,"column":1}},"line":23},"1":{"name":"(anonymous_1)","decl":{"start":{"line":30,"column":22},"end":{"line":30,"column":23}},"loc":{"start":{"line":30,"column":41},"end":{"line":129,"column":3}},"line":30},"2":{"name":"(anonymous_2)","decl":{"start":{"line":31,"column":37},"end":{"line":31,"column":38}},"loc":{"start":{"line":31,"column":56},"end":{"line":128,"column":5}},"line":31},"3":{"name":"(anonymous_3)","decl":{"start":{"line":44,"column":21},"end":{"line":44,"column":22}},"loc":{"start":{"line":44,"column":27},"end":{"line":44,"column":74}},"line":44},"4":{"name":"(anonymous_4)","decl":{"start":{"line":65,"column":23},"end":{"line":65,"column":24}},"loc":{"start":{"line":65,"column":29},"end":{"line":65,"column":75}},"line":65},"5":{"name":"(anonymous_5)","decl":{"start":{"line":82,"column":21},"end":{"line":82,"column":22}},"loc":{"start":{"line":82,"column":27},"end":{"line":82,"column":84}},"line":82},"6":{"name":"(anonymous_6)","decl":{"start":{"line":99,"column":21},"end":{"line":99,"column":22}},"loc":{"start":{"line":99,"column":27},"end":{"line":99,"column":76}},"line":99},"7":{"name":"(anonymous_7)","decl":{"start":{"line":119,"column":21},"end":{"line":119,"column":22}},"loc":{"start":{"line":119,"column":27},"end":{"line":119,"column":103}},"line":119},"8":{"name":"(anonymous_8)","decl":{"start":{"line":135,"column":25},"end":{"line":135,"column":26}},"loc":{"start":{"line":136,"column":10},"end":{"line":147,"column":17}},"line":136},"9":{"name":"(anonymous_9)","decl":{"start":{"line":137,"column":42},"end":{"line":137,"column":43}},"loc":{"start":{"line":138,"column":14},"end":{"line":145,"column":16}},"line":138}},"branchMap":{"0":{"loc":{"start":{"line":33,"column":6},"end":{"line":71,"column":7}},"type":"if","locations":[{"start":{"line":33,"column":6},"end":{"line":71,"column":7}},{"start":{},"end":{}}],"line":33},"1":{"loc":{"start":{"line":51,"column":8},"end":{"line":70,"column":9}},"type":"if","locations":[{"start":{"line":51,"column":8},"end":{"line":70,"column":9}},{"start":{},"end":{}}],"line":51},"2":{"loc":{"start":{"line":74,"column":6},"end":{"line":87,"column":7}},"type":"if","locations":[{"start":{"line":74,"column":6},"end":{"line":87,"column":7}},{"start":{},"end":{}}],"line":74},"3":{"loc":{"start":{"line":90,"column":6},"end":{"line":104,"column":7}},"type":"if","locations":[{"start":{"line":90,"column":6},"end":{"line":104,"column":7}},{"start":{},"end":{}}],"line":90},"4":{"loc":{"start":{"line":107,"column":6},"end":{"line":127,"column":7}},"type":"if","locations":[{"start":{"line":107,"column":6},"end":{"line":127,"column":7}},{"start":{},"end":{}}],"line":107},"5":{"loc":{"start":{"line":107,"column":10},"end":{"line":107,"column":72}},"type":"binary-expr","locations":[{"start":{"line":107,"column":10},"end":{"line":107,"column":43}},{"start":{"line":107,"column":47},"end":{"line":107,"column":72}}],"line":107}},"s":{"0":0,"1":0,"2":0,"3":0,"4":0,"5":0,"6":0,"7":0,"8":0,"9":0,"10":0,"11":0,"12":0,"13":0,"14":0,"15":0,"16":0,"17":0,"18":0,"19":0,"20":0,"21":0,"22":0,"23":0,"24":0,"25":0,"26":0,"27":0,"28":0,"29":0},"f":{"0":0,"1":0,"2":0,"3":0,"4":0,"5":0,"6":0,"7":0,"8":0,"9":0},"b":{"0":[0,0],"1":[0,0],"2":[0,0],"3":[0,0],"4":[0,0],"5":[0,0]}}
,"C:\\Users\\ivans\\Desktop\\Dev\\CasinoTrainingApp\\src\\components\\roulette\\RouletteOutsideBets.tsx": {"path":"C:\\Users\\ivans\\Desktop\\Dev\\CasinoTrainingApp\\src\\components\\roulette\\RouletteOutsideBets.tsx","statementMap":{"0":{"start":{"line":13,"column":64},"end":{"line":161,"column":1}},"1":{"start":{"line":18,"column":17},"end":{"line":18,"column":86}},"2":{"start":{"line":19,"column":19},"end":{"line":19,"column":33}},"3":{"start":{"line":21,"column":21},"end":{"line":21,"column":82}},"4":{"start":{"line":21,"column":56},"end":{"line":21,"column":81}},"5":{"start":{"line":22,"column":22},"end":{"line":22,"column":89}},"6":{"start":{"line":22,"column":57},"end":{"line":22,"column":88}},"7":{"start":{"line":23,"column":39},"end":{"line":23,"column":106}},"8":{"start":{"line":24,"column":41},"end":{"line":24,"column":109}},"9":{"start":{"line":25,"column":21},"end":{"line":25,"column":88}},"10":{"start":{"line":25,"column":56},"end":{"line":25,"column":87}},"11":{"start":{"line":26,"column":22},"end":{"line":26,"column":84}},"12":{"start":{"line":26,"column":57},"end":{"line":26,"column":83}},"13":{"start":{"line":28,"column":21},"end":{"line":28,"column":82}},"14":{"start":{"line":28,"column":56},"end":{"line":28,"column":81}},"15":{"start":{"line":29,"column":22},"end":{"line":29,"column":84}},"16":{"start":{"line":29,"column":57},"end":{"line":29,"column":83}},"17":{"start":{"line":30,"column":21},"end":{"line":30,"column":83}},"18":{"start":{"line":30,"column":56},"end":{"line":30,"column":82}},"19":{"start":{"line":32,"column":2},"end":{"line":160,"column":4}},"20":{"start":{"line":42,"column":14},"end":{"line":44,"column":15}},"21":{"start":{"line":43,"column":16},"end":{"line":43,"column":61}},"22":{"start":{"line":54,"column":14},"end":{"line":56,"column":15}},"23":{"start":{"line":55,"column":16},"end":{"line":55,"column":62}},"24":{"start":{"line":66,"column":14},"end":{"line":68,"column":15}},"25":{"start":{"line":67,"column":16},"end":{"line":67,"column":62}},"26":{"start":{"line":78,"column":14},"end":{"line":80,"column":15}},"27":{"start":{"line":79,"column":16},"end":{"line":79,"column":64}},"28":{"start":{"line":90,"column":14},"end":{"line":92,"column":15}},"29":{"start":{"line":91,"column":16},"end":{"line":91,"column":61}},"30":{"start":{"line":102,"column":14},"end":{"line":104,"column":15}},"31":{"start":{"line":103,"column":16},"end":{"line":103,"column":62}},"32":{"start":{"line":123,"column":14},"end":{"line":125,"column":15}},"33":{"start":{"line":124,"column":16},"end":{"line":124,"column":58}},"34":{"start":{"line":135,"column":14},"end":{"line":137,"column":15}},"35":{"start":{"line":136,"column":16},"end":{"line":136,"column":59}},"36":{"start":{"line":147,"column":14},"end":{"line":149,"column":15}},"37":{"start":{"line":148,"column":16},"end":{"line":148,"column":58}}},"fnMap":{"0":{"name":"(anonymous_0)","decl":{"start":{"line":13,"column":64},"end":{"line":13,"column":65}},"loc":{"start":{"line":17,"column":6},"end":{"line":161,"column":1}},"line":17},"1":{"name":"(anonymous_1)","decl":{"start":{"line":21,"column":46},"end":{"line":21,"column":47}},"loc":{"start":{"line":21,"column":56},"end":{"line":21,"column":81}},"line":21},"2":{"name":"(anonymous_2)","decl":{"start":{"line":22,"column":47},"end":{"line":22,"column":48}},"loc":{"start":{"line":22,"column":57},"end":{"line":22,"column":88}},"line":22},"3":{"name":"(anonymous_3)","decl":{"start":{"line":25,"column":46},"end":{"line":25,"column":47}},"loc":{"start":{"line":25,"column":56},"end":{"line":25,"column":87}},"line":25},"4":{"name":"(anonymous_4)","decl":{"start":{"line":26,"column":47},"end":{"line":26,"column":48}},"loc":{"start":{"line":26,"column":57},"end":{"line":26,"column":83}},"line":26},"5":{"name":"(anonymous_5)","decl":{"start":{"line":28,"column":46},"end":{"line":28,"column":47}},"loc":{"start":{"line":28,"column":56},"end":{"line":28,"column":81}},"line":28},"6":{"name":"(anonymous_6)","decl":{"start":{"line":29,"column":47},"end":{"line":29,"column":48}},"loc":{"start":{"line":29,"column":57},"end":{"line":29,"column":83}},"line":29},"7":{"name":"(anonymous_7)","decl":{"start":{"line":30,"column":46},"end":{"line":30,"column":47}},"loc":{"start":{"line":30,"column":56},"end":{"line":30,"column":82}},"line":30},"8":{"name":"(anonymous_8)","decl":{"start":{"line":41,"column":21},"end":{"line":41,"column":22}},"loc":{"start":{"line":41,"column":27},"end":{"line":45,"column":13}},"line":41},"9":{"name":"(anonymous_9)","decl":{"start":{"line":53,"column":21},"end":{"line":53,"column":22}},"loc":{"start":{"line":53,"column":27},"end":{"line":57,"column":13}},"line":53},"10":{"name":"(anonymous_10)","decl":{"start":{"line":65,"column":21},"end":{"line":65,"column":22}},"loc":{"start":{"line":65,"column":27},"end":{"line":69,"column":13}},"line":65},"11":{"name":"(anonymous_11)","decl":{"start":{"line":77,"column":21},"end":{"line":77,"column":22}},"loc":{"start":{"line":77,"column":27},"end":{"line":81,"column":13}},"line":77},"12":{"name":"(anonymous_12)","decl":{"start":{"line":89,"column":21},"end":{"line":89,"column":22}},"loc":{"start":{"line":89,"column":27},"end":{"line":93,"column":13}},"line":89},"13":{"name":"(anonymous_13)","decl":{"start":{"line":101,"column":21},"end":{"line":101,"column":22}},"loc":{"start":{"line":101,"column":27},"end":{"line":105,"column":13}},"line":101},"14":{"name":"(anonymous_14)","decl":{"start":{"line":122,"column":21},"end":{"line":122,"column":22}},"loc":{"start":{"line":122,"column":27},"end":{"line":126,"column":13}},"line":122},"15":{"name":"(anonymous_15)","decl":{"start":{"line":134,"column":21},"end":{"line":134,"column":22}},"loc":{"start":{"line":134,"column":27},"end":{"line":138,"column":13}},"line":134},"16":{"name":"(anonymous_16)","decl":{"start":{"line":146,"column":21},"end":{"line":146,"column":22}},"loc":{"start":{"line":146,"column":27},"end":{"line":150,"column":13}},"line":146}},"branchMap":{"0":{"loc":{"start":{"line":42,"column":14},"end":{"line":44,"column":15}},"type":"if","locations":[{"start":{"line":42,"column":14},"end":{"line":44,"column":15}},{"start":{},"end":{}}],"line":42},"1":{"loc":{"start":{"line":54,"column":14},"end":{"line":56,"column":15}},"type":"if","locations":[{"start":{"line":54,"column":14},"end":{"line":56,"column":15}},{"start":{},"end":{}}],"line":54},"2":{"loc":{"start":{"line":66,"column":14},"end":{"line":68,"column":15}},"type":"if","locations":[{"start":{"line":66,"column":14},"end":{"line":68,"column":15}},{"start":{},"end":{}}],"line":66},"3":{"loc":{"start":{"line":78,"column":14},"end":{"line":80,"column":15}},"type":"if","locations":[{"start":{"line":78,"column":14},"end":{"line":80,"column":15}},{"start":{},"end":{}}],"line":78},"4":{"loc":{"start":{"line":90,"column":14},"end":{"line":92,"column":15}},"type":"if","locations":[{"start":{"line":90,"column":14},"end":{"line":92,"column":15}},{"start":{},"end":{}}],"line":90},"5":{"loc":{"start":{"line":102,"column":14},"end":{"line":104,"column":15}},"type":"if","locations":[{"start":{"line":102,"column":14},"end":{"line":104,"column":15}},{"start":{},"end":{}}],"line":102},"6":{"loc":{"start":{"line":123,"column":14},"end":{"line":125,"column":15}},"type":"if","locations":[{"start":{"line":123,"column":14},"end":{"line":125,"column":15}},{"start":{},"end":{}}],"line":123},"7":{"loc":{"start":{"line":135,"column":14},"end":{"line":137,"column":15}},"type":"if","locations":[{"start":{"line":135,"column":14},"end":{"line":137,"column":15}},{"start":{},"end":{}}],"line":135},"8":{"loc":{"start":{"line":147,"column":14},"end":{"line":149,"column":15}},"type":"if","locations":[{"start":{"line":147,"column":14},"end":{"line":149,"column":15}},{"start":{},"end":{}}],"line":147}},"s":{"0":0,"1":0,"2":0,"3":0,"4":0,"5":0,"6":0,"7":0,"8":0,"9":0,"10":0,"11":0,"12":0,"13":0,"14":0,"15":0,"16":0,"17":0,"18":0,"19":0,"20":0,"21":0,"22":0,"23":0,"24":0,"25":0,"26":0,"27":0,"28":0,"29":0,"30":0,"31":0,"32":0,"33":0,"34":0,"35":0,"36":0,"37":0},"f":{"0":0,"1":0,"2":0,"3":0,"4":0,"5":0,"6":0,"7":0,"8":0,"9":0,"10":0,"11":0,"12":0,"13":0,"14":0,"15":0,"16":0},"b":{"0":[0,0],"1":[0,0],"2":[0,0],"3":[0,0],"4":[0,0],"5":[0,0],"6":[0,0],"7":[0,0],"8":[0,0]}}
,"C:\\Users\\ivans\\Desktop\\Dev\\CasinoTrainingApp\\src\\components\\roulette\\RouletteZeroColumn.tsx": {"path":"C:\\Users\\ivans\\Desktop\\Dev\\CasinoTrainingApp\\src\\components\\roulette\\RouletteZeroColumn.tsx","statementMap":{"0":{"start":{"line":14,"column":62},"end":{"line":40,"column":1}},"1":{"start":{"line":20,"column":17},"end":{"line":20,"column":85}},"2":{"start":{"line":21,"column":19},"end":{"line":21,"column":33}},"3":{"start":{"line":23,"column":2},"end":{"line":39,"column":4}},"4":{"start":{"line":29,"column":10},"end":{"line":29,"column":27}},"5":{"start":{"line":30,"column":10},"end":{"line":32,"column":11}},"6":{"start":{"line":31,"column":12},"end":{"line":31,"column":50}}},"fnMap":{"0":{"name":"(anonymous_0)","decl":{"start":{"line":14,"column":62},"end":{"line":14,"column":63}},"loc":{"start":{"line":19,"column":6},"end":{"line":40,"column":1}},"line":19},"1":{"name":"(anonymous_1)","decl":{"start":{"line":28,"column":17},"end":{"line":28,"column":18}},"loc":{"start":{"line":28,"column":23},"end":{"line":33,"column":9}},"line":28}},"branchMap":{"0":{"loc":{"start":{"line":30,"column":10},"end":{"line":32,"column":11}},"type":"if","locations":[{"start":{"line":30,"column":10},"end":{"line":32,"column":11}},{"start":{},"end":{}}],"line":30}},"s":{"0":0,"1":0,"2":0,"3":0,"4":0,"5":0,"6":0},"f":{"0":0,"1":0},"b":{"0":[0,0]}}
,"C:\\Users\\ivans\\Desktop\\Dev\\CasinoTrainingApp\\src\\components\\roulette\\TrainingSelectionModal.tsx": {"path":"C:\\Users\\ivans\\Desktop\\Dev\\CasinoTrainingApp\\src\\components\\roulette\\TrainingSelectionModal.tsx","statementMap":{"0":{"start":{"line":20,"column":39},"end":{"line":29,"column":1}},"1":{"start":{"line":32,"column":43},"end":{"line":37,"column":3}},"2":{"start":{"line":32,"column":71},"end":{"line":37,"column":1}},"3":{"start":{"line":40,"column":27},"end":{"line":40,"column":58}},"4":{"start":{"line":48,"column":21},"end":{"line":48,"column":89}},"5":{"start":{"line":51,"column":58},"end":{"line":51,"column":93}},"6":{"start":{"line":52,"column":58},"end":{"line":52,"column":94}},"7":{"start":{"line":53,"column":36},"end":{"line":53,"column":57}},"8":{"start":{"line":54,"column":58},"end":{"line":54,"column":73}},"9":{"start":{"line":55,"column":66},"end":{"line":55,"column":81}},"10":{"start":{"line":56,"column":60},"end":{"line":56,"column":75}},"11":{"start":{"line":59,"column":24},"end":{"line":76,"column":8}},"12":{"start":{"line":60,"column":4},"end":{"line":75,"column":5}},"13":{"start":{"line":66,"column":8},"end":{"line":66,"column":29}},"14":{"start":{"line":68,"column":8},"end":{"line":68,"column":34}},"15":{"start":{"line":70,"column":8},"end":{"line":70,"column":40}},"16":{"start":{"line":72,"column":8},"end":{"line":72,"column":41}},"17":{"start":{"line":74,"column":8},"end":{"line":74,"column":29}},"18":{"start":{"line":79,"column":26},"end":{"line":88,"column":8}},"19":{"start":{"line":80,"column":50},"end":{"line":86,"column":5}},"20":{"start":{"line":87,"column":4},"end":{"line":87,"column":33}},"21":{"start":{"line":91,"column":22},"end":{"line":99,"column":15}},"22":{"start":{"line":92,"column":4},"end":{"line":92,"column":34}},"23":{"start":{"line":93,"column":4},"end":{"line":93,"column":34}},"24":{"start":{"line":94,"column":4},"end":{"line":94,"column":22}},"25":{"start":{"line":95,"column":4},"end":{"line":95,"column":35}},"26":{"start":{"line":96,"column":4},"end":{"line":96,"column":39}},"27":{"start":{"line":97,"column":4},"end":{"line":97,"column":36}},"28":{"start":{"line":98,"column":4},"end":{"line":98,"column":14}},"29":{"start":{"line":102,"column":35},"end":{"line":107,"column":8}},"30":{"start":{"line":103,"column":4},"end":{"line":103,"column":49}},"31":{"start":{"line":104,"column":4},"end":{"line":104,"column":35}},"32":{"start":{"line":106,"column":4},"end":{"line":106,"column":34}},"33":{"start":{"line":110,"column":35},"end":{"line":113,"column":8}},"34":{"start":{"line":111,"column":4},"end":{"line":111,"column":50}},"35":{"start":{"line":112,"column":4},"end":{"line":112,"column":39}},"36":{"start":{"line":116,"column":32},"end":{"line":119,"column":8}},"37":{"start":{"line":117,"column":4},"end":{"line":117,"column":24}},"38":{"start":{"line":118,"column":4},"end":{"line":118,"column":36}},"39":{"start":{"line":122,"column":33},"end":{"line":126,"column":8}},"40":{"start":{"line":123,"column":4},"end":{"line":123,"column":43}},"41":{"start":{"line":123,"column":36},"end":{"line":123,"column":41}},"42":{"start":{"line":124,"column":4},"end":{"line":124,"column":39}},"43":{"start":{"line":125,"column":4},"end":{"line":125,"column":36}},"44":{"start":{"line":128,"column":37},"end":{"line":132,"column":8}},"45":{"start":{"line":129,"column":4},"end":{"line":129,"column":47}},"46":{"start":{"line":129,"column":40},"end":{"line":129,"column":45}},"47":{"start":{"line":130,"column":4},"end":{"line":130,"column":35}},"48":{"start":{"line":131,"column":4},"end":{"line":131,"column":36}},"49":{"start":{"line":134,"column":34},"end":{"line":138,"column":8}},"50":{"start":{"line":135,"column":4},"end":{"line":135,"column":44}},"51":{"start":{"line":135,"column":37},"end":{"line":135,"column":42}},"52":{"start":{"line":136,"column":4},"end":{"line":136,"column":35}},"53":{"start":{"line":137,"column":4},"end":{"line":137,"column":39}},"54":{"start":{"line":141,"column":30},"end":{"line":172,"column":118}},"55":{"start":{"line":142,"column":4},"end":{"line":142,"column":38}},"56":{"start":{"line":142,"column":31},"end":{"line":142,"column":38}},"57":{"start":{"line":144,"column":23},"end":{"line":144,"column":58}},"58":{"start":{"line":145,"column":25},"end":{"line":145,"column":62}},"59":{"start":{"line":146,"column":18},"end":{"line":146,"column":41}},"60":{"start":{"line":154,"column":8},"end":{"line":154,"column":10}},"61":{"start":{"line":156,"column":4},"end":{"line":156,"column":57}},"62":{"start":{"line":156,"column":22},"end":{"line":156,"column":57}},"63":{"start":{"line":157,"column":4},"end":{"line":157,"column":74}},"64":{"start":{"line":157,"column":30},"end":{"line":157,"column":74}},"65":{"start":{"line":158,"column":4},"end":{"line":158,"column":44}},"66":{"start":{"line":158,"column":19},"end":{"line":158,"column":44}},"67":{"start":{"line":161,"column":4},"end":{"line":167,"column":5}},"68":{"start":{"line":162,"column":6},"end":{"line":162,"column":46}},"69":{"start":{"line":163,"column":11},"end":{"line":167,"column":5}},"70":{"start":{"line":164,"column":6},"end":{"line":164,"column":56}},"71":{"start":{"line":165,"column":11},"end":{"line":167,"column":5}},"72":{"start":{"line":166,"column":6},"end":{"line":166,"column":78}},"73":{"start":{"line":169,"column":4},"end":{"line":169,"column":18}},"74":{"start":{"line":171,"column":4},"end":{"line":171,"column":96}},"75":{"start":{"line":175,"column":27},"end":{"line":177,"column":39}},"76":{"start":{"line":176,"column":4},"end":{"line":176,"column":76}},"77":{"start":{"line":180,"column":30},"end":{"line":219,"column":4}},"78":{"start":{"line":181,"column":36},"end":{"line":192,"column":5}},"79":{"start":{"line":195,"column":4},"end":{"line":207,"column":5}},"80":{"start":{"line":196,"column":6},"end":{"line":206,"column":9}},"81":{"start":{"line":209,"column":4},"end":{"line":209,"column":21}},"82":{"start":{"line":222,"column":59},"end":{"line":235,"column":132}},"83":{"start":{"line":223,"column":4},"end":{"line":223,"column":48}},"84":{"start":{"line":223,"column":31},"end":{"line":223,"column":48}},"85":{"start":{"line":225,"column":4},"end":{"line":234,"column":6}},"86":{"start":{"line":238,"column":38},"end":{"line":261,"column":61}},"87":{"start":{"line":239,"column":4},"end":{"line":239,"column":41}},"88":{"start":{"line":239,"column":31},"end":{"line":239,"column":41}},"89":{"start":{"line":241,"column":33},"end":{"line":246,"column":5}},"90":{"start":{"line":244,"column":40},"end":{"line":244,"column":70}},"91":{"start":{"line":248,"column":4},"end":{"line":253,"column":5}},"92":{"start":{"line":249,"column":6},"end":{"line":252,"column":9}},"93":{"start":{"line":251,"column":44},"end":{"line":251,"column":74}},"94":{"start":{"line":255,"column":4},"end":{"line":258,"column":7}},"95":{"start":{"line":260,"column":4},"end":{"line":260,"column":17}},"96":{"start":{"line":263,"column":2},"end":{"line":274,"column":4}}},"fnMap":{"0":{"name":"(anonymous_0)","decl":{"start":{"line":32,"column":60},"end":{"line":32,"column":61}},"loc":{"start":{"line":32,"column":71},"end":{"line":37,"column":1}},"line":32},"1":{"name":"TrainingSelectionModal","decl":{"start":{"line":47,"column":24},"end":{"line":47,"column":46}},"loc":{"start":{"line":47,"column":98},"end":{"line":275,"column":1}},"line":47},"2":{"name":"(anonymous_2)","decl":{"start":{"line":59,"column":36},"end":{"line":59,"column":37}},"loc":{"start":{"line":59,"column":76},"end":{"line":76,"column":3}},"line":59},"3":{"name":"(anonymous_3)","decl":{"start":{"line":79,"column":38},"end":{"line":79,"column":39}},"loc":{"start":{"line":79,"column":96},"end":{"line":88,"column":3}},"line":79},"4":{"name":"(anonymous_4)","decl":{"start":{"line":91,"column":34},"end":{"line":91,"column":35}},"loc":{"start":{"line":91,"column":40},"end":{"line":99,"column":3}},"line":91},"5":{"name":"(anonymous_5)","decl":{"start":{"line":102,"column":47},"end":{"line":102,"column":48}},"loc":{"start":{"line":102,"column":64},"end":{"line":107,"column":3}},"line":102},"6":{"name":"(anonymous_6)","decl":{"start":{"line":110,"column":47},"end":{"line":110,"column":48}},"loc":{"start":{"line":110,"column":64},"end":{"line":113,"column":3}},"line":110},"7":{"name":"(anonymous_7)","decl":{"start":{"line":116,"column":44},"end":{"line":116,"column":45}},"loc":{"start":{"line":116,"column":63},"end":{"line":119,"column":3}},"line":116},"8":{"name":"(anonymous_8)","decl":{"start":{"line":122,"column":45},"end":{"line":122,"column":46}},"loc":{"start":{"line":122,"column":51},"end":{"line":126,"column":3}},"line":122},"9":{"name":"(anonymous_9)","decl":{"start":{"line":123,"column":28},"end":{"line":123,"column":29}},"loc":{"start":{"line":123,"column":36},"end":{"line":123,"column":41}},"line":123},"10":{"name":"(anonymous_10)","decl":{"start":{"line":128,"column":49},"end":{"line":128,"column":50}},"loc":{"start":{"line":128,"column":55},"end":{"line":132,"column":3}},"line":128},"11":{"name":"(anonymous_11)","decl":{"start":{"line":129,"column":32},"end":{"line":129,"column":33}},"loc":{"start":{"line":129,"column":40},"end":{"line":129,"column":45}},"line":129},"12":{"name":"(anonymous_12)","decl":{"start":{"line":134,"column":46},"end":{"line":134,"column":47}},"loc":{"start":{"line":134,"column":52},"end":{"line":138,"column":3}},"line":134},"13":{"name":"(anonymous_13)","decl":{"start":{"line":135,"column":29},"end":{"line":135,"column":30}},"loc":{"start":{"line":135,"column":37},"end":{"line":135,"column":42}},"line":135},"14":{"name":"(anonymous_14)","decl":{"start":{"line":141,"column":42},"end":{"line":141,"column":43}},"loc":{"start":{"line":141,"column":48},"end":{"line":172,"column":3}},"line":141},"15":{"name":"(anonymous_15)","decl":{"start":{"line":175,"column":35},"end":{"line":175,"column":36}},"loc":{"start":{"line":175,"column":41},"end":{"line":177,"column":3}},"line":175},"16":{"name":"(anonymous_16)","decl":{"start":{"line":180,"column":38},"end":{"line":180,"column":39}},"loc":{"start":{"line":180,"column":44},"end":{"line":210,"column":3}},"line":180},"17":{"name":"(anonymous_17)","decl":{"start":{"line":222,"column":67},"end":{"line":222,"column":68}},"loc":{"start":{"line":222,"column":73},"end":{"line":235,"column":3}},"line":222},"18":{"name":"(anonymous_18)","decl":{"start":{"line":238,"column":46},"end":{"line":238,"column":47}},"loc":{"start":{"line":238,"column":52},"end":{"line":261,"column":3}},"line":238},"19":{"name":"(anonymous_19)","decl":{"start":{"line":244,"column":35},"end":{"line":244,"column":36}},"loc":{"start":{"line":244,"column":40},"end":{"line":244,"column":70}},"line":244},"20":{"name":"(anonymous_20)","decl":{"start":{"line":251,"column":39},"end":{"line":251,"column":40}},"loc":{"start":{"line":251,"column":44},"end":{"line":251,"column":74}},"line":251}},"branchMap":{"0":{"loc":{"start":{"line":60,"column":4},"end":{"line":75,"column":5}},"type":"switch","locations":[{"start":{"line":61,"column":6},"end":{"line":61,"column":25}},{"start":{"line":62,"column":6},"end":{"line":62,"column":19}},{"start":{"line":63,"column":6},"end":{"line":63,"column":20}},{"start":{"line":64,"column":6},"end":{"line":64,"column":20}},{"start":{"line":65,"column":6},"end":{"line":66,"column":29}},{"start":{"line":67,"column":6},"end":{"line":68,"column":34}},{"start":{"line":69,"column":6},"end":{"line":70,"column":40}},{"start":{"line":71,"column":6},"end":{"line":72,"column":41}},{"start":{"line":73,"column":6},"end":{"line":74,"column":29}}],"line":60},"1":{"loc":{"start":{"line":142,"column":4},"end":{"line":142,"column":38}},"type":"if","locations":[{"start":{"line":142,"column":4},"end":{"line":142,"column":38}},{"start":{},"end":{}}],"line":142},"2":{"loc":{"start":{"line":156,"column":4},"end":{"line":156,"column":57}},"type":"if","locations":[{"start":{"line":156,"column":4},"end":{"line":156,"column":57}},{"start":{},"end":{}}],"line":156},"3":{"loc":{"start":{"line":157,"column":4},"end":{"line":157,"column":74}},"type":"if","locations":[{"start":{"line":157,"column":4},"end":{"line":157,"column":74}},{"start":{},"end":{}}],"line":157},"4":{"loc":{"start":{"line":158,"column":4},"end":{"line":158,"column":44}},"type":"if","locations":[{"start":{"line":158,"column":4},"end":{"line":158,"column":44}},{"start":{},"end":{}}],"line":158},"5":{"loc":{"start":{"line":161,"column":4},"end":{"line":167,"column":5}},"type":"if","locations":[{"start":{"line":161,"column":4},"end":{"line":167,"column":5}},{"start":{"line":163,"column":11},"end":{"line":167,"column":5}}],"line":161},"6":{"loc":{"start":{"line":163,"column":11},"end":{"line":167,"column":5}},"type":"if","locations":[{"start":{"line":163,"column":11},"end":{"line":167,"column":5}},{"start":{"line":165,"column":11},"end":{"line":167,"column":5}}],"line":163},"7":{"loc":{"start":{"line":165,"column":11},"end":{"line":167,"column":5}},"type":"if","locations":[{"start":{"line":165,"column":11},"end":{"line":167,"column":5}},{"start":{},"end":{}}],"line":165},"8":{"loc":{"start":{"line":171,"column":43},"end":{"line":171,"column":94}},"type":"cond-expr","locations":[{"start":{"line":171,"column":76},"end":{"line":171,"column":82}},{"start":{"line":171,"column":85},"end":{"line":171,"column":94}}],"line":171},"9":{"loc":{"start":{"line":176,"column":11},"end":{"line":176,"column":75}},"type":"binary-expr","locations":[{"start":{"line":176,"column":11},"end":{"line":176,"column":31}},{"start":{"line":176,"column":35},"end":{"line":176,"column":44}},{"start":{"line":176,"column":48},"end":{"line":176,"column":75}}],"line":176},"10":{"loc":{"start":{"line":195,"column":4},"end":{"line":207,"column":5}},"type":"if","locations":[{"start":{"line":195,"column":4},"end":{"line":207,"column":5}},{"start":{},"end":{}}],"line":195},"11":{"loc":{"start":{"line":223,"column":4},"end":{"line":223,"column":48}},"type":"if","locations":[{"start":{"line":223,"column":4},"end":{"line":223,"column":48}},{"start":{},"end":{}}],"line":223},"12":{"loc":{"start":{"line":226,"column":14},"end":{"line":226,"column":42}},"type":"cond-expr","locations":[{"start":{"line":226,"column":37},"end":{"line":226,"column":38}},{"start":{"line":226,"column":41},"end":{"line":226,"column":42}}],"line":226},"13":{"loc":{"start":{"line":239,"column":4},"end":{"line":239,"column":41}},"type":"if","locations":[{"start":{"line":239,"column":4},"end":{"line":239,"column":41}},{"start":{},"end":{}}],"line":239},"14":{"loc":{"start":{"line":244,"column":15},"end":{"line":244,"column":84}},"type":"binary-expr","locations":[{"start":{"line":244,"column":15},"end":{"line":244,"column":78}},{"start":{"line":244,"column":82},"end":{"line":244,"column":84}}],"line":244},"15":{"loc":{"start":{"line":248,"column":4},"end":{"line":253,"column":5}},"type":"if","locations":[{"start":{"line":248,"column":4},"end":{"line":253,"column":5}},{"start":{},"end":{}}],"line":248},"16":{"loc":{"start":{"line":251,"column":15},"end":{"line":251,"column":88}},"type":"binary-expr","locations":[{"start":{"line":251,"column":15},"end":{"line":251,"column":82}},{"start":{"line":251,"column":86},"end":{"line":251,"column":88}}],"line":251}},"s":{"0":0,"1":0,"2":0,"3":0,"4":0,"5":0,"6":0,"7":0,"8":0,"9":0,"10":0,"11":0,"12":0,"13":0,"14":0,"15":0,"16":0,"17":0,"18":0,"19":0,"20":0,"21":0,"22":0,"23":0,"24":0,"25":0,"26":0,"27":0,"28":0,"29":0,"30":0,"31":0,"32":0,"33":0,"34":0,"35":0,"36":0,"37":0,"38":0,"39":0,"40":0,"41":0,"42":0,"43":0,"44":0,"45":0,"46":0,"47":0,"48":0,"49":0,"50":0,"51":0,"52":0,"53":0,"54":0,"55":0,"56":0,"57":0,"58":0,"59":0,"60":0,"61":0,"62":0,"63":0,"64":0,"65":0,"66":0,"67":0,"68":0,"69":0,"70":0,"71":0,"72":0,"73":0,"74":0,"75":0,"76":0,"77":0,"78":0,"79":0,"80":0,"81":0,"82":0,"83":0,"84":0,"85":0,"86":0,"87":0,"88":0,"89":0,"90":0,"91":0,"92":0,"93":0,"94":0,"95":0,"96":0},"f":{"0":0,"1":0,"2":0,"3":0,"4":0,"5":0,"6":0,"7":0,"8":0,"9":0,"10":0,"11":0,"12":0,"13":0,"14":0,"15":0,"16":0,"17":0,"18":0,"19":0,"20":0},"b":{"0":[0,0,0,0,0,0,0,0,0],"1":[0,0],"2":[0,0],"3":[0,0],"4":[0,0],"5":[0,0],"6":[0,0],"7":[0,0],"8":[0,0],"9":[0,0,0],"10":[0,0],"11":[0,0],"12":[0,0],"13":[0,0],"14":[0,0],"15":[0,0],"16":[0,0]}}
,"C:\\Users\\ivans\\Desktop\\Dev\\CasinoTrainingApp\\src\\components\\roulette\\hooks\\useRouletteBets.ts": {"path":"C:\\Users\\ivans\\Desktop\\Dev\\CasinoTrainingApp\\src\\components\\roulette\\hooks\\useRouletteBets.ts","statementMap":{"0":{"start":{"line":3,"column":31},"end":{"line":23,"column":1}},"1":{"start":{"line":4,"column":23},"end":{"line":20,"column":3}},"2":{"start":{"line":5,"column":25},"end":{"line":17,"column":6}},"3":{"start":{"line":7,"column":6},"end":{"line":7,"column":76}},"4":{"start":{"line":7,"column":63},"end":{"line":7,"column":76}},"5":{"start":{"line":10,"column":6},"end":{"line":10,"column":62}},"6":{"start":{"line":10,"column":49},"end":{"line":10,"column":62}},"7":{"start":{"line":13,"column":31},"end":{"line":13,"column":69}},"8":{"start":{"line":13,"column":63},"end":{"line":13,"column":68}},"9":{"start":{"line":14,"column":28},"end":{"line":14,"column":62}},"10":{"start":{"line":14,"column":56},"end":{"line":14,"column":61}},"11":{"start":{"line":16,"column":6},"end":{"line":16,"column":70}},"12":{"start":{"line":16,"column":46},"end":{"line":16,"column":68}},"13":{"start":{"line":19,"column":4},"end":{"line":19,"column":66}},"14":{"start":{"line":19,"column":45},"end":{"line":19,"column":61}},"15":{"start":{"line":22,"column":2},"end":{"line":22,"column":26}}},"fnMap":{"0":{"name":"(anonymous_0)","decl":{"start":{"line":3,"column":31},"end":{"line":3,"column":32}},"loc":{"start":{"line":3,"column":60},"end":{"line":23,"column":1}},"line":3},"1":{"name":"(anonymous_1)","decl":{"start":{"line":4,"column":23},"end":{"line":4,"column":24}},"loc":{"start":{"line":4,"column":54},"end":{"line":20,"column":3}},"line":4},"2":{"name":"(anonymous_2)","decl":{"start":{"line":5,"column":43},"end":{"line":5,"column":44}},"loc":{"start":{"line":5,"column":50},"end":{"line":17,"column":5}},"line":5},"3":{"name":"(anonymous_3)","decl":{"start":{"line":13,"column":53},"end":{"line":13,"column":54}},"loc":{"start":{"line":13,"column":63},"end":{"line":13,"column":68}},"line":13},"4":{"name":"(anonymous_4)","decl":{"start":{"line":14,"column":46},"end":{"line":14,"column":47}},"loc":{"start":{"line":14,"column":56},"end":{"line":14,"column":61}},"line":14},"5":{"name":"(anonymous_5)","decl":{"start":{"line":16,"column":36},"end":{"line":16,"column":37}},"loc":{"start":{"line":16,"column":46},"end":{"line":16,"column":68}},"line":16},"6":{"name":"(anonymous_6)","decl":{"start":{"line":19,"column":31},"end":{"line":19,"column":32}},"loc":{"start":{"line":19,"column":45},"end":{"line":19,"column":61}},"line":19}},"branchMap":{"0":{"loc":{"start":{"line":7,"column":6},"end":{"line":7,"column":76}},"type":"if","locations":[{"start":{"line":7,"column":6},"end":{"line":7,"column":76}},{"start":{},"end":{}}],"line":7},"1":{"loc":{"start":{"line":7,"column":10},"end":{"line":7,"column":61}},"type":"binary-expr","locations":[{"start":{"line":7,"column":10},"end":{"line":7,"column":14}},{"start":{"line":7,"column":18},"end":{"line":7,"column":30}},{"start":{"line":7,"column":34},"end":{"line":7,"column":61}}],"line":7},"2":{"loc":{"start":{"line":10,"column":6},"end":{"line":10,"column":62}},"type":"if","locations":[{"start":{"line":10,"column":6},"end":{"line":10,"column":62}},{"start":{},"end":{}}],"line":10}},"s":{"0":1,"1":13,"2":14,"3":17,"4":3,"5":14,"6":3,"7":11,"8":15,"9":11,"10":15,"11":11,"12":26,"13":14,"14":10,"15":13},"f":{"0":13,"1":14,"2":17,"3":15,"4":15,"5":26,"6":10},"b":{"0":[3,14],"1":[17,15,14],"2":[3,11]},"_coverageSchema":"1a1c01bbd47fc00a2c39e90264f33305004495a9","hash":"99c6019efd510d027a58013b7f9c047cc4de0a73"}
,"C:\\Users\\ivans\\Desktop\\Dev\\CasinoTrainingApp\\src\\components\\roulette\\styles\\roulette.styles.ts": {"path":"C:\\Users\\ivans\\Desktop\\Dev\\CasinoTrainingApp\\src\\components\\roulette\\styles\\roulette.styles.ts","statementMap":{"0":{"start":{"line":3,"column":33},"end":{"line":138,"column":2}},"1":{"start":{"line":3,"column":55},"end":{"line":138,"column":2}},"2":{"start":{"line":140,"column":35},"end":{"line":226,"column":2}},"3":{"start":{"line":140,"column":57},"end":{"line":226,"column":2}},"4":{"start":{"line":228,"column":36},"end":{"line":275,"column":2}},"5":{"start":{"line":228,"column":58},"end":{"line":275,"column":2}},"6":{"start":{"line":277,"column":35},"end":{"line":298,"column":2}},"7":{"start":{"line":277,"column":57},"end":{"line":298,"column":2}}},"fnMap":{"0":{"name":"(anonymous_0)","decl":{"start":{"line":3,"column":33},"end":{"line":3,"column":34}},"loc":{"start":{"line":3,"column":55},"end":{"line":138,"column":2}},"line":3},"1":{"name":"(anonymous_1)","decl":{"start":{"line":140,"column":35},"end":{"line":140,"column":36}},"loc":{"start":{"line":140,"column":57},"end":{"line":226,"column":2}},"line":140},"2":{"name":"(anonymous_2)","decl":{"start":{"line":228,"column":36},"end":{"line":228,"column":37}},"loc":{"start":{"line":228,"column":58},"end":{"line":275,"column":2}},"line":228},"3":{"name":"(anonymous_3)","decl":{"start":{"line":277,"column":35},"end":{"line":277,"column":36}},"loc":{"start":{"line":277,"column":57},"end":{"line":298,"column":2}},"line":277}},"branchMap":{},"s":{"0":0,"1":0,"2":0,"3":0,"4":0,"5":0,"6":0,"7":0},"f":{"0":0,"1":0,"2":0,"3":0},"b":{}}
,"C:\\Users\\ivans\\Desktop\\Dev\\CasinoTrainingApp\\src\\components\\shared\\BaseTrainingModal.tsx": {"path":"C:\\Users\\ivans\\Desktop\\Dev\\CasinoTrainingApp\\src\\components\\shared\\BaseTrainingModal.tsx","statementMap":{"0":{"start":{"line":131,"column":34},"end":{"line":131,"column":60}},"1":{"start":{"line":134,"column":24},"end":{"line":138,"column":15}},"2":{"start":{"line":135,"column":4},"end":{"line":137,"column":5}},"3":{"start":{"line":136,"column":6},"end":{"line":136,"column":16}},"4":{"start":{"line":140,"column":2},"end":{"line":145,"column":31}},"5":{"start":{"line":141,"column":4},"end":{"line":144,"column":5}},"6":{"start":{"line":142,"column":6},"end":{"line":142,"column":56}},"7":{"start":{"line":143,"column":6},"end":{"line":143,"column":72}},"8":{"start":{"line":143,"column":19},"end":{"line":143,"column":71}},"9":{"start":{"line":147,"column":2},"end":{"line":147,"column":28}},"10":{"start":{"line":147,"column":16},"end":{"line":147,"column":28}},"11":{"start":{"line":149,"column":2},"end":{"line":287,"column":4}},"12":{"start":{"line":179,"column":14},"end":{"line":197,"column":21}},"13":{"start":{"line":237,"column":22},"end":{"line":256,"column":41}},"14":{"start":{"line":243,"column":39},"end":{"line":243,"column":78}},"15":{"start":{"line":268,"column":18},"end":{"line":271,"column":25}},"16":{"start":{"line":290,"column":15},"end":{"line":497,"column":2}}},"fnMap":{"0":{"name":"BaseTrainingModal","decl":{"start":{"line":121,"column":16},"end":{"line":121,"column":33}},"loc":{"start":{"line":130,"column":27},"end":{"line":288,"column":1}},"line":130},"1":{"name":"(anonymous_1)","decl":{"start":{"line":134,"column":36},"end":{"line":134,"column":37}},"loc":{"start":{"line":134,"column":62},"end":{"line":138,"column":3}},"line":134},"2":{"name":"(anonymous_2)","decl":{"start":{"line":140,"column":12},"end":{"line":140,"column":13}},"loc":{"start":{"line":140,"column":18},"end":{"line":145,"column":3}},"line":140},"3":{"name":"(anonymous_3)","decl":{"start":{"line":143,"column":13},"end":{"line":143,"column":14}},"loc":{"start":{"line":143,"column":19},"end":{"line":143,"column":71}},"line":143},"4":{"name":"(anonymous_4)","decl":{"start":{"line":178,"column":23},"end":{"line":178,"column":24}},"loc":{"start":{"line":179,"column":14},"end":{"line":197,"column":21}},"line":179},"5":{"name":"(anonymous_5)","decl":{"start":{"line":236,"column":45},"end":{"line":236,"column":46}},"loc":{"start":{"line":237,"column":22},"end":{"line":256,"column":41}},"line":237},"6":{"name":"(anonymous_6)","decl":{"start":{"line":243,"column":33},"end":{"line":243,"column":34}},"loc":{"start":{"line":243,"column":39},"end":{"line":243,"column":78}},"line":243},"7":{"name":"(anonymous_7)","decl":{"start":{"line":267,"column":34},"end":{"line":267,"column":35}},"loc":{"start":{"line":268,"column":18},"end":{"line":271,"column":25}},"line":268}},"branchMap":{"0":{"loc":{"start":{"line":135,"column":4},"end":{"line":137,"column":5}},"type":"if","locations":[{"start":{"line":135,"column":4},"end":{"line":137,"column":5}},{"start":{},"end":{}}],"line":135},"1":{"loc":{"start":{"line":141,"column":4},"end":{"line":144,"column":5}},"type":"if","locations":[{"start":{"line":141,"column":4},"end":{"line":144,"column":5}},{"start":{},"end":{}}],"line":141},"2":{"loc":{"start":{"line":141,"column":8},"end":{"line":141,"column":40}},"type":"binary-expr","locations":[{"start":{"line":141,"column":8},"end":{"line":141,"column":29}},{"start":{"line":141,"column":33},"end":{"line":141,"column":40}}],"line":141},"3":{"loc":{"start":{"line":147,"column":2},"end":{"line":147,"column":28}},"type":"if","locations":[{"start":{"line":147,"column":2},"end":{"line":147,"column":28}},{"start":{},"end":{}}],"line":147},"4":{"loc":{"start":{"line":186,"column":21},"end":{"line":186,"column":90}},"type":"binary-expr","locations":[{"start":{"line":186,"column":21},"end":{"line":186,"column":34}},{"start":{"line":186,"column":38},"end":{"line":186,"column":90}}],"line":186},"5":{"loc":{"start":{"line":201,"column":13},"end":{"line":261,"column":13}},"type":"binary-expr","locations":[{"start":{"line":201,"column":13},"end":{"line":201,"column":24}},{"start":{"line":202,"column":14},"end":{"line":260,"column":21}}],"line":201},"6":{"loc":{"start":{"line":218,"column":23},"end":{"line":218,"column":59}},"type":"cond-expr","locations":[{"start":{"line":218,"column":50},"end":{"line":218,"column":53}},{"start":{"line":218,"column":56},"end":{"line":218,"column":59}}],"line":218},"7":{"loc":{"start":{"line":234,"column":17},"end":{"line":259,"column":17}},"type":"binary-expr","locations":[{"start":{"line":234,"column":17},"end":{"line":234,"column":41}},{"start":{"line":235,"column":18},"end":{"line":258,"column":25}}],"line":234},"8":{"loc":{"start":{"line":241,"column":26},"end":{"line":241,"column":99}},"type":"binary-expr","locations":[{"start":{"line":241,"column":26},"end":{"line":241,"column":68}},{"start":{"line":241,"column":72},"end":{"line":241,"column":99}}],"line":241},"9":{"loc":{"start":{"line":248,"column":28},"end":{"line":248,"column":105}},"type":"binary-expr","locations":[{"start":{"line":248,"column":28},"end":{"line":248,"column":70}},{"start":{"line":248,"column":74},"end":{"line":248,"column":105}}],"line":248},"10":{"loc":{"start":{"line":253,"column":25},"end":{"line":255,"column":25}},"type":"binary-expr","locations":[{"start":{"line":253,"column":25},"end":{"line":253,"column":67}},{"start":{"line":254,"column":26},"end":{"line":254,"column":65}}],"line":253},"11":{"loc":{"start":{"line":264,"column":13},"end":{"line":282,"column":13}},"type":"binary-expr","locations":[{"start":{"line":264,"column":13},"end":{"line":264,"column":36}},{"start":{"line":265,"column":14},"end":{"line":281,"column":21}}],"line":264},"12":{"loc":{"start":{"line":274,"column":46},"end":{"line":274,"column":85}},"type":"binary-expr","locations":[{"start":{"line":274,"column":46},"end":{"line":274,"column":55}},{"start":{"line":274,"column":59},"end":{"line":274,"column":85}}],"line":274}},"s":{"0":0,"1":0,"2":0,"3":0,"4":0,"5":0,"6":0,"7":0,"8":0,"9":0,"10":0,"11":0,"12":0,"13":0,"14":0,"15":0,"16":0},"f":{"0":0,"1":0,"2":0,"3":0,"4":0,"5":0,"6":0,"7":0},"b":{"0":[0,0],"1":[0,0],"2":[0,0],"3":[0,0],"4":[0,0],"5":[0,0],"6":[0,0],"7":[0,0],"8":[0,0],"9":[0,0],"10":[0,0],"11":[0,0],"12":[0,0]}}
,"C:\\Users\\ivans\\Desktop\\Dev\\CasinoTrainingApp\\src\\components\\shared\\DropdownSelector.tsx": {"path":"C:\\Users\\ivans\\Desktop\\Dev\\CasinoTrainingApp\\src\\components\\shared\\DropdownSelector.tsx","statementMap":{"0":{"start":{"line":59,"column":23},"end":{"line":59,"column":67}},"1":{"start":{"line":59,"column":42},"end":{"line":59,"column":66}},"2":{"start":{"line":61,"column":23},"end":{"line":63,"column":3}},"3":{"start":{"line":62,"column":4},"end":{"line":62,"column":18}},"4":{"start":{"line":65,"column":2},"end":{"line":118,"column":4}},"5":{"start":{"line":95,"column":12},"end":{"line":113,"column":31}},"6":{"start":{"line":98,"column":29},"end":{"line":98,"column":51}},"7":{"start":{"line":121,"column":15},"end":{"line":216,"column":2}}},"fnMap":{"0":{"name":"DropdownSelector","decl":{"start":{"line":51,"column":16},"end":{"line":51,"column":32}},"loc":{"start":{"line":58,"column":26},"end":{"line":119,"column":1}},"line":58},"1":{"name":"(anonymous_1)","decl":{"start":{"line":59,"column":34},"end":{"line":59,"column":35}},"loc":{"start":{"line":59,"column":42},"end":{"line":59,"column":66}},"line":59},"2":{"name":"(anonymous_2)","decl":{"start":{"line":61,"column":23},"end":{"line":61,"column":24}},"loc":{"start":{"line":61,"column":40},"end":{"line":63,"column":3}},"line":61},"3":{"name":"(anonymous_3)","decl":{"start":{"line":94,"column":21},"end":{"line":94,"column":22}},"loc":{"start":{"line":95,"column":12},"end":{"line":113,"column":31}},"line":95},"4":{"name":"(anonymous_4)","decl":{"start":{"line":98,"column":23},"end":{"line":98,"column":24}},"loc":{"start":{"line":98,"column":29},"end":{"line":98,"column":51}},"line":98}},"branchMap":{"0":{"loc":{"start":{"line":68,"column":32},"end":{"line":68,"column":69}},"type":"binary-expr","locations":[{"start":{"line":68,"column":32},"end":{"line":68,"column":43}},{"start":{"line":68,"column":47},"end":{"line":68,"column":69}}],"line":68},"1":{"loc":{"start":{"line":74,"column":9},"end":{"line":88,"column":9}},"type":"cond-expr","locations":[{"start":{"line":75,"column":10},"end":{"line":85,"column":17}},{"start":{"line":87,"column":10},"end":{"line":87,"column":70}}],"line":74},"2":{"loc":{"start":{"line":76,"column":13},"end":{"line":78,"column":13}},"type":"binary-expr","locations":[{"start":{"line":76,"column":13},"end":{"line":76,"column":30}},{"start":{"line":77,"column":14},"end":{"line":77,"column":73}}],"line":76},"3":{"loc":{"start":{"line":81,"column":15},"end":{"line":83,"column":15}},"type":"binary-expr","locations":[{"start":{"line":81,"column":15},"end":{"line":81,"column":37}},{"start":{"line":82,"column":16},"end":{"line":82,"column":83}}],"line":81},"4":{"loc":{"start":{"line":89,"column":44},"end":{"line":89,"column":68}},"type":"cond-expr","locations":[{"start":{"line":89,"column":59},"end":{"line":89,"column":62}},{"start":{"line":89,"column":65},"end":{"line":89,"column":68}}],"line":89},"5":{"loc":{"start":{"line":92,"column":7},"end":{"line":116,"column":7}},"type":"binary-expr","locations":[{"start":{"line":92,"column":7},"end":{"line":92,"column":19}},{"start":{"line":93,"column":8},"end":{"line":115,"column":15}}],"line":92},"6":{"loc":{"start":{"line":97,"column":43},"end":{"line":97,"column":98}},"type":"binary-expr","locations":[{"start":{"line":97,"column":43},"end":{"line":97,"column":67}},{"start":{"line":97,"column":71},"end":{"line":97,"column":98}}],"line":97},"7":{"loc":{"start":{"line":103,"column":15},"end":{"line":103,"column":84}},"type":"binary-expr","locations":[{"start":{"line":103,"column":15},"end":{"line":103,"column":24}},{"start":{"line":103,"column":28},"end":{"line":103,"column":84}}],"line":103},"8":{"loc":{"start":{"line":105,"column":55},"end":{"line":105,"column":114}},"type":"binary-expr","locations":[{"start":{"line":105,"column":55},"end":{"line":105,"column":79}},{"start":{"line":105,"column":83},"end":{"line":105,"column":114}}],"line":105},"9":{"loc":{"start":{"line":108,"column":17},"end":{"line":110,"column":17}},"type":"binary-expr","locations":[{"start":{"line":108,"column":17},"end":{"line":108,"column":31}},{"start":{"line":109,"column":18},"end":{"line":109,"column":80}}],"line":108},"10":{"loc":{"start":{"line":112,"column":15},"end":{"line":112,"column":82}},"type":"binary-expr","locations":[{"start":{"line":112,"column":15},"end":{"line":112,"column":39}},{"start":{"line":112,"column":43},"end":{"line":112,"column":82}}],"line":112}},"s":{"0":0,"1":0,"2":0,"3":0,"4":0,"5":0,"6":0,"7":0},"f":{"0":0,"1":0,"2":0,"3":0,"4":0},"b":{"0":[0,0],"1":[0,0],"2":[0,0],"3":[0,0],"4":[0,0],"5":[0,0],"6":[0,0],"7":[0,0],"8":[0,0],"9":[0,0],"10":[0,0]}}
[...]
ame":"(anonymous_20)","decl":{"start":{"line":88,"column":39},"end":{"line":88,"column":40}},"loc":{"start":{"line":88,"column":45},"end":{"line":120,"column":1}},"line":88},"21":{"name":"(anonymous_21)","decl":{"start":{"line":89,"column":44},"end":{"line":89,"column":45}},"loc":{"start":{"line":89,"column":50},"end":{"line":119,"column":3}},"line":89},"22":{"name":"(anonymous_22)","decl":{"start":{"line":116,"column":37},"end":{"line":116,"column":38}},"loc":{"start":{"line":116,"column":52},"end":{"line":116,"column":61}},"line":116},"23":{"name":"(anonymous_23)","decl":{"start":{"line":133,"column":30},"end":{"line":133,"column":31}},"loc":{"start":{"line":133,"column":36},"end":{"line":135,"column":1}},"line":133},"24":{"name":"(anonymous_24)","decl":{"start":{"line":134,"column":50},"end":{"line":134,"column":51}},"loc":{"start":{"line":134,"column":56},"end":{"line":134,"column":65}},"line":134},"25":{"name":"(anonymous_25)","decl":{"start":{"line":142,"column":15},"end":{"line":142,"column":16}},"loc":{"start":{"line":142,"column":22},"end":{"line":147,"column":3}},"line":142},"26":{"name":"(anonymous_26)","decl":{"start":{"line":155,"column":35},"end":{"line":155,"column":36}},"loc":{"start":{"line":155,"column":66},"end":{"line":164,"column":1}},"line":155},"27":{"name":"(anonymous_27)","decl":{"start":{"line":163,"column":59},"end":{"line":163,"column":60}},"loc":{"start":{"line":163,"column":65},"end":{"line":163,"column":79}},"line":163},"28":{"name":"(anonymous_28)","decl":{"start":{"line":172,"column":23},"end":{"line":172,"column":24}},"loc":{"start":{"line":172,"column":30},"end":{"line":172,"column":51}},"line":172},"29":{"name":"(anonymous_29)","decl":{"start":{"line":180,"column":33},"end":{"line":180,"column":34}},"loc":{"start":{"line":180,"column":39},"end":{"line":182,"column":1}},"line":180},"30":{"name":"(anonymous_30)","decl":{"start":{"line":181,"column":67},"end":{"line":181,"column":68}},"loc":{"start":{"line":181,"column":73},"end":{"line":181,"column":85}},"line":181},"31":{"name":"(anonymous_31)","decl":{"start":{"line":191,"column":18},"end":{"line":191,"column":19}},"loc":{"start":{"line":191,"column":27},"end":{"line":191,"column":49}},"line":191},"32":{"name":"(anonymous_32)","decl":{"start":{"line":197,"column":33},"end":{"line":197,"column":34}},"loc":{"start":{"line":197,"column":68},"end":{"line":200,"column":1}},"line":197},"33":{"name":"(anonymous_33)","decl":{"start":{"line":199,"column":57},"end":{"line":199,"column":58}},"loc":{"start":{"line":199,"column":63},"end":{"line":199,"column":75}},"line":199},"34":{"name":"(anonymous_34)","decl":{"start":{"line":209,"column":31},"end":{"line":209,"column":32}},"loc":{"start":{"line":209,"column":37},"end":{"line":211,"column":1}},"line":209},"35":{"name":"(anonymous_35)","decl":{"start":{"line":213,"column":33},"end":{"line":213,"column":34}},"loc":{"start":{"line":213,"column":39},"end":{"line":215,"column":1}},"line":213},"36":{"name":"(anonymous_36)","decl":{"start":{"line":222,"column":16},"end":{"line":222,"column":17}},"loc":{"start":{"line":222,"column":22},"end":{"line":222,"column":39}},"line":222},"37":{"name":"(anonymous_37)","decl":{"start":{"line":223,"column":17},"end":{"line":223,"column":18}},"loc":{"start":{"line":223,"column":23},"end":{"line":223,"column":40}},"line":223},"38":{"name":"(anonymous_38)","decl":{"start":{"line":224,"column":16},"end":{"line":224,"column":17}},"loc":{"start":{"line":224,"column":22},"end":{"line":224,"column":39}},"line":224},"39":{"name":"(anonymous_39)","decl":{"start":{"line":251,"column":31},"end":{"line":251,"column":32}},"loc":{"start":{"line":251,"column":71},"end":{"line":261,"column":1}},"line":251},"40":{"name":"(anonymous_40)","decl":{"start":{"line":255,"column":16},"end":{"line":255,"column":17}},"loc":{"start":{"line":256,"column":6},"end":{"line":259,"column":8}},"line":256},"41":{"name":"(anonymous_41)","decl":{"start":{"line":271,"column":29},"end":{"line":271,"column":30}},"loc":{"start":{"line":271,"column":35},"end":{"line":271,"column":60}},"line":271},"42":{"name":"(anonymous_42)","decl":{"start":{"line":276,"column":28},"end":{"line":276,"column":29}},"loc":{"start":{"line":276,"column":51},"end":{"line":276,"column":77}},"line":276},"43":{"name":"(anonymous_43)","decl":{"start":{"line":276,"column":59},"end":{"line":276,"column":60}},"loc":{"start":{"line":276,"column":65},"end":{"line":276,"column":76}},"line":276},"44":{"name":"(anonymous_44)","decl":{"start":{"line":281,"column":33},"end":{"line":281,"column":34}},"loc":{"start":{"line":281,"column":56},"end":{"line":281,"column":99}},"line":281},"45":{"name":"(anonymous_45)","decl":{"start":{"line":281,"column":64},"end":{"line":281,"column":65}},"loc":{"start":{"line":281,"column":70},"end":{"line":281,"column":98}},"line":281},"46":{"name":"(anonymous_46)","decl":{"start":{"line":287,"column":29},"end":{"line":287,"column":30}},"loc":{"start":{"line":287,"column":35},"end":{"line":293,"column":1}},"line":287},"47":{"name":"(anonymous_47)","decl":{"start":{"line":302,"column":28},"end":{"line":302,"column":29}},"loc":{"start":{"line":302,"column":46},"end":{"line":304,"column":1}},"line":302},"48":{"name":"(anonymous_48)","decl":{"start":{"line":309,"column":37},"end":{"line":309,"column":38}},"loc":{"start":{"line":309,"column":55},"end":{"line":311,"column":1}},"line":309},"49":{"name":"(anonymous_49)","decl":{"start":{"line":316,"column":36},"end":{"line":316,"column":37}},"loc":{"start":{"line":316,"column":54},"end":{"line":318,"column":1}},"line":316},"50":{"name":"(anonymous_50)","decl":{"start":{"line":327,"column":31},"end":{"line":327,"column":32}},"loc":{"start":{"line":327,"column":52},"end":{"line":334,"column":1}},"line":327},"51":{"name":"(anonymous_51)","decl":{"start":{"line":339,"column":38},"end":{"line":339,"column":39}},"loc":{"start":{"line":339,"column":59},"end":{"line":348,"column":1}},"line":339}},"branchMap":{"0":{"loc":{"start":{"line":155,"column":36},"end":{"line":155,"column":47}},"type":"default-arg","locations":[{"start":{"line":155,"column":44},"end":{"line":155,"column":47}}],"line":155},"1":{"loc":{"start":{"line":155,"column":49},"end":{"line":155,"column":61}},"type":"default-arg","locations":[{"start":{"line":155,"column":58},"end":{"line":155,"column":61}}],"line":155},"2":{"loc":{"start":{"line":191,"column":27},"end":{"line":191,"column":49}},"type":"binary-expr","locations":[{"start":{"line":191,"column":27},"end":{"line":191,"column":34}},{"start":{"line":191,"column":38},"end":{"line":191,"column":49}}],"line":191},"3":{"loc":{"start":{"line":197,"column":34},"end":{"line":197,"column":63}},"type":"default-arg","locations":[{"start":{"line":197,"column":58},"end":{"line":197,"column":63}}],"line":197},"4":{"loc":{"start":{"line":327,"column":32},"end":{"line":327,"column":46}},"type":"default-arg","locations":[{"start":{"line":327,"column":44},"end":{"line":327,"column":46}}],"line":327},"5":{"loc":{"start":{"line":339,"column":39},"end":{"line":339,"column":53}},"type":"default-arg","locations":[{"start":{"line":339,"column":51},"end":{"line":339,"column":53}}],"line":339}},"s":{"0":0,"1":0,"2":0,"3":0,"4":0,"5":0,"6":0,"7":0,"8":0,"9":0,"10":0,"11":0,"12":0,"13":0,"14":0,"15":0,"16":0,"17":0,"18":0,"19":0,"20":0,"21":0,"22":0,"23":0,"24":0,"25":0,"26":0,"27":0,"28":0,"29":0,"30":0,"31":0,"32":0,"33":0,"34":0,"35":0,"36":0,"37":0,"38":0,"39":0,"40":0,"41":0,"42":0,"43":0,"44":0,"45":0,"46":0,"47":0,"48":0,"49":0,"50":0,"51":0,"52":0,"53":0,"54":0,"55":0,"56":0,"57":0,"58":0,"59":0,"60":0,"61":0,"62":0,"63":0,"64":0,"65":0,"66":0,"67":0,"68":0,"69":0,"70":0,"71":0,"72":0,"73":0,"74":0,"75":0,"76":0,"77":0,"78":0,"79":0,"80":0,"81":0,"82":0,"83":0,"84":0,"85":0,"86":0,"87":0,"88":0},"f":{"0":0,"1":0,"2":0,"3":0,"4":0,"5":0,"6":0,"7":0,"8":0,"9":0,"10":0,"11":0,"12":0,"13":0,"14":0,"15":0,"16":0,"17":0,"18":0,"19":0,"20":0,"21":0,"22":0,"23":0,"24":0,"25":0,"26":0,"27":0,"28":0,"29":0,"30":0,"31":0,"32":0,"33":0,"34":0,"35":0,"36":0,"37":0,"38":0,"39":0,"40":0,"41":0,"42":0,"43":0,"44":0,"45":0,"46":0,"47":0,"48":0,"49":0,"50":0,"51":0},"b":{"0":[0],"1":[0],"2":[0,0],"3":[0],"4":[0],"5":[0]}}
,"C:\\Users\\ivans\\Desktop\\Dev\\CasinoTrainingApp\\src\\test-utils\\render.tsx": {"path":"C:\\Users\\ivans\\Desktop\\Dev\\CasinoTrainingApp\\src\\test-utils\\render.tsx","statementMap":{"0":{"start":{"line":10,"column":67},"end":{"line":12,"column":1}},"1":{"start":{"line":11,"column":2},"end":{"line":11,"column":25}},"2":{"start":{"line":15,"column":62},"end":{"line":21,"column":1}},"3":{"start":{"line":16,"column":2},"end":{"line":20,"column":22}},"4":{"start":{"line":28,"column":21},"end":{"line":31,"column":54}},"5":{"start":{"line":31,"column":5},"end":{"line":31,"column":54}}},"fnMap":{"0":{"name":"(anonymous_0)","decl":{"start":{"line":10,"column":67},"end":{"line":10,"column":68}},"loc":{"start":{"line":10,"column":85},"end":{"line":12,"column":1}},"line":10},"1":{"name":"(anonymous_1)","decl":{"start":{"line":15,"column":62},"end":{"line":15,"column":63}},"loc":{"start":{"line":16,"column":2},"end":{"line":20,"column":22}},"line":16},"2":{"name":"(anonymous_2)","decl":{"start":{"line":28,"column":21},"end":{"line":28,"column":22}},"loc":{"start":{"line":31,"column":5},"end":{"line":31,"column":54}},"line":31}},"branchMap":{},"s":{"0":0,"1":0,"2":0,"3":0,"4":0,"5":0},"f":{"0":0,"1":0,"2":0},"b":{}}
,"C:\\Users\\ivans\\Desktop\\Dev\\CasinoTrainingApp\\src\\types\\navigation.types.ts": {"path":"C:\\Users\\ivans\\Desktop\\Dev\\CasinoTrainingApp\\src\\types\\navigation.types.ts","statementMap":{},"fnMap":{},"branchMap":{},"s":{},"f":{},"b":{}}
,"C:\\Users\\ivans\\Desktop\\Dev\\CasinoTrainingApp\\src\\types\\roulette.types.ts": {"path":"C:\\Users\\ivans\\Desktop\\Dev\\CasinoTrainingApp\\src\\types\\roulette.types.ts","statementMap":{},"fnMap":{},"branchMap":{},"s":{},"f":{},"b":{},"_coverageSchema":"1a1c01bbd47fc00a2c39e90264f33305004495a9","hash":"4366124f7b3d73c1fa9693df2d83ff1b2d778909"}
,"C:\\Users\\ivans\\Desktop\\Dev\\CasinoTrainingApp\\src\\utils\\randomUtils.ts": {"path":"C:\\Users\\ivans\\Desktop\\Dev\\CasinoTrainingApp\\src\\utils\\randomUtils.ts","statementMap":{"0":{"start":{"line":10,"column":2},"end":{"line":10,"column":59}},"1":{"start":{"line":17,"column":2},"end":{"line":17,"column":57}},"2":{"start":{"line":24,"column":19},"end":{"line":24,"column":29}},"3":{"start":{"line":25,"column":2},"end":{"line":28,"column":3}},"4":{"start":{"line":25,"column":15},"end":{"line":25,"column":34}},"5":{"start":{"line":26,"column":14},"end":{"line":26,"column":49}},"6":{"start":{"line":27,"column":4},"end":{"line":27,"column":60}},"7":{"start":{"line":29,"column":2},"end":{"line":29,"column":18}},"8":{"start":{"line":36,"column":2},"end":{"line":36,"column":32}},"9":{"start":{"line":43,"column":2},"end":{"line":43,"column":37}},"10":{"start":{"line":50,"column":2},"end":{"line":50,"column":61}},"11":{"start":{"line":62,"column":2},"end":{"line":62,"column":39}},"12":{"start":{"line":62,"column":30},"end":{"line":62,"column":39}},"13":{"start":{"line":63,"column":2},"end":{"line":63,"column":40}},"14":{"start":{"line":63,"column":31},"end":{"line":63,"column":40}},"15":{"start":{"line":70,"column":2},"end":{"line":85,"column":3}},"16":{"start":{"line":72,"column":4},"end":{"line":72,"column":32}},"17":{"start":{"line":73,"column":9},"end":{"line":85,"column":3}},"18":{"start":{"line":76,"column":4},"end":{"line":76,"column":67}},"19":{"start":{"line":77,"column":9},"end":{"line":85,"column":3}},"20":{"start":{"line":80,"column":4},"end":{"line":80,"column":66}},"21":{"start":{"line":84,"column":4},"end":{"line":84,"column":32}},"22":{"start":{"line":88,"column":21},"end":{"line":88,"column":86}},"23":{"start":{"line":91,"column":2},"end":{"line":91,"column":53}}},"fnMap":{"0":{"name":"getRandomInt","decl":{"start":{"line":9,"column":16},"end":{"line":9,"column":28}},"loc":{"start":{"line":9,"column":63},"end":{"line":11,"column":1}},"line":9},"1":{"name":"getRandomElement","decl":{"start":{"line":16,"column":16},"end":{"line":16,"column":32}},"loc":{"start":{"line":16,"column":51},"end":{"line":18,"column":1}},"line":16},"2":{"name":"shuffleArray","decl":{"start":{"line":23,"column":16},"end":{"line":23,"column":28}},"loc":{"start":{"line":23,"column":49},"end":{"line":30,"column":1}},"line":23},"3":{"name":"getRandomChipCount","decl":{"start":{"line":35,"column":16},"end":{"line":35,"column":34}},"loc":{"start":{"line":35,"column":61},"end":{"line":37,"column":1}},"line":35},"4":{"name":"shouldInclude","decl":{"start":{"line":42,"column":16},"end":{"line":42,"column":29}},"loc":{"start":{"line":42,"column":60},"end":{"line":44,"column":1}},"line":42},"5":{"name":"getRandomCount","decl":{"start":{"line":49,"column":16},"end":{"line":49,"column":30}},"loc":{"start":{"line":49,"column":81},"end":{"line":51,"column":1}},"line":49},"6":{"name":"getDynamicChipCount","decl":{"start":{"line":61,"column":16},"end":{"line":61,"column":35}},"loc":{"start":{"line":61,"column":71},"end":{"line":92,"column":1}},"line":61}},"branchMap":{"0":{"loc":{"start":{"line":35,"column":35},"end":{"line":35,"column":42}},"type":"default-arg","locations":[{"start":{"line":35,"column":41},"end":{"line":35,"column":42}}],"line":35},"1":{"loc":{"start":{"line":35,"column":44},"end":{"line":35,"column":51}},"type":"default-arg","locations":[{"start":{"line":35,"column":50},"end":{"line":35,"column":51}}],"line":35},"2":{"loc":{"start":{"line":62,"column":2},"end":{"line":62,"column":39}},"type":"if","locations":[{"start":{"line":62,"column":2},"end":{"line":62,"column":39}},{"start":{},"end":{}}],"line":62},"3":{"loc":{"start":{"line":63,"column":2},"end":{"line":63,"column":40}},"type":"if","locations":[{"start":{"line":63,"column":2},"end":{"line":63,"column":40}},{"start":{},"end":{}}],"line":63},"4":{"loc":{"start":{"line":70,"column":2},"end":{"line":85,"column":3}},"type":"if","locations":[{"start":{"line":70,"column":2},"end":{"line":85,"column":3}},{"start":{"line":73,"column":9},"end":{"line":85,"column":3}}],"line":70},"5":{"loc":{"start":{"line":73,"column":9},"end":{"line":85,"column":3}},"type":"if","locations":[{"start":{"line":73,"column":9},"end":{"line":85,"column":3}},{"start":{"line":77,"column":9},"end":{"line":85,"column":3}}],"line":73},"6":{"loc":{"start":{"line":77,"column":9},"end":{"line":85,"column":3}},"type":"if","locations":[{"start":{"line":77,"column":9},"end":{"line":85,"column":3}},{"start":{"line":81,"column":9},"end":{"line":85,"column":3}}],"line":77}},"s":{"0":2406,"1":224,"2":13,"3":13,"4":13,"5":36,"6":36,"7":13,"8":101,"9":102,"10":151,"11":1485,"12":1,"13":1484,"14":21,"15":1463,"16":440,"17":1023,"18":503,"19":520,"20":300,"21":220,"22":1463,"23":1463},"f":{"0":2406,"1":224,"2":13,"3":101,"4":102,"5":151,"6":1485},"b":{"0":[50],"1":[50],"2":[1,1484],"3":[21,1463],"4":[440,1023],"5":[503,520],"6":[300,220]},"_coverageSchema":"1a1c01bbd47fc00a2c39e90264f33305004495a9","hash":"41707828dcc2e12c87ba06b85aa6da6a9604dc02"}
,"C:\\Users\\ivans\\Desktop\\Dev\\CasinoTrainingApp\\src\\utils\\roulette.utils.ts": {"path":"C:\\Users\\ivans\\Desktop\\Dev\\CasinoTrainingApp\\src\\utils\\roulette.utils.ts","statementMap":{"0":{"start":{"line":7,"column":31},"end":{"line":10,"column":1}},"1":{"start":{"line":8,"column":16},"end":{"line":8,"column":38}},"2":{"start":{"line":9,"column":2},"end":{"line":9,"column":39}},"3":{"start":{"line":15,"column":36},"end":{"line":28,"column":1}},"4":{"start":{"line":19,"column":20},"end":{"line":19,"column":21}},"5":{"start":{"line":21,"column":2},"end":{"line":25,"column":5}},"6":{"start":{"line":22,"column":4},"end":{"line":24,"column":5}},"7":{"start":{"line":23,"column":6},"end":{"line":23,"column":59}},"8":{"start":{"line":27,"column":2},"end":{"line":27,"column":21}},"9":{"start":{"line":33,"column":36},"end":{"line":58,"column":1}},"10":{"start":{"line":37,"column":2},"end":{"line":57,"column":3}},"11":{"start":{"line":39,"column":6},"end":{"line":39,"column":34}},"12":{"start":{"line":41,"column":6},"end":{"line":41,"column":34}},"13":{"start":{"line":43,"column":6},"end":{"line":43,"column":34}},"14":{"start":{"line":45,"column":6},"end":{"line":45,"column":34}},"15":{"start":{"line":47,"column":6},"end":{"line":47,"column":34}},"16":{"start":{"line":50,"column":6},"end":{"line":50,"column":35}},"17":{"start":{"line":54,"column":6},"end":{"line":54,"column":35}},"18":{"start":{"line":56,"column":6},"end":{"line":56,"column":18}},"19":{"start":{"line":63,"column":36},"end":{"line":65,"column":1}},"20":{"start":{"line":64,"column":2},"end":{"line":64,"column":58}},"21":{"start":{"line":70,"column":26},"end":{"line":74,"column":1}},"22":{"start":{"line":71,"column":15},"end":{"line":71,"column":39}},"23":{"start":{"line":72,"column":15},"end":{"line":72,"column":27}},"24":{"start":{"line":73,"column":2},"end":{"line":73,"column":83}},"25":{"start":{"line":79,"column":40},"end":{"line":82,"column":1}},"26":{"start":{"line":80,"column":2},"end":{"line":80,"column":28}},"27":{"start":{"line":80,"column":19},"end":{"line":80,"column":28}},"28":{"start":{"line":81,"column":2},"end":{"line":81,"column":45}}},"fnMap":{"0":{"name":"(anonymous_0)","decl":{"start":{"line":7,"column":31},"end":{"line":7,"column":32}},"loc":{"start":{"line":7,"column":80},"end":{"line":10,"column":1}},"line":7},"1":{"name":"(anonymous_1)","decl":{"start":{"line":15,"column":36},"end":{"line":15,"column":37}},"loc":{"start":{"line":18,"column":13},"end":{"line":28,"column":1}},"line":18},"2":{"name":"(anonymous_2)","decl":{"start":{"line":21,"column":21},"end":{"line":21,"column":22}},"loc":{"start":{"line":21,"column":30},"end":{"line":25,"column":3}},"line":21},"3":{"name":"(anonymous_3)","decl":{"start":{"line":33,"column":36},"end":{"line":33,"column":37}},"loc":{"start":{"line":36,"column":14},"end":{"line":58,"column":1}},"line":36},"4":{"name":"(anonymous_4)","decl":{"start":{"line":63,"column":36},"end":{"line":63,"column":37}},"loc":{"start":{"line":63,"column":58},"end":{"line":65,"column":1}},"line":63},"5":{"name":"(anonymous_5)","decl":{"start":{"line":70,"column":26},"end":{"line":70,"column":27}},"loc":{"start":{"line":70,"column":55},"end":{"line":74,"column":1}},"line":70},"6":{"name":"(anonymous_6)","decl":{"start":{"line":79,"column":40},"end":{"line":79,"column":41}},"loc":{"start":{"line":79,"column":84},"end":{"line":82,"column":1}},"line":79}},"branchMap":{"0":{"loc":{"start":{"line":22,"column":4},"end":{"line":24,"column":5}},"type":"if","locations":[{"start":{"line":22,"column":4},"end":{"line":24,"column":5}},{"start":{},"end":{}}],"line":22},"1":{"loc":{"start":{"line":37,"column":2},"end":{"line":57,"column":3}},"type":"switch","locations":[{"start":{"line":38,"column":4},"end":{"line":39,"column":34}},{"start":{"line":40,"column":4},"end":{"line":41,"column":34}},{"start":{"line":42,"column":4},"end":{"line":43,"column":34}},{"start":{"line":44,"column":4},"end":{"line":45,"column":34}},{"start":{"line":46,"column":4},"end":{"line":47,"column":34}},{"start":{"line":48,"column":4},"end":{"line":48,"column":23}},{"start":{"line":49,"column":4},"end":{"line":50,"column":35}},{"start":{"line":51,"column":4},"end":{"line":51,"column":27}},{"start":{"line":52,"column":4},"end":{"line":52,"column":26}},{"start":{"line":53,"column":4},"end":{"line":54,"column":35}},{"start":{"line":55,"column":4},"end":{"line":56,"column":18}}],"line":37},"2":{"loc":{"start":{"line":80,"column":2},"end":{"line":80,"column":28}},"type":"if","locations":[{"start":{"line":80,"column":2},"end":{"line":80,"column":28}},{"start":{},"end":{}}],"line":80}},"s":{"0":0,"1":0,"2":0,"3":0,"4":0,"5":0,"6":0,"7":0,"8":0,"9":0,"10":0,"11":0,"12":0,"13":0,"14":0,"15":0,"16":0,"17":0,"18":0,"19":0,"20":0,"21":0,"22":0,"23":0,"24":0,"25":0,"26":0,"27":0,"28":0},"f":{"0":0,"1":0,"2":0,"3":0,"4":0,"5":0,"6":0},"b":{"0":[0,0],"1":[0,0,0,0,0,0,0,0,0,0,0],"2":[0,0]}}
}
