TN:
SF:src\components\ChipSelector.tsx
FN:11,(anonymous_0)
FN:16,(anonymous_1)
FN:26,(anonymous_2)
FNF:3
FNH:0
FNDA:0,(anonymous_0)
FNDA:0,(anonymous_1)
FNDA:0,(anonymous_2)
DA:11,0
DA:12,0
DA:17,0
DA:18,0
DA:26,0
DA:46,0
LF:6
LH:0
BRDA:24,0,0,0
BRDA:24,0,1,0
BRDA:27,1,0,0
BRDA:27,1,1,0
BRDA:34,2,0,0
BRDA:34,2,1,0
BRF:6
BRH:0
end_of_record
TN:
SF:src\components\ErrorBoundary.tsx
FN:28,(anonymous_0)
FN:37,(anonymous_1)
FN:41,(anonymous_2)
FN:51,(anonymous_3)
FN:59,(anonymous_4)
FNF:5
FNH:0
FNDA:0,(anonymous_0)
FNDA:0,(anonymous_1)
FNDA:0,(anonymous_2)
FNDA:0,(anonymous_3)
FNDA:0,(anonymous_4)
DA:29,0
DA:30,0
DA:38,0
DA:42,0
DA:45,0
DA:46,0
DA:47,0
DA:51,0
DA:52,0
DA:60,0
DA:61,0
DA:63,0
DA:65,0
DA:66,0
DA:70,0
DA:97,0
DA:101,0
LF:17
LH:0
BRDA:45,0,0,0
BRDA:45,0,1,0
BRDA:63,1,0,0
BRDA:63,1,1,0
BRDA:65,2,0,0
BRDA:65,2,1,0
BRDA:79,3,0,0
BRDA:79,3,1,0
BRDA:79,3,2,0
BRDA:83,4,0,0
BRDA:83,4,1,0
BRF:11
BRH:0
end_of_record
TN:
SF:src\components\FeatureErrorBoundary.tsx
FN:29,(anonymous_0)
FN:37,(anonymous_1)
FN:41,(anonymous_2)
FN:49,(anonymous_3)
FN:59,(anonymous_4)
FNF:5
FNH:0
FNDA:0,(anonymous_0)
FNDA:0,(anonymous_1)
FNDA:0,(anonymous_2)
FNDA:0,(anonymous_3)
FNDA:0,(anonymous_4)
DA:30,0
DA:31,0
DA:38,0
DA:43,0
DA:44,0
DA:45,0
DA:49,0
DA:50,0
DA:56,0
DA:60,0
DA:61,0
DA:63,0
DA:64,0
DA:90,0
DA:94,0
LF:15
LH:0
BRDA:43,0,0,0
BRDA:43,0,1,0
BRDA:63,1,0,0
BRDA:63,1,1,0
BRDA:72,2,0,0
BRDA:72,2,1,0
BRDA:72,2,2,0
BRF:7
BRH:0
end_of_record
TN:
SF:src\components\LoadingSpinner.tsx
FN:11,(anonymous_0)
FNF:1
FNH:0
FNDA:0,(anonymous_0)
DA:11,0
DA:16,0
DA:24,0
LF:3
LH:0
BRDA:12,0,0,0
BRDA:13,1,0,0
BRDA:19,2,0,0
BRDA:19,2,1,0
BRF:4
BRH:0
end_of_record
TN:
SF:src\components\Racetrack.tsx
FN:13,(anonymous_0)
FN:17,(anonymous_1)
FN:32,(anonymous_2)
FN:45,(anonymous_3)
FNF:4
FNH:0
FNDA:0,(anonymous_0)
FNDA:0,(anonymous_1)
FNDA:0,(anonymous_2)
FNDA:0,(anonymous_3)
DA:13,0
DA:17,0
DA:18,0
DA:19,0
DA:20,0
DA:23,0
DA:33,0
DA:34,0
DA:35,0
DA:37,0
DA:45,0
DA:110,0
LF:12
LH:0
BRDA:15,0,0,0
BRDA:18,1,0,0
BRDA:18,1,1,0
BRDA:20,2,0,0
BRDA:20,2,1,0
BRDA:35,3,0,0
BRDA:35,3,1,0
BRDA:35,4,0,0
BRDA:35,4,1,0
BRDA:43,5,0,0
BRDA:43,5,1,0
BRDA:46,6,0,0
BRDA:46,6,1,0
BRF:13
BRH:0
end_of_record
TN:
SF:src\components\SkeletonLoader.tsx
FN:11,(anonymous_0)
FN:19,(anonymous_1)
FN:36,(anonymous_2)
FNF:3
FNH:0
FNDA:0,(anonymous_0)
FNDA:0,(anonymous_1)
FNDA:0,(anonymous_2)
DA:11,0
DA:17,0
DA:19,0
DA:20,0
DA:34,0
DA:36,0
DA:39,0
DA:44,0
DA:69,0
LF:9
LH:0
BRDA:14,0,0,0
BRF:1
BRH:0
end_of_record
TN:
SF:src\components\withErrorBoundary.tsx
FN:16,withErrorBoundary
FN:21,(anonymous_1)
FN:29,(anonymous_2)
FN:33,(anonymous_3)
FN:40,(anonymous_4)
FN:47,(anonymous_5)
FNF:6
FNH:0
FNDA:0,withErrorBoundary
FNDA:0,(anonymous_1)
FNDA:0,(anonymous_2)
FNDA:0,(anonymous_3)
FNDA:0,(anonymous_4)
FNDA:0,(anonymous_5)
DA:20,0
DA:22,0
DA:23,0
DA:30,0
DA:34,0
DA:35,0
DA:36,0
DA:40,0
DA:41,0
DA:48,0
DA:50,0
DA:51,0
DA:77,0
DA:82,0
LF:14
LH:0
BRDA:34,0,0,0
BRDA:34,0,1,0
BRDA:50,1,0,0
BRDA:50,1,1,0
BRDA:59,2,0,0
BRDA:59,2,1,0
BRDA:59,2,2,0
BRF:7
BRH:0
end_of_record
TN:
SF:src\components\roulette\RouletteChip.tsx
FN:33,(anonymous_0)
FN:35,(anonymous_1)
FN:43,(anonymous_2)
FNF:3
FNH:0
FNDA:0,(anonymous_0)
FNDA:0,(anonymous_1)
FNDA:0,(anonymous_2)
DA:10,0
DA:22,0
DA:33,0
DA:35,0
DA:43,0
DA:48,0
DA:50,0
LF:7
LH:0
BRDA:48,0,0,0
BRDA:48,0,1,0
BRF:2
BRH:0
end_of_record
TN:
SF:src\components\roulette\RouletteColumnBets.tsx
FN:14,(anonymous_0)
FN:26,(anonymous_1)
FN:38,(anonymous_2)
FN:50,(anonymous_3)
FNF:4
FNH:0
FNDA:0,(anonymous_0)
FNDA:0,(anonymous_1)
FNDA:0,(anonymous_2)
FNDA:0,(anonymous_3)
DA:14,0
DA:19,0
DA:20,0
DA:22,0
DA:27,0
DA:28,0
DA:39,0
DA:40,0
DA:51,0
DA:52,0
LF:10
LH:0
BRDA:27,0,0,0
BRDA:27,0,1,0
BRDA:39,1,0,0
BRDA:39,1,1,0
BRDA:51,2,0,0
BRDA:51,2,1,0
BRF:6
BRH:0
end_of_record
TN:
SF:src\components\roulette\RouletteLayout.tsx
FN:23,(anonymous_0)
FN:50,(anonymous_1)
FN:61,(anonymous_2)
FN:72,(anonymous_3)
FN:83,(anonymous_4)
FN:94,(anonymous_5)
FN:105,(anonymous_6)
FNF:7
FNH:0
FNDA:0,(anonymous_0)
FNDA:0,(anonymous_1)
FNDA:0,(anonymous_2)
FNDA:0,(anonymous_3)
FNDA:0,(anonymous_4)
FNDA:0,(anonymous_5)
FNDA:0,(anonymous_6)
DA:23,0
DA:33,0
DA:34,0
DA:35,0
DA:37,0
DA:38,0
DA:39,0
DA:40,0
DA:43,0
DA:46,0
DA:50,0
DA:57,0
DA:61,0
DA:68,0
DA:72,0
DA:79,0
DA:83,0
DA:90,0
DA:94,0
DA:101,0
DA:105,0
DA:111,0
LF:22
LH:0
BRDA:26,0,0,0
BRDA:27,1,0,0
BRDA:29,2,0,0
BRDA:30,3,0,0
BRDA:35,4,0,0
BRDA:35,4,1,0
BRDA:114,5,0,0
BRDA:114,5,1,0
BRDA:139,6,0,0
BRDA:139,6,1,0
BRF:10
BRH:0
end_of_record
TN:
SF:src\components\roulette\RouletteNumberCell.tsx
FN:20,(anonymous_0)
FN:32,(anonymous_1)
FN:38,(anonymous_2)
FN:43,(anonymous_3)
FN:49,(anonymous_4)
FNF:5
FNH:0
FNDA:0,(anonymous_0)
FNDA:0,(anonymous_1)
FNDA:0,(anonymous_2)
FNDA:0,(anonymous_3)
FNDA:0,(anonymous_4)
DA:20,0
DA:27,0
DA:28,0
DA:29,0
DA:32,0
DA:33,0
DA:34,0
DA:38,0
DA:43,0
DA:49,0
DA:50,0
DA:51,0
DA:52,0
DA:55,0
DA:69,0
LF:15
LH:0
BRDA:40,0,0,0
BRDA:40,0,1,0
BRDA:45,1,0,0
BRDA:45,1,1,0
BRDA:46,2,0,0
BRDA:46,2,1,0
BRDA:50,3,0,0
BRDA:50,3,1,0
BRDA:50,4,0,0
BRDA:50,4,1,0
BRDA:51,5,0,0
BRDA:51,5,1,0
BRF:12
BRH:0
end_of_record
TN:
SF:src\components\roulette\RouletteNumberGrid.tsx
FN:17,(anonymous_0)
FN:30,(anonymous_1)
FN:31,(anonymous_2)
FN:44,(anonymous_3)
FN:65,(anonymous_4)
FN:82,(anonymous_5)
FN:99,(anonymous_6)
FN:119,(anonymous_7)
FN:135,(anonymous_8)
FN:137,(anonymous_9)
FNF:10
FNH:0
FNDA:0,(anonymous_0)
FNDA:0,(anonymous_1)
FNDA:0,(anonymous_2)
FNDA:0,(anonymous_3)
FNDA:0,(anonymous_4)
FNDA:0,(anonymous_5)
FNDA:0,(anonymous_6)
FNDA:0,(anonymous_7)
FNDA:0,(anonymous_8)
FNDA:0,(anonymous_9)
DA:17,0
DA:24,0
DA:25,0
DA:28,0
DA:30,0
DA:31,0
DA:33,0
DA:34,0
DA:40,0
DA:44,0
DA:51,0
DA:52,0
DA:61,0
DA:65,0
DA:74,0
DA:75,0
DA:82,0
DA:90,0
DA:91,0
DA:92,0
DA:99,0
DA:107,0
DA:108,0
DA:109,0
DA:110,0
DA:112,0
DA:119,0
DA:131,0
DA:136,0
DA:138,0
LF:30
LH:0
BRDA:33,0,0,0
BRDA:33,0,1,0
BRDA:51,1,0,0
BRDA:51,1,1,0
BRDA:74,2,0,0
BRDA:74,2,1,0
BRDA:90,3,0,0
BRDA:90,3,1,0
BRDA:107,4,0,0
BRDA:107,4,1,0
BRDA:107,5,0,0
BRDA:107,5,1,0
BRF:12
BRH:0
end_of_record
TN:
SF:src\components\roulette\RouletteOutsideBets.tsx
FN:13,(anonymous_0)
FN:21,(anonymous_1)
FN:22,(anonymous_2)
FN:25,(anonymous_3)
FN:26,(anonymous_4)
FN:28,(anonymous_5)
FN:29,(anonymous_6)
FN:30,(anonymous_7)
FN:41,(anonymous_8)
FN:53,(anonymous_9)
FN:65,(anonymous_10)
FN:77,(anonymous_11)
FN:89,(anonymous_12)
FN:101,(anonymous_13)
FN:122,(anonymous_14)
FN:134,(anonymous_15)
FN:146,(anonymous_16)
FNF:17
FNH:0
FNDA:0,(anonymous_0)
FNDA:0,(anonymous_1)
FNDA:0,(anonymous_2)
FNDA:0,(anonymous_3)
FNDA:0,(anonymous_4)
FNDA:0,(anonymous_5)
FNDA:0,(anonymous_6)
FNDA:0,(anonymous_7)
FNDA:0,(anonymous_8)
FNDA:0,(anonymous_9)
FNDA:0,(anonymous_10)
FNDA:0,(anonymous_11)
FNDA:0,(anonymous_12)
FNDA:0,(anonymous_13)
FNDA:0,(anonymous_14)
FNDA:0,(anonymous_15)
FNDA:0,(anonymous_16)
DA:13,0
DA:18,0
DA:19,0
DA:21,0
DA:22,0
DA:23,0
DA:24,0
DA:25,0
DA:26,0
DA:28,0
DA:29,0
DA:30,0
DA:32,0
DA:42,0
DA:43,0
DA:54,0
DA:55,0
DA:66,0
DA:67,0
DA:78,0
DA:79,0
DA:90,0
DA:91,0
DA:102,0
DA:103,0
DA:123,0
DA:124,0
DA:135,0
DA:136,0
DA:147,0
DA:148,0
LF:31
LH:0
BRDA:42,0,0,0
BRDA:42,0,1,0
BRDA:54,1,0,0
BRDA:54,1,1,0
BRDA:66,2,0,0
BRDA:66,2,1,0
BRDA:78,3,0,0
BRDA:78,3,1,0
BRDA:90,4,0,0
BRDA:90,4,1,0
BRDA:102,5,0,0
BRDA:102,5,1,0
BRDA:123,6,0,0
BRDA:123,6,1,0
BRDA:135,7,0,0
BRDA:135,7,1,0
BRDA:147,8,0,0
BRDA:147,8,1,0
BRF:18
BRH:0
end_of_record
TN:
SF:src\components\roulette\RouletteZeroColumn.tsx
FN:14,(anonymous_0)
FN:28,(anonymous_1)
FNF:2
FNH:0
FNDA:0,(anonymous_0)
FNDA:0,(anonymous_1)
DA:14,0
DA:20,0
DA:21,0
DA:23,0
DA:29,0
DA:30,0
DA:31,0
LF:7
LH:0
BRDA:30,0,0,0
BRDA:30,0,1,0
BRF:2
BRH:0
end_of_record
TN:
SF:src\components\roulette\TrainingSelectionModal.tsx
FN:32,(anonymous_0)
FN:47,TrainingSelectionModal
FN:59,(anonymous_2)
FN:79,(anonymous_3)
FN:91,(anonymous_4)
FN:102,(anonymous_5)
FN:110,(anonymous_6)
FN:116,(anonymous_7)
FN:122,(anonymous_8)
FN:123,(anonymous_9)
FN:128,(anonymous_10)
FN:129,(anonymous_11)
FN:134,(anonymous_12)
FN:135,(anonymous_13)
FN:141,(anonymous_14)
FN:175,(anonymous_15)
FN:180,(anonymous_16)
FN:222,(anonymous_17)
FN:238,(anonymous_18)
FN:244,(anonymous_19)
FN:251,(anonymous_20)
FNF:21
FNH:0
FNDA:0,(anonymous_0)
FNDA:0,TrainingSelectionModal
FNDA:0,(anonymous_2)
FNDA:0,(anonymous_3)
FNDA:0,(anonymous_4)
FNDA:0,(anonymous_5)
FNDA:0,(anonymous_6)
FNDA:0,(anonymous_7)
FNDA:0,(anonymous_8)
FNDA:0,(anonymous_9)
FNDA:0,(anonymous_10)
FNDA:0,(anonymous_11)
FNDA:0,(anonymous_12)
FNDA:0,(anonymous_13)
FNDA:0,(anonymous_14)
FNDA:0,(anonymous_15)
FNDA:0,(anonymous_16)
FNDA:0,(anonymous_17)
FNDA:0,(anonymous_18)
FNDA:0,(anonymous_19)
FNDA:0,(anonymous_20)
DA:20,0
DA:32,0
DA:40,0
DA:48,0
DA:51,0
DA:52,0
DA:53,0
DA:54,0
DA:55,0
DA:56,0
DA:59,0
DA:60,0
DA:66,0
DA:68,0
DA:70,0
DA:72,0
DA:74,0
DA:79,0
DA:80,0
DA:87,0
DA:91,0
DA:92,0
DA:93,0
DA:94,0
DA:95,0
DA:96,0
DA:97,0
DA:98,0
DA:102,0
DA:103,0
DA:104,0
DA:106,0
DA:110,0
DA:111,0
DA:112,0
DA:116,0
DA:117,0
DA:118,0
DA:122,0
DA:123,0
DA:124,0
DA:125,0
DA:128,0
DA:129,0
DA:130,0
DA:131,0
DA:134,0
DA:135,0
DA:136,0
DA:137,0
DA:141,0
DA:142,0
DA:144,0
DA:145,0
DA:146,0
DA:154,0
DA:156,0
DA:157,0
DA:158,0
DA:161,0
DA:162,0
DA:163,0
DA:164,0
DA:165,0
DA:166,0
DA:169,0
DA:171,0
DA:175,0
DA:176,0
DA:180,0
DA:181,0
DA:195,0
DA:196,0
DA:209,0
DA:222,0
DA:223,0
DA:225,0
DA:238,0
DA:239,0
DA:241,0
DA:244,0
DA:248,0
DA:249,0
DA:251,0
DA:255,0
DA:260,0
DA:263,0
LF:87
LH:0
BRDA:60,0,0,0
BRDA:60,0,1,0
BRDA:60,0,2,0
BRDA:60,0,3,0
BRDA:60,0,4,0
BRDA:60,0,5,0
BRDA:60,0,6,0
BRDA:60,0,7,0
BRDA:60,0,8,0
BRDA:142,1,0,0
BRDA:142,1,1,0
BRDA:156,2,0,0
BRDA:156,2,1,0
BRDA:157,3,0,0
BRDA:157,3,1,0
BRDA:158,4,0,0
BRDA:158,4,1,0
BRDA:161,5,0,0
BRDA:161,5,1,0
BRDA:163,6,0,0
BRDA:163,6,1,0
BRDA:165,7,0,0
BRDA:165,7,1,0
BRDA:171,8,0,0
BRDA:171,8,1,0
BRDA:176,9,0,0
BRDA:176,9,1,0
BRDA:176,9,2,0
BRDA:195,10,0,0
BRDA:195,10,1,0
BRDA:223,11,0,0
BRDA:223,11,1,0
BRDA:226,12,0,0
BRDA:226,12,1,0
BRDA:239,13,0,0
BRDA:239,13,1,0
BRDA:244,14,0,0
BRDA:244,14,1,0
BRDA:248,15,0,0
BRDA:248,15,1,0
BRDA:251,16,0,0
BRDA:251,16,1,0
BRF:42
BRH:0
end_of_record
TN:
SF:src\components\roulette\hooks\useRouletteBets.ts
FN:3,(anonymous_0)
FN:4,(anonymous_1)
FN:5,(anonymous_2)
FN:13,(anonymous_3)
FN:14,(anonymous_4)
FN:16,(anonymous_5)
FN:19,(anonymous_6)
FNF:7
FNH:0
FNDA:0,(anonymous_0)
FNDA:0,(anonymous_1)
FNDA:0,(anonymous_2)
FNDA:0,(anonymous_3)
FNDA:0,(anonymous_4)
FNDA:0,(anonymous_5)
FNDA:0,(anonymous_6)
DA:3,0
DA:4,0
DA:5,0
DA:7,0
DA:10,0
DA:13,0
DA:14,0
DA:16,0
DA:19,0
DA:22,0
LF:10
LH:0
BRDA:7,0,0,0
BRDA:7,0,1,0
BRDA:7,1,0,0
BRDA:7,1,1,0
BRDA:7,1,2,0
BRDA:10,2,0,0
BRDA:10,2,1,0
BRF:7
BRH:0
end_of_record
TN:
SF:src\components\roulette\styles\roulette.styles.ts
FN:3,(anonymous_0)
FN:140,(anonymous_1)
FN:228,(anonymous_2)
FN:277,(anonymous_3)
FNF:4
FNH:0
FNDA:0,(anonymous_0)
FNDA:0,(anonymous_1)
FNDA:0,(anonymous_2)
FNDA:0,(anonymous_3)
DA:3,0
DA:140,0
DA:228,0
DA:277,0
LF:4
LH:0
BRF:0
BRH:0
end_of_record
TN:
SF:src\components\shared\BaseTrainingModal.tsx
FN:121,BaseTrainingModal
FN:134,(anonymous_1)
FN:140,(anonymous_2)
FN:143,(anonymous_3)
FN:178,(anonymous_4)
FN:236,(anonymous_5)
FN:243,(anonymous_6)
FN:267,(anonymous_7)
FNF:8
FNH:0
FNDA:0,BaseTrainingModal
FNDA:0,(anonymous_1)
FNDA:0,(anonymous_2)
FNDA:0,(anonymous_3)
FNDA:0,(anonymous_4)
FNDA:0,(anonymous_5)
FNDA:0,(anonymous_6)
FNDA:0,(anonymous_7)
DA:131,0
DA:134,0
DA:135,0
DA:136,0
DA:140,0
DA:141,0
DA:142,0
DA:143,0
DA:147,0
DA:149,0
DA:179,0
DA:237,0
DA:243,0
DA:268,0
DA:290,0
LF:15
LH:0
BRDA:135,0,0,0
BRDA:135,0,1,0
BRDA:141,1,0,0
BRDA:141,1,1,0
BRDA:141,2,0,0
BRDA:141,2,1,0
BRDA:147,3,0,0
BRDA:147,3,1,0
BRDA:186,4,0,0
BRDA:186,4,1,0
BRDA:201,5,0,0
BRDA:201,5,1,0
BRDA:218,6,0,0
BRDA:218,6,1,0
BRDA:234,7,0,0
BRDA:234,7,1,0
BRDA:241,8,0,0
BRDA:241,8,1,0
BRDA:248,9,0,0
BRDA:248,9,1,0
BRDA:253,10,0,0
BRDA:253,10,1,0
BRDA:264,11,0,0
BRDA:264,11,1,0
BRDA:274,12,0,0
BRDA:274,12,1,0
BRF:26
BRH:0
end_of_record
TN:
SF:src\components\shared\DropdownSelector.tsx
FN:51,DropdownSelector
FN:59,(anonymous_1)
FN:61,(anonymous_2)
FN:94,(anonymous_3)
FN:98,(anonymous_4)
FNF:5
FNH:0
FNDA:0,DropdownSelector
FNDA:0,(anonymous_1)
FNDA:0,(anonymous_2)
FNDA:0,(anonymous_3)
FNDA:0,(anonymous_4)
DA:59,0
DA:61,0
DA:62,0
DA:65,0
DA:95,0
DA:98,0
DA:121,0
LF:7
LH:0
BRDA:68,0,0,0
BRDA:68,0,1,0
BRDA:74,1,0,0
BRDA:74,1,1,0
BRDA:76,2,0,0
BRDA:76,2,1,0
BRDA:81,3,0,0
BRDA:81,3,1,0
BRDA:89,4,0,0
BRDA:89,4,1,0
BRDA:92,5,0,0
BRDA:92,5,1,0
BRDA:97,6,0,0
BRDA:97,6,1,0
BRDA:103,7,0,0
BRDA:103,7,1,0
BRDA:105,8,0,0
BRDA:105,8,1,0
BRDA:108,9,0,0
BRDA:108,9,1,0
BRDA:112,10,0,0
BRDA:112,10,1,0
BRF:22
BRH:0
end_of_record
TN:
SF:src\components\shared\useModalAnimation.ts
FN:20,useModalAnimation
FN:24,(anonymous_1)
FNF:2
FNH:0
FNDA:0,useModalAnimation
FNDA:0,(anonymous_1)
DA:21,0
DA:22,0
DA:24,0
DA:25,0
DA:26,0
DA:40,0
DA:55,0
LF:7
LH:0
BRDA:25,0,0,0
BRDA:25,0,1,0
BRF:2
BRH:0
end_of_record
TN:
SF:src\config\betConfigs.ts
FN:25,(anonymous_0)
FN:27,(anonymous_1)
FN:29,(anonymous_2)
FN:40,(anonymous_3)
FN:62,(anonymous_4)
FN:73,(anonymous_5)
FN:76,(anonymous_6)
FN:87,(anonymous_7)
FN:90,(anonymous_8)
FN:101,(anonymous_9)
FN:104,(anonymous_10)
FN:110,getBetConfig
FNF:12
FNH:12
FNDA:1,(anonymous_0)
FNDA:13,(anonymous_1)
FNDA:3,(anonymous_2)
FNDA:2,(anonymous_3)
FNDA:2,(anonymous_4)
FNDA:1,(anonymous_5)
FNDA:2,(anonymous_6)
FNDA:1,(anonymous_7)
FNDA:1,(anonymous_8)
FNDA:1,(anonymous_9)
FNDA:1,(anonymous_10)
FNDA:6,getBetConfig
DA:16,1
DA:27,13
DA:29,3
DA:41,2
DA:44,2
DA:45,22
DA:46,16
DA:51,2
DA:52,18
DA:56,2
DA:57,2
DA:58,2
DA:60,2
DA:62,2
DA:74,1
DA:76,2
DA:88,1
DA:90,1
DA:102,1
DA:104,1
DA:111,6
LF:21
LH:21
BRDA:45,0,0,16
BRDA:45,0,1,6
BRF:2
BRH:2
end_of_record
TN:
SF:src\config\cashConfigs.ts
FN:12,generateCashOptions
FN:23,generateLowValueCashOptions
FN:24,(anonymous_2)
FN:41,(anonymous_3)
FN:49,(anonymous_4)
FN:57,(anonymous_5)
FN:65,(anonymous_6)
FN:73,(anonymous_7)
FN:79,getCashConfig
FNF:9
FNH:0
FNDA:0,generateCashOptions
FNDA:0,generateLowValueCashOptions
FNDA:0,(anonymous_2)
FNDA:0,(anonymous_3)
FNDA:0,(anonymous_4)
FNDA:0,(anonymous_5)
FNDA:0,(anonymous_6)
FNDA:0,(anonymous_7)
FNDA:0,getCashConfig
DA:13,0
DA:14,0
DA:15,0
DA:17,0
DA:24,0
DA:27,0
DA:41,0
DA:49,0
DA:57,0
DA:65,0
DA:73,0
DA:80,0
LF:12
LH:0
BRF:0
BRH:0
end_of_record
TN:
SF:src\constants\difficulty.ts
FN:74,getDifficultyOptions
FN:75,(anonymous_1)
FN:84,getDifficultyConfig
FN:94,getMaxBetForDifficulty
FNF:4
FNH:0
FNDA:0,getDifficultyOptions
FNDA:0,(anonymous_1)
FNDA:0,getDifficultyConfig
FNDA:0,getMaxBetForDifficulty
DA:26,0
DA:51,0
DA:58,0
DA:65,0
DA:75,0
DA:85,0
DA:95,0
LF:7
LH:0
BRF:0
BRH:0
end_of_record
TN:
SF:src\constants\roulette.constants.ts
FN:77,(anonymous_0)
FN:92,(anonymous_1)
FNF:2
FNH:0
FNDA:0,(anonymous_0)
FNDA:0,(anonymous_1)
DA:4,0
DA:10,0
DA:15,0
DA:20,0
DA:27,0
DA:46,0
DA:51,0
DA:56,0
DA:61,0
DA:66,0
DA:77,0
DA:78,0
DA:79,0
DA:81,0
DA:82,0
DA:83,0
DA:84,0
DA:85,0
DA:88,0
DA:92,0
DA:93,0
DA:94,0
DA:95,0
DA:99,0
DA:100,0
DA:101,0
LF:26
LH:0
BRDA:77,0,0,0
BRDA:93,1,0,0
BRDA:93,1,1,0
BRDA:94,2,0,0
BRDA:94,2,1,0
BRF:5
BRH:0
end_of_record
TN:
SF:src\constants\sectors.ts
FN:89,getSectorOptions
FN:90,(anonymous_1)
FN:99,getSectorConfig
FN:109,getSectorNumbers
FNF:4
FNH:0
FNDA:0,getSectorOptions
FNDA:0,(anonymous_1)
FNDA:0,getSectorConfig
FNDA:0,getSectorNumbers
DA:26,0
DA:40,0
DA:69,0
DA:78,0
DA:90,0
DA:100,0
DA:110,0
LF:7
LH:0
BRF:0
BRH:0
end_of_record
TN:
SF:src\features\call-bets-training\navigation.tsx
FN:14,CallBetsRoutes
FNF:1
FNH:0
FNDA:0,CallBetsRoutes
DA:12,0
DA:15,0
LF:2
LH:0
BRF:0
BRH:0
end_of_record
TN:
SF:src\features\call-bets-training\components\ChallengeDisplay.tsx
FN:12,ChallengeDisplay
FNF:1
FNH:0
FNDA:0,ChallengeDisplay
DA:13,0
DA:24,0
LF:2
LH:0
BRF:0
BRH:0
end_of_record
TN:
SF:src\features\call-bets-training\components\ResultFeedback.tsx
FN:12,ResultFeedback
FN:28,(anonymous_1)
FN:39,(anonymous_2)
FNF:3
FNH:0
FNDA:0,ResultFeedback
FNDA:0,(anonymous_1)
FNDA:0,(anonymous_2)
DA:13,0
DA:15,0
DA:29,0
DA:40,0
DA:66,0
LF:5
LH:0
BRDA:16,0,0,0
BRDA:16,0,1,0
BRDA:18,1,0,0
BRDA:18,1,1,0
BRDA:25,2,0,0
BRDA:25,2,1,0
BRDA:36,3,0,0
BRDA:36,3,1,0
BRF:8
BRH:0
end_of_record
TN:
SF:src\features\call-bets-training\screens\CallBetsMenuScreen.tsx
FN:56,CallBetsMenuScreen
FN:57,(anonymous_1)
FN:71,(anonymous_2)
FN:75,(anonymous_3)
FNF:4
FNH:0
FNDA:0,CallBetsMenuScreen
FNDA:0,(anonymous_1)
FNDA:0,(anonymous_2)
FNDA:0,(anonymous_3)
DA:18,0
DA:57,0
DA:58,0
DA:61,0
DA:72,0
DA:75,0
DA:100,0
LF:7
LH:0
BRF:0
BRH:0
end_of_record
TN:
SF:src\features\call-bets-training\screens\CallBetsTrainingScreen.tsx
FN:17,CallBetsTrainingScreen
FN:33,(anonymous_1)
FN:39,(anonymous_2)
FN:51,(anonymous_3)
FN:54,(anonymous_4)
FN:58,(anonymous_5)
FN:64,(anonymous_6)
FN:69,(anonymous_7)
FN:70,(anonymous_8)
FN:73,(anonymous_9)
FN:116,(anonymous_10)
FNF:11
FNH:0
FNDA:0,CallBetsTrainingScreen
FNDA:0,(anonymous_1)
FNDA:0,(anonymous_2)
FNDA:0,(anonymous_3)
FNDA:0,(anonymous_4)
FNDA:0,(anonymous_5)
FNDA:0,(anonymous_6)
FNDA:0,(anonymous_7)
FNDA:0,(anonymous_8)
FNDA:0,(anonymous_9)
FNDA:0,(anonymous_10)
DA:13,0
DA:18,0
DA:19,0
DA:20,0
DA:23,0
DA:24,0
DA:25,0
DA:26,0
DA:28,0
DA:29,0
DA:31,0
DA:33,0
DA:35,0
DA:36,0
DA:39,0
DA:40,0
DA:51,0
DA:54,0
DA:55,0
DA:56,0
DA:58,0
DA:64,0
DA:65,0
DA:66,0
DA:69,0
DA:70,0
DA:73,0
DA:74,0
DA:75,0
DA:78,0
DA:79,0
DA:83,0
DA:145,0
LF:33
LH:0
BRDA:18,0,0,0
BRDA:18,0,1,0
BRDA:21,1,0,0
BRDA:21,1,1,0
BRDA:31,2,0,0
BRDA:31,2,1,0
BRDA:59,3,0,0
BRDA:59,3,1,0
BRDA:74,4,0,0
BRDA:74,4,1,0
BRDA:87,5,0,0
BRDA:87,5,1,0
BRDA:98,6,0,0
BRDA:98,6,1,0
BRDA:124,7,0,0
BRDA:124,7,1,0
BRDA:126,8,0,0
BRDA:126,8,1,0
BRDA:134,9,0,0
BRDA:134,9,1,0
BRF:20
BRH:0
end_of_record
TN:
SF:src\features\call-bets-training\utils\validation.ts
FN:8,normalizeBet
FN:11,(anonymous_1)
FN:18,betsAreEqual
FN:21,(anonymous_3)
FN:27,validateCallBet
FN:50,(anonymous_5)
FN:50,(anonymous_6)
FN:55,(anonymous_7)
FN:55,(anonymous_8)
FN:76,getRandomMode
FN:84,getModeDisplayName
FNF:11
FNH:11
FNDA:92,normalizeBet
FNDA:93,(anonymous_1)
FNDA:273,betsAreEqual
FNDA:311,(anonymous_3)
FNDA:10,validateCallBet
FNDA:52,(anonymous_5)
FNDA:142,(anonymous_6)
FNDA:40,(anonymous_7)
FNDA:131,(anonymous_8)
FNDA:150,getRandomMode
FNDA:5,getModeDisplayName
DA:9,92
DA:11,93
DA:19,273
DA:20,231
DA:21,311
DA:31,10
DA:33,10
DA:34,1
DA:45,9
DA:46,9
DA:49,9
DA:50,142
DA:54,9
DA:55,131
DA:59,9
DA:60,9
DA:61,9
DA:63,9
DA:77,150
DA:78,150
DA:85,5
DA:92,5
LF:22
LH:22
BRDA:19,0,0,42
BRDA:19,0,1,231
BRDA:20,1,0,0
BRDA:20,1,1,231
BRDA:33,2,0,1
BRDA:33,2,1,9
BRDA:61,3,0,9
BRDA:61,3,1,0
BRDA:64,4,0,9
BRDA:64,4,1,6
BRF:10
BRH:8
end_of_record
TN:
SF:src\features\cash-conversion-training\navigation.tsx
FN:14,(anonymous_0)
FNF:1
FNH:0
FNDA:0,(anonymous_0)
DA:12,0
DA:14,0
DA:15,0
LF:3
LH:0
BRF:0
BRH:0
end_of_record
TN:
SF:src\features\cash-conversion-training\components\AnswerInput.tsx
FN:20,AnswerInput
FN:32,(anonymous_1)
FN:42,(anonymous_2)
FN:52,(anonymous_3)
FN:75,(anonymous_4)
FN:88,(anonymous_5)
FN:100,(anonymous_6)
FNF:7
FNH:0
FNDA:0,AnswerInput
FNDA:0,(anonymous_1)
FNDA:0,(anonymous_2)
FNDA:0,(anonymous_3)
FNDA:0,(anonymous_4)
FNDA:0,(anonymous_5)
FNDA:0,(anonymous_6)
DA:32,0
DA:33,0
DA:34,0
DA:35,0
DA:36,0
DA:38,0
DA:42,0
DA:43,0
DA:44,0
DA:45,0
DA:46,0
DA:48,0
DA:52,0
DA:53,0
DA:54,0
DA:55,0
DA:56,0
DA:58,0
DA:64,0
DA:65,0
DA:67,0
DA:75,0
DA:88,0
DA:100,0
DA:119,0
LF:25
LH:0
BRDA:33,0,0,0
BRDA:33,0,1,0
BRDA:35,1,0,0
BRDA:35,1,1,0
BRDA:43,2,0,0
BRDA:43,2,1,0
BRDA:45,3,0,0
BRDA:45,3,1,0
BRDA:53,4,0,0
BRDA:53,4,1,0
BRDA:55,5,0,0
BRDA:55,5,1,0
BRDA:72,6,0,0
BRDA:72,6,1,0
BRDA:79,7,0,0
BRDA:79,7,1,0
BRDA:80,8,0,0
BRDA:80,8,1,0
BRDA:85,9,0,0
BRDA:85,9,1,0
BRDA:92,10,0,0
BRDA:92,10,1,0
BRDA:93,11,0,0
BRDA:93,11,1,0
BRDA:104,12,0,0
BRDA:104,12,1,0
BRDA:105,13,0,0
BRDA:105,13,1,0
BRF:28
BRH:0
end_of_record
TN:
SF:src\features\cash-conversion-training\components\CashConversionTrainingModal.tsx
FN:40,CashConversionTrainingModal
FN:52,(anonymous_1)
FN:63,(anonymous_2)
FN:71,(anonymous_3)
FN:77,(anonymous_4)
FN:83,(anonymous_5)
FN:84,(anonymous_6)
FN:89,(anonymous_7)
FN:90,(anonymous_8)
FN:95,(anonymous_9)
FN:96,(anonymous_10)
FN:102,(anonymous_11)
FN:116,(anonymous_12)
FN:121,(anonymous_13)
FN:162,(anonymous_14)
FN:178,(anonymous_15)
FN:184,(anonymous_16)
FN:188,(anonymous_17)
FNF:18
FNH:0
FNDA:0,CashConversionTrainingModal
FNDA:0,(anonymous_1)
FNDA:0,(anonymous_2)
FNDA:0,(anonymous_3)
FNDA:0,(anonymous_4)
FNDA:0,(anonymous_5)
FNDA:0,(anonymous_6)
FNDA:0,(anonymous_7)
FNDA:0,(anonymous_8)
FNDA:0,(anonymous_9)
FNDA:0,(anonymous_10)
FNDA:0,(anonymous_11)
FNDA:0,(anonymous_12)
FNDA:0,(anonymous_13)
FNDA:0,(anonymous_14)
FNDA:0,(anonymous_15)
FNDA:0,(anonymous_16)
FNDA:0,(anonymous_17)
DA:16,0
DA:23,0
DA:33,0
DA:41,0
DA:44,0
DA:45,0
DA:46,0
DA:47,0
DA:48,0
DA:49,0
DA:52,0
DA:53,0
DA:54,0
DA:55,0
DA:56,0
DA:57,0
DA:58,0
DA:59,0
DA:63,0
DA:64,0
DA:65,0
DA:67,0
DA:71,0
DA:72,0
DA:73,0
DA:77,0
DA:78,0
DA:79,0
DA:83,0
DA:84,0
DA:85,0
DA:86,0
DA:89,0
DA:90,0
DA:91,0
DA:92,0
DA:95,0
DA:96,0
DA:97,0
DA:98,0
DA:102,0
DA:103,0
DA:105,0
DA:107,0
DA:108,0
DA:116,0
DA:117,0
DA:121,0
DA:122,0
DA:136,0
DA:137,0
DA:149,0
DA:162,0
DA:163,0
DA:165,0
DA:178,0
DA:179,0
DA:181,0
DA:184,0
DA:188,0
DA:197,0
LF:61
LH:0
BRDA:103,0,0,0
BRDA:103,0,1,0
BRDA:103,1,0,0
BRDA:103,1,1,0
BRDA:111,2,0,0
BRDA:111,2,1,0
BRDA:117,3,0,0
BRDA:117,3,1,0
BRDA:117,3,2,0
BRDA:117,3,3,0
BRDA:136,4,0,0
BRDA:136,4,1,0
BRDA:163,5,0,0
BRDA:163,5,1,0
BRDA:179,6,0,0
BRDA:179,6,1,0
BRDA:179,7,0,0
BRDA:179,7,1,0
BRDA:184,8,0,0
BRDA:184,8,1,0
BRDA:188,9,0,0
BRDA:188,9,1,0
BRF:22
BRH:0
end_of_record
TN:
SF:src\features\cash-conversion-training\components\CashDisplay.tsx
FN:9,CashDisplay
FN:11,(anonymous_1)
FN:39,(anonymous_2)
FNF:3
FNH:0
FNDA:0,CashDisplay
FNDA:0,(anonymous_1)
FNDA:0,(anonymous_2)
DA:11,0
DA:12,0
DA:13,0
DA:15,0
DA:22,0
DA:23,0
DA:24,0
DA:25,0
DA:26,0
DA:30,0
DA:33,0
DA:35,0
DA:40,0
DA:55,0
LF:14
LH:0
BRDA:23,0,0,0
BRDA:23,0,1,0
BRDA:41,1,0,0
BRDA:41,1,1,0
BRDA:42,2,0,0
BRDA:42,2,1,0
BRF:6
BRH:0
end_of_record
TN:
SF:src\features\cash-conversion-training\components\RequestDisplay.tsx
FN:11,RequestDisplay
FNF:1
FNH:0
FNDA:0,RequestDisplay
DA:12,0
DA:15,0
DA:19,0
DA:27,0
LF:4
LH:0
BRDA:15,0,0,0
BRDA:15,0,1,0
BRF:2
BRH:0
end_of_record
TN:
SF:src\features\cash-conversion-training\components\ResultFeedback.tsx
FN:12,ResultFeedback
FNF:1
FNH:0
FNDA:0,ResultFeedback
DA:13,0
DA:58,0
LF:2
LH:0
BRDA:15,0,0,0
BRDA:15,0,1,0
BRDA:17,1,0,0
BRDA:17,1,1,0
BRDA:21,2,0,0
BRDA:21,2,1,0
BRF:6
BRH:0
end_of_record
TN:
SF:src\features\cash-conversion-training\constants\sectors.ts
FNF:0
FNH:0
DA:3,1
DA:11,1
DA:19,1
DA:25,1
DA:26,1
LF:5
LH:5
BRF:0
BRH:0
end_of_record
TN:
SF:src\features\cash-conversion-training\screens\CashConversionMenuScreen.tsx
FN:6,CashConversionMenuScreen
FN:9,(anonymous_1)
FN:13,(anonymous_2)
FNF:3
FNH:0
FNDA:0,CashConversionMenuScreen
FNDA:0,(anonymous_1)
FNDA:0,(anonymous_2)
DA:7,0
DA:9,0
DA:10,0
DA:13,0
DA:14,0
DA:17,0
DA:77,0
LF:7
LH:0
BRF:0
BRH:0
end_of_record
TN:
SF:src\features\cash-conversion-training\screens\CashConversionTrainingScreen.tsx
FN:19,CashConversionTrainingScreen
FN:30,(anonymous_1)
FN:44,(anonymous_2)
FN:55,(anonymous_3)
FN:74,(anonymous_4)
FN:80,(anonymous_5)
FNF:6
FNH:0
FNDA:0,CashConversionTrainingScreen
FNDA:0,(anonymous_1)
FNDA:0,(anonymous_2)
FNDA:0,(anonymous_3)
FNDA:0,(anonymous_4)
FNDA:0,(anonymous_5)
DA:20,0
DA:22,0
DA:23,0
DA:24,0
DA:25,0
DA:26,0
DA:27,0
DA:28,0
DA:30,0
DA:31,0
DA:32,0
DA:33,0
DA:35,0
DA:36,0
DA:37,0
DA:38,0
DA:40,0
DA:41,0
DA:44,0
DA:45,0
DA:49,0
DA:55,0
DA:56,0
DA:60,0
DA:70,0
DA:71,0
DA:73,0
DA:74,0
DA:80,0
DA:81,0
DA:84,0
DA:86,0
DA:88,0
DA:139,0
LF:34
LH:0
BRDA:31,0,0,0
BRDA:31,0,1,0
BRDA:40,1,0,0
BRDA:40,1,1,0
BRDA:49,2,0,0
BRDA:49,2,1,0
BRDA:50,3,0,0
BRDA:50,3,1,0
BRDA:51,4,0,0
BRDA:51,4,1,0
BRDA:52,5,0,0
BRDA:52,5,1,0
BRDA:56,6,0,0
BRDA:56,6,1,0
BRDA:61,7,0,0
BRDA:61,7,1,0
BRDA:62,8,0,0
BRDA:62,8,1,0
BRDA:62,9,0,0
BRDA:62,9,1,0
BRDA:64,10,0,0
BRDA:64,10,1,0
BRDA:66,11,0,0
BRDA:66,11,1,0
BRDA:75,12,0,0
BRDA:75,12,1,0
BRDA:84,13,0,0
BRDA:84,13,1,0
BRDA:92,14,0,0
BRDA:92,14,1,0
BRDA:95,15,0,0
BRDA:95,15,1,0
BRDA:103,16,0,0
BRDA:103,16,1,0
BRDA:119,17,0,0
BRDA:119,17,1,0
BRDA:128,18,0,0
BRDA:128,18,1,0
BRF:38
BRH:0
end_of_record
TN:
SF:src\features\cash-conversion-training\utils\calculations.ts
FN:4,calculateCorrectAnswer
FN:40,validateAnswer
FN:70,generateRandomCashAmount
FN:98,generateRandomSector
FN:103,generateRandomRequest
FNF:5
FNH:4
FNDA:12,calculateCorrectAnswer
FNDA:5,validateAnswer
FNDA:450,generateRandomCashAmount
FNDA:200,generateRandomSector
FNDA:0,generateRandomRequest
DA:8,12
DA:9,12
DA:13,12
DA:15,10
DA:18,10
DA:21,10
DA:24,10
DA:27,2
DA:30,12
DA:31,12
DA:33,12
DA:45,5
DA:49,5
DA:61,1
DA:64,1
DA:71,450
DA:72,450
DA:76,450
DA:77,450
DA:81,450
DA:84,450
DA:87,450
DA:90,450
DA:91,450
DA:92,8650
DA:95,450
DA:99,200
DA:100,200
DA:108,0
DA:109,0
DA:110,0
DA:111,0
DA:113,0
DA:115,0
DA:116,0
DA:117,0
DA:118,0
DA:119,0
DA:120,0
DA:123,0
DA:127,0
DA:128,0
DA:129,0
DA:130,0
DA:131,0
DA:138,0
DA:145,0
DA:147,0
DA:148,0
DA:149,0
DA:152,0
DA:153,0
DA:158,0
DA:159,0
DA:161,0
DA:162,0
DA:163,0
DA:164,0
DA:172,0
DA:174,0
LF:60
LH:28
BRDA:13,0,0,10
BRDA:13,0,1,2
BRDA:45,1,0,5
BRDA:45,1,1,3
BRDA:45,1,2,2
BRDA:76,2,0,400
BRDA:76,2,1,50
BRDA:108,3,0,0
BRDA:108,3,1,0
BRDA:113,4,0,0
BRDA:113,4,1,0
BRDA:123,5,0,0
BRDA:123,5,1,0
BRDA:152,6,0,0
BRDA:152,6,1,0
BRDA:152,7,0,0
BRDA:152,7,1,0
BRDA:158,8,0,0
BRDA:158,8,1,0
BRF:19
BRH:7
end_of_record
TN:
SF:src\features\plo-training\navigation.tsx
FN:17,(anonymous_0)
FNF:1
FNH:0
FNDA:0,(anonymous_0)
DA:15,0
DA:17,0
DA:18,0
LF:3
LH:0
BRF:0
BRH:0
end_of_record
TN:
SF:src\features\plo-training\components\GameStateDisplay.tsx
FN:22,GameStateDisplay
FN:39,(anonymous_1)
FN:60,(anonymous_2)
FNF:3
FNH:0
FNDA:0,GameStateDisplay
FNDA:0,(anonymous_1)
FNDA:0,(anonymous_2)
DA:23,0
DA:26,0
DA:36,0
DA:39,0
DA:40,0
DA:41,0
DA:50,0
DA:51,0
DA:52,0
DA:54,0
DA:55,0
DA:56,0
DA:60,0
DA:61,0
DA:62,0
DA:63,0
DA:64,0
DA:65,0
DA:67,0
DA:72,0
DA:73,0
DA:74,0
DA:77,0
DA:79,0
DA:94,0
LF:25
LH:0
BRDA:51,0,0,0
BRDA:51,0,1,0
BRDA:55,1,0,0
BRDA:55,1,1,0
BRDA:62,2,0,0
BRDA:62,2,1,0
BRDA:64,3,0,0
BRDA:64,3,1,0
BRDA:73,4,0,0
BRDA:73,4,1,0
BRF:10
BRH:0
end_of_record
TN:
SF:src\features\plo-training\components\PlayerPosition.tsx
FN:17,PlayerPosition
FNF:1
FNH:0
FNDA:0,PlayerPosition
DA:27,0
DA:72,0
LF:2
LH:0
BRDA:29,0,0,0
BRDA:29,0,1,0
BRDA:36,1,0,0
BRDA:36,1,1,0
BRDA:37,2,0,0
BRDA:37,2,1,0
BRDA:39,3,0,0
BRDA:39,3,1,0
BRDA:40,4,0,0
BRDA:40,4,1,0
BRDA:45,5,0,0
BRDA:45,5,1,0
BRDA:45,5,2,0
BRDA:47,6,0,0
BRDA:47,6,1,0
BRDA:48,7,0,0
BRDA:48,7,1,0
BRDA:54,8,0,0
BRDA:54,8,1,0
BRDA:55,9,0,0
BRDA:55,9,1,0
BRDA:56,10,0,0
BRDA:56,10,1,0
BRDA:63,11,0,0
BRDA:63,11,1,0
BRF:25
BRH:0
end_of_record
TN:
SF:src\features\plo-training\components\PokerTable.tsx
FN:24,PokerTable
FN:32,(anonymous_1)
FN:63,(anonymous_2)
FN:80,(anonymous_3)
FNF:4
FNH:0
FNDA:0,PokerTable
FNDA:0,(anonymous_1)
FNDA:0,(anonymous_2)
FNDA:0,(anonymous_3)
DA:5,0
DA:26,0
DA:27,0
DA:28,0
DA:29,0
DA:32,0
DA:33,0
DA:34,0
DA:36,0
DA:51,0
DA:54,0
DA:64,0
DA:81,0
DA:82,0
DA:103,0
LF:15
LH:0
BRDA:24,0,0,0
BRDA:24,1,0,0
BRDA:27,2,0,0
BRDA:27,2,1,0
BRDA:51,3,0,0
BRDA:51,3,1,0
BRDA:61,4,0,0
BRDA:61,4,1,0
BRDA:70,5,0,0
BRDA:70,5,1,0
BRF:10
BRH:0
end_of_record
TN:
SF:src\features\plo-training\components\PotCalculationInput.tsx
FN:10,PotCalculationInput
FN:13,(anonymous_1)
FN:24,(anonymous_2)
FN:28,(anonymous_3)
FNF:4
FNH:0
FNDA:0,PotCalculationInput
FNDA:0,(anonymous_1)
FNDA:0,(anonymous_2)
FNDA:0,(anonymous_3)
DA:11,0
DA:13,0
DA:14,0
DA:15,0
DA:18,0
DA:19,0
DA:20,0
DA:24,0
DA:25,0
DA:28,0
DA:29,0
DA:30,0
DA:32,0
DA:33,0
DA:34,0
DA:35,0
DA:40,0
DA:63,0
LF:18
LH:0
BRDA:10,0,0,0
BRDA:19,1,0,0
BRDA:19,1,1,0
BRDA:32,2,0,0
BRDA:32,2,1,0
BRDA:34,3,0,0
BRDA:34,3,1,0
BRDA:48,4,0,0
BRDA:48,4,1,0
BRF:9
BRH:0
end_of_record
TN:
SF:src\features\plo-training\constants\gameScenarios.ts
FNF:0
FNH:0
DA:24,0
LF:1
LH:0
BRF:0
BRH:0
end_of_record
TN:
SF:src\features\plo-training\constants\plo.constants.ts
FNF:0
FNH:0
DA:4,1
DA:7,1
DA:17,1
DA:27,1
LF:4
LH:4
BRF:0
BRH:0
end_of_record
TN:
SF:src\features\plo-training\screens\PLOGameTrainingScreen.tsx
FN:9,PLOGameTrainingScreen
FN:19,(anonymous_1)
FN:23,(anonymous_2)
FN:29,(anonymous_3)
FNF:4
FNH:0
FNDA:0,PLOGameTrainingScreen
FNDA:0,(anonymous_1)
FNDA:0,(anonymous_2)
FNDA:0,(anonymous_3)
DA:10,0
DA:11,0
DA:12,0
DA:13,0
DA:15,0
DA:16,0
DA:17,0
DA:19,0
DA:20,0
DA:23,0
DA:24,0
DA:25,0
DA:26,0
DA:29,0
DA:30,0
DA:31,0
DA:32,0
DA:33,0
DA:34,0
DA:35,0
DA:38,0
DA:102,0
LF:22
LH:0
BRDA:15,0,0,0
BRDA:15,0,1,0
BRDA:48,1,0,0
BRDA:48,1,1,0
BRDA:53,2,0,0
BRDA:53,2,1,0
BRDA:64,3,0,0
BRDA:64,3,1,0
BRDA:67,4,0,0
BRDA:67,4,1,0
BRDA:75,5,0,0
BRDA:75,5,1,0
BRF:12
BRH:0
end_of_record
TN:
SF:src\features\plo-training\screens\PLOMenuScreen.tsx
FN:9,PLOMenuScreen
FN:17,(anonymous_1)
FN:28,(anonymous_2)
FN:39,(anonymous_3)
FN:50,(anonymous_4)
FNF:5
FNH:0
FNDA:0,PLOMenuScreen
FNDA:0,(anonymous_1)
FNDA:0,(anonymous_2)
FNDA:0,(anonymous_3)
FNDA:0,(anonymous_4)
DA:10,0
DA:17,0
DA:28,0
DA:39,0
DA:50,0
DA:62,0
LF:6
LH:0
BRF:0
BRH:0
end_of_record
TN:
SF:src\features\plo-training\screens\PLOPotCalculationScreen.tsx
FN:9,PLOPotCalculationScreen
FN:15,(anonymous_1)
FN:21,(anonymous_2)
FN:27,(anonymous_3)
FNF:4
FNH:0
FNDA:0,PLOPotCalculationScreen
FNDA:0,(anonymous_1)
FNDA:0,(anonymous_2)
FNDA:0,(anonymous_3)
DA:10,0
DA:11,0
DA:12,0
DA:13,0
DA:15,0
DA:16,0
DA:17,0
DA:18,0
DA:21,0
DA:27,0
DA:28,0
DA:29,0
DA:30,0
DA:33,0
DA:35,0
DA:101,0
LF:16
LH:0
BRDA:22,0,0,0
BRDA:22,0,1,0
BRDA:33,1,0,0
BRDA:33,1,1,0
BRDA:54,2,0,0
BRDA:54,2,1,0
BRDA:59,3,0,0
BRDA:59,3,1,0
BRDA:59,3,2,0
BRDA:63,4,0,0
BRDA:63,4,1,0
BRDA:66,5,0,0
BRDA:66,5,1,0
BRDA:74,6,0,0
BRDA:74,6,1,0
BRF:15
BRH:0
end_of_record
TN:
SF:src\features\plo-training\screens\PLOTrainingScreen.tsx
FN:10,PLOTrainingScreen
FNF:1
FNH:0
FNDA:0,PLOTrainingScreen
DA:11,0
DA:12,0
DA:15,0
DA:24,0
DA:38,0
LF:5
LH:0
BRF:0
BRH:0
end_of_record
TN:
SF:src\features\plo-training\utils\plo.utils.ts
FN:9,calculatePotAmount
FN:45,validatePotAnswer
FN:54,(anonymous_2)
FN:59,(anonymous_3)
FN:60,(anonymous_4)
FN:79,generateRandomPotRequest
FN:104,(anonymous_6)
FN:131,(anonymous_7)
FNF:8
FNH:8
FNDA:8,calculatePotAmount
FNDA:3,validatePotAnswer
FNDA:3,(anonymous_2)
FNDA:3,(anonymous_3)
FNDA:3,(anonymous_4)
FNDA:13,generateRandomPotRequest
FNDA:162,(anonymous_6)
FNDA:78,(anonymous_7)
DA:10,8
DA:13,8
DA:14,8
DA:15,11
DA:16,11
DA:18,1
DA:20,10
DA:21,7
DA:22,7
DA:27,8
DA:28,8
DA:29,14
DA:31,1
DA:33,13
DA:34,11
DA:39,8
DA:49,3
DA:50,3
DA:53,3
DA:54,3
DA:57,3
DA:59,3
DA:60,3
DA:62,3
DA:64,3
DA:68,3
DA:81,13
DA:84,13
DA:87,13
DA:88,13
DA:91,13
DA:92,13
DA:93,13
DA:100,13
DA:101,13
DA:103,13
DA:104,162
DA:105,27
DA:107,27
DA:108,27
DA:111,27
DA:113,27
DA:114,8
DA:120,19
DA:121,19
DA:126,19
DA:131,13
DA:132,78
DA:134,13
DA:136,13
LF:50
LH:50
BRDA:16,0,0,1
BRDA:16,0,1,10
BRDA:20,1,0,7
BRDA:20,1,1,3
BRDA:20,2,0,10
BRDA:20,2,1,4
BRDA:20,2,2,7
BRDA:29,3,0,1
BRDA:29,3,1,13
BRDA:33,4,0,11
BRDA:33,4,1,2
BRDA:33,5,0,13
BRDA:33,5,1,5
BRDA:33,5,2,4
BRDA:33,5,3,11
BRDA:54,6,0,3
BRDA:54,6,1,3
BRDA:54,6,2,0
BRDA:59,7,0,3
BRDA:59,7,1,3
BRDA:60,8,0,3
BRDA:60,8,1,0
BRDA:62,9,0,3
BRDA:62,9,1,0
BRDA:64,10,0,2
BRDA:64,10,1,1
BRDA:105,11,0,0
BRDA:105,11,1,27
BRDA:111,12,0,19
BRDA:111,12,1,8
BRDA:113,13,0,8
BRDA:113,13,1,19
BRDA:132,14,0,78
BRDA:132,14,1,40
BRDA:132,14,2,34
BRF:35
BRH:31
end_of_record
TN:
SF:src\features\racetrack\navigation.tsx
FN:15,(anonymous_0)
FNF:1
FNH:0
FNDA:0,(anonymous_0)
DA:12,0
DA:15,0
DA:16,0
LF:3
LH:0
BRF:0
BRH:0
end_of_record
TN:
SF:src\features\racetrack\components\RacetrackLayout.tsx
FN:41,RacetrackLayout
FN:49,(anonymous_1)
FN:50,(anonymous_2)
FN:51,(anonymous_3)
FN:52,(anonymous_4)
FN:84,(anonymous_5)
FN:94,(anonymous_6)
FN:124,(anonymous_7)
FN:139,(anonymous_8)
FN:154,(anonymous_9)
FN:169,(anonymous_10)
FN:184,(anonymous_11)
FN:201,(anonymous_12)
FN:216,(anonymous_13)
FN:226,(anonymous_14)
FN:241,(anonymous_15)
FN:247,(anonymous_16)
FN:262,(anonymous_17)
FN:268,(anonymous_18)
FN:281,(anonymous_19)
FN:286,(anonymous_20)
FN:299,(anonymous_21)
FNF:22
FNH:0
FNDA:0,RacetrackLayout
FNDA:0,(anonymous_1)
FNDA:0,(anonymous_2)
FNDA:0,(anonymous_3)
FNDA:0,(anonymous_4)
FNDA:0,(anonymous_5)
FNDA:0,(anonymous_6)
FNDA:0,(anonymous_7)
FNDA:0,(anonymous_8)
FNDA:0,(anonymous_9)
FNDA:0,(anonymous_10)
FNDA:0,(anonymous_11)
FNDA:0,(anonymous_12)
FNDA:0,(anonymous_13)
FNDA:0,(anonymous_14)
FNDA:0,(anonymous_15)
FNDA:0,(anonymous_16)
FNDA:0,(anonymous_17)
FNDA:0,(anonymous_18)
FNDA:0,(anonymous_19)
FNDA:0,(anonymous_20)
FNDA:0,(anonymous_21)
DA:34,0
DA:46,0
DA:49,0
DA:50,0
DA:51,0
DA:52,0
DA:55,0
DA:56,0
DA:57,0
DA:59,0
DA:85,0
DA:95,0
DA:96,0
DA:125,0
DA:140,0
DA:155,0
DA:170,0
DA:185,0
DA:202,0
DA:216,0
DA:227,0
DA:228,0
DA:241,0
DA:248,0
DA:249,0
DA:262,0
DA:269,0
DA:281,0
DA:287,0
DA:299,0
DA:308,0
LF:31
LH:0
BRDA:42,0,0,0
BRDA:95,1,0,0
BRDA:95,1,1,0
BRDA:199,2,0,0
BRDA:199,2,1,0
BRDA:211,3,0,0
BRDA:211,3,1,0
BRDA:212,4,0,0
BRDA:212,4,1,0
BRDA:223,5,0,0
BRDA:223,5,1,0
BRF:11
BRH:0
end_of_record
TN:
SF:src\features\racetrack\constants\announcedBets.constants.ts
FNF:0
FNH:0
DA:4,1
DA:32,1
LF:2
LH:2
BRF:0
BRH:0
end_of_record
TN:
SF:src\features\racetrack\constants\racetrack.constants.ts
FNF:0
FNH:0
DA:2,1
DA:9,1
DA:28,1
DA:46,1
DA:52,1
DA:59,1
DA:65,1
DA:73,1
DA:83,1
LF:9
LH:9
BRF:0
BRH:0
end_of_record
TN:
SF:src\features\racetrack\hooks\useAnnouncedBets.ts
FN:16,createBet
FN:35,useAnnouncedBets
FN:40,(anonymous_2)
FN:44,(anonymous_3)
FN:60,(anonymous_4)
FN:66,(anonymous_5)
FNF:6
FNH:0
FNDA:0,createBet
FNDA:0,useAnnouncedBets
FNDA:0,(anonymous_2)
FNDA:0,(anonymous_3)
FNDA:0,(anonymous_4)
FNDA:0,(anonymous_5)
DA:22,0
DA:40,0
DA:41,0
DA:42,0
DA:44,0
DA:45,0
DA:46,0
DA:54,0
DA:60,0
DA:61,0
DA:62,0
DA:64,0
DA:66,0
DA:67,0
DA:70,0
DA:73,0
LF:16
LH:0
BRDA:42,0,0,0
BRDA:42,0,1,0
BRDA:45,1,0,0
BRDA:45,1,1,0
BRDA:64,2,0,0
BRDA:64,2,1,0
BRF:6
BRH:0
end_of_record
TN:
SF:src\features\racetrack\screens\RacetrackScreen.tsx
FN:8,RacetrackScreen
FNF:1
FNH:0
FNDA:0,RacetrackScreen
DA:6,0
DA:10,0
DA:12,0
DA:21,0
LF:4
LH:0
BRF:0
BRH:0
end_of_record
TN:
SF:src\features\racetrack\utils\racetrack.utils.ts
FN:15,getNeighbors
FN:30,getTopNumberCenterX
FN:42,getBottomNumberCenterX
FN:54,svgToComponent
FN:69,svgDimensionToComponent
FNF:5
FNH:5
FNDA:6,getNeighbors
FNDA:4,getTopNumberCenterX
FNDA:4,getBottomNumberCenterX
FNDA:3,svgToComponent
FNDA:4,svgDimensionToComponent
DA:16,6
DA:17,6
DA:19,4
DA:20,4
DA:21,18
DA:22,18
DA:24,4
DA:31,4
DA:32,3
DA:34,2
DA:35,2
DA:36,2
DA:43,4
DA:44,3
DA:46,2
DA:47,2
DA:48,2
DA:60,3
DA:74,4
DA:75,4
LF:20
LH:20
BRDA:15,0,0,3
BRDA:17,1,0,2
BRDA:17,1,1,4
BRDA:31,2,0,1
BRDA:31,2,1,3
BRDA:32,3,0,1
BRDA:32,3,1,2
BRDA:43,4,0,1
BRDA:43,4,1,3
BRDA:44,5,0,1
BRDA:44,5,1,2
BRDA:74,6,0,2
BRDA:74,6,1,2
BRF:13
BRH:13
end_of_record
TN:
SF:src\features\roulette-game\navigation.tsx
FN:15,(anonymous_0)
FNF:1
FNH:0
FNDA:0,(anonymous_0)
DA:12,0
DA:15,0
DA:16,0
LF:3
LH:0
BRF:0
BRH:0
end_of_record
TN:
SF:src\features\roulette-game\screens\RouletteGameScreen.tsx
FN:11,RouletteGameScreen
FN:20,(anonymous_1)
FN:21,(anonymous_2)
FN:31,(anonymous_3)
FN:37,(anonymous_4)
FNF:5
FNH:0
FNDA:0,RouletteGameScreen
FNDA:0,(anonymous_1)
FNDA:0,(anonymous_2)
FNDA:0,(anonymous_3)
FNDA:0,(anonymous_4)
DA:9,0
DA:12,0
DA:13,0
DA:15,0
DA:16,0
DA:17,0
DA:20,0
DA:21,0
DA:25,0
DA:31,0
DA:33,0
DA:37,0
DA:39,0
DA:40,0
DA:43,0
DA:70,0
LF:16
LH:0
BRF:0
BRH:0
end_of_record
TN:
SF:src\features\roulette-training\navigation.tsx
FN:30,(anonymous_0)
FN:65,(anonymous_1)
FN:97,(anonymous_2)
FN:104,(anonymous_3)
FN:112,(anonymous_4)
FN:120,(anonymous_5)
FN:127,(anonymous_6)
FNF:7
FNH:0
FNDA:0,(anonymous_0)
FNDA:0,(anonymous_1)
FNDA:0,(anonymous_2)
FNDA:0,(anonymous_3)
FNDA:0,(anonymous_4)
FNDA:0,(anonymous_5)
FNDA:0,(anonymous_6)
DA:27,0
DA:30,0
DA:37,0
DA:38,0
DA:40,0
DA:42,0
DA:43,0
DA:46,0
DA:48,0
DA:50,0
DA:52,0
DA:53,0
DA:54,0
DA:57,0
DA:62,0
DA:65,0
DA:66,0
DA:97,0
DA:104,0
DA:112,0
DA:120,0
DA:127,0
LF:22
LH:0
BRDA:37,0,0,0
BRDA:37,0,1,0
BRDA:38,1,0,0
BRDA:38,1,1,0
BRDA:40,2,0,0
BRDA:40,2,1,0
BRDA:40,2,2,0
BRDA:40,2,3,0
BRDA:40,2,4,0
BRDA:40,2,5,0
BRDA:42,3,0,0
BRDA:42,3,1,0
BRDA:52,4,0,0
BRDA:52,4,1,0
BRDA:53,5,0,0
BRDA:53,5,1,0
BRF:16
BRH:0
end_of_record
TN:
SF:src\features\roulette-training\components\ExerciseLayout.tsx
FN:39,ExerciseLayout
FN:80,(anonymous_1)
FN:114,(anonymous_2)
FN:115,(anonymous_3)
FN:116,(anonymous_4)
FNF:5
FNH:0
FNDA:0,ExerciseLayout
FNDA:0,(anonymous_1)
FNDA:0,(anonymous_2)
FNDA:0,(anonymous_3)
FNDA:0,(anonymous_4)
DA:59,0
DA:114,0
DA:115,0
DA:116,0
DA:144,0
LF:5
LH:0
BRDA:55,0,0,0
BRDA:56,1,0,0
BRDA:57,2,0,0
BRDA:69,3,0,0
BRDA:69,3,1,0
BRDA:93,4,0,0
BRDA:93,4,1,0
BRDA:108,5,0,0
BRDA:108,5,1,0
BRDA:112,6,0,0
BRDA:112,6,1,0
BRDA:121,7,0,0
BRDA:121,7,1,0
BRDA:123,8,0,0
BRDA:123,8,1,0
BRDA:135,9,0,0
BRDA:135,9,1,0
BRF:17
BRH:0
end_of_record
TN:
SF:src\features\roulette-training\components\ExerciseStats.tsx
FN:10,ExerciseStats
FNF:1
FNH:0
FNDA:0,ExerciseStats
DA:11,0
DA:13,0
DA:23,0
LF:3
LH:0
BRDA:11,0,0,0
BRDA:11,0,1,0
BRF:2
BRH:0
end_of_record
TN:
SF:src\features\roulette-training\components\FeedbackCard.tsx
FN:16,(anonymous_0)
FN:23,(anonymous_1)
FNF:2
FNH:0
FNDA:0,(anonymous_0)
FNDA:0,(anonymous_1)
DA:16,0
DA:23,0
DA:28,0
DA:57,0
DA:59,0
LF:5
LH:0
BRDA:25,0,0,0
BRDA:25,0,1,0
BRDA:32,1,0,0
BRDA:32,1,1,0
BRDA:35,2,0,0
BRDA:35,2,1,0
BRDA:40,3,0,0
BRDA:40,3,1,0
BRDA:40,3,2,0
BRF:9
BRH:0
end_of_record
TN:
SF:src\features\roulette-training\components\HintSection.tsx
FN:11,HintSection
FNF:1
FNH:0
FNDA:0,HintSection
DA:12,0
DA:34,0
LF:2
LH:0
BRDA:19,0,0,0
BRDA:19,0,1,0
BRDA:23,1,0,0
BRDA:23,1,1,0
BRF:4
BRH:0
end_of_record
TN:
SF:src\features\roulette-training\components\MenuListScreen.tsx
FN:26,(anonymous_0)
FN:30,(anonymous_1)
FN:41,MenuListScreen
FN:44,(anonymous_3)
FN:46,(anonymous_4)
FN:58,(anonymous_5)
FNF:6
FNH:0
FNDA:0,(anonymous_0)
FNDA:0,(anonymous_1)
FNDA:0,MenuListScreen
FNDA:0,(anonymous_3)
FNDA:0,(anonymous_4)
FNDA:0,(anonymous_5)
DA:26,0
DA:27,0
DA:30,0
DA:31,0
DA:42,0
DA:44,0
DA:45,0
DA:47,0
DA:52,0
DA:59,0
LF:10
LH:0
BRDA:41,0,0,0
BRDA:41,1,0,0
BRDA:55,2,0,0
BRDA:55,2,1,0
BRDA:58,3,0,0
BRDA:58,3,1,0
BRDA:74,4,0,0
BRDA:74,4,1,0
BRF:8
BRH:0
end_of_record
TN:
SF:src\features\roulette-training\components\NumberPad.tsx
FN:23,NumberPad
FN:24,(anonymous_1)
FN:34,(anonymous_2)
FN:35,(anonymous_3)
FN:46,(anonymous_4)
FN:61,(anonymous_5)
FN:75,(anonymous_6)
FN:77,(anonymous_7)
FNF:8
FNH:0
FNDA:0,NumberPad
FNDA:0,(anonymous_1)
FNDA:0,(anonymous_2)
FNDA:0,(anonymous_3)
FNDA:0,(anonymous_4)
FNDA:0,(anonymous_5)
FNDA:0,(anonymous_6)
FNDA:0,(anonymous_7)
DA:17,0
DA:24,0
DA:25,0
DA:26,0
DA:27,0
DA:29,0
DA:34,0
DA:35,0
DA:36,0
DA:38,0
DA:40,0
DA:42,0
DA:46,0
DA:47,0
DA:49,0
DA:51,0
DA:53,0
DA:57,0
DA:61,0
DA:73,0
DA:76,0
DA:77,0
DA:89,0
LF:23
LH:0
BRDA:23,0,0,0
BRDA:25,1,0,0
BRDA:25,1,1,0
BRDA:26,2,0,0
BRDA:26,2,1,0
BRDA:36,3,0,0
BRDA:36,3,1,0
BRDA:36,3,2,0
BRDA:47,4,0,0
BRDA:47,4,1,0
BRDA:47,4,2,0
BRF:11
BRH:0
end_of_record
TN:
SF:src\features\roulette-training\config\exerciseDefinitions.ts
FNF:0
FNH:0
DA:40,0
DA:50,0
DA:62,0
LF:3
LH:0
BRF:0
BRH:0
end_of_record
TN:
SF:src\features\roulette-training\constants\betCombinations.ts
FNF:0
FNH:0
DA:6,3
DA:19,3
DA:31,3
DA:40,3
LF:4
LH:4
BRF:0
BRH:0
end_of_record
TN:
SF:src\features\roulette-training\constants\payouts.ts
FN:69,getPayoutForBetType
FNF:1
FNH:0
FNDA:0,getPayoutForBetType
DA:12,2
DA:41,2
DA:50,2
DA:70,0
LF:4
LH:3
BRF:0
BRH:0
end_of_record
TN:
SF:src\features\roulette-training\constants\theme.ts
FNF:0
FNH:0
DA:17,0
DA:18,0
DA:21,0
DA:38,0
LF:4
LH:0
BRF:0
BRH:0
end_of_record
TN:
SF:src\features\roulette-training\hooks\useExerciseState.ts
FN:12,useExerciseState
FN:20,(anonymous_1)
FN:26,(anonymous_2)
FN:29,(anonymous_3)
FN:36,(anonymous_4)
FN:42,(anonymous_5)
FN:43,(anonymous_6)
FNF:7
FNH:0
FNDA:0,useExerciseState
FNDA:0,(anonymous_1)
FNDA:0,(anonymous_2)
FNDA:0,(anonymous_3)
FNDA:0,(anonymous_4)
FNDA:0,(anonymous_5)
FNDA:0,(anonymous_6)
DA:13,0
DA:14,0
DA:15,0
DA:16,0
DA:17,0
DA:18,0
DA:20,0
DA:21,0
DA:22,0
DA:24,0
DA:25,0
DA:26,0
DA:28,0
DA:29,0
DA:30,0
DA:33,0
DA:36,0
DA:37,0
DA:38,0
DA:39,0
DA:42,0
DA:43,0
DA:46,0
LF:23
LH:0
BRDA:28,0,0,0
BRDA:28,0,1,0
BRF:2
BRH:0
end_of_record
TN:
SF:src\features\roulette-training\screens\exercises\CalculationScreen.tsx
FN:35,hasBetConfigKey
FN:40,hasCashConfigKey
FN:45,hasBetTypes
FN:50,hasChipCount
FN:54,CalculationScreen
FN:64,(anonymous_5)
FN:65,(anonymous_6)
FN:70,(anonymous_7)
FN:96,(anonymous_8)
FN:124,(anonymous_9)
FN:124,(anonymous_10)
FN:153,(anonymous_11)
FN:162,(anonymous_12)
FN:166,(anonymous_13)
FN:167,(anonymous_14)
FN:167,(anonymous_15)
FN:178,(anonymous_16)
FN:182,(anonymous_17)
FN:188,(anonymous_18)
FN:216,(anonymous_19)
FN:217,(anonymous_20)
FN:217,(anonymous_21)
FNF:22
FNH:0
FNDA:0,hasBetConfigKey
FNDA:0,hasCashConfigKey
FNDA:0,hasBetTypes
FNDA:0,hasChipCount
FNDA:0,CalculationScreen
FNDA:0,(anonymous_5)
FNDA:0,(anonymous_6)
FNDA:0,(anonymous_7)
FNDA:0,(anonymous_8)
FNDA:0,(anonymous_9)
FNDA:0,(anonymous_10)
FNDA:0,(anonymous_11)
FNDA:0,(anonymous_12)
FNDA:0,(anonymous_13)
FNDA:0,(anonymous_14)
FNDA:0,(anonymous_15)
FNDA:0,(anonymous_16)
FNDA:0,(anonymous_17)
FNDA:0,(anonymous_18)
FNDA:0,(anonymous_19)
FNDA:0,(anonymous_20)
FNDA:0,(anonymous_21)
DA:36,0
DA:41,0
DA:46,0
DA:51,0
DA:55,0
DA:58,0
DA:59,0
DA:60,0
DA:61,0
DA:64,0
DA:65,0
DA:69,0
DA:70,0
DA:74,0
DA:76,0
DA:77,0
DA:78,0
DA:79,0
DA:80,0
DA:81,0
DA:94,0
DA:96,0
DA:97,0
DA:98,0
DA:104,0
DA:105,0
DA:106,0
DA:111,0
DA:112,0
DA:115,0
DA:116,0
DA:119,0
DA:120,0
DA:123,0
DA:124,0
DA:125,0
DA:128,0
DA:131,0
DA:132,0
DA:133,0
DA:136,0
DA:137,0
DA:138,0
DA:139,0
DA:140,0
DA:142,0
DA:145,0
DA:146,0
DA:149,0
DA:150,0
DA:153,0
DA:155,0
DA:158,0
DA:159,0
DA:162,0
DA:163,0
DA:166,0
DA:167,0
DA:169,0
DA:170,0
DA:171,0
DA:172,0
DA:174,0
DA:178,0
DA:179,0
DA:182,0
DA:183,0
DA:186,0
DA:188,0
DA:189,0
DA:190,0
DA:191,0
DA:192,0
DA:194,0
DA:198,0
DA:204,0
DA:216,0
DA:217,0
DA:219,0
DA:220,0
DA:221,0
DA:223,0
DA:225,0
DA:226,0
DA:227,0
DA:229,0
DA:232,0
DA:235,0
DA:236,0
DA:239,0
LF:90
LH:0
BRDA:36,0,0,0
BRDA:36,0,1,0
BRDA:36,0,2,0
BRDA:41,1,0,0
BRDA:41,1,1,0
BRDA:41,1,2,0
BRDA:46,2,0,0
BRDA:46,2,1,0
BRDA:46,2,2,0
BRDA:51,3,0,0
BRDA:51,3,1,0
BRDA:51,3,2,0
BRDA:58,4,0,0
BRDA:58,4,1,0
BRDA:59,5,0,0
BRDA:59,5,1,0
BRDA:60,6,0,0
BRDA:60,6,1,0
BRDA:61,7,0,0
BRDA:61,7,1,0
BRDA:64,8,0,0
BRDA:64,8,1,0
BRDA:65,9,0,0
BRDA:65,9,1,0
BRDA:70,10,0,0
BRDA:70,10,1,0
BRDA:72,11,0,0
BRDA:72,11,1,0
BRDA:96,12,0,0
BRDA:104,13,0,0
BRDA:104,13,1,0
BRDA:104,14,0,0
BRDA:104,14,1,0
BRDA:123,15,0,0
BRDA:123,15,1,0
BRDA:124,16,0,0
BRDA:124,16,1,0
BRDA:124,16,2,0
BRDA:131,17,0,0
BRDA:131,17,1,0
BRDA:132,18,0,0
BRDA:132,18,1,0
BRDA:153,19,0,0
BRDA:153,19,1,0
BRDA:167,20,0,0
BRDA:167,20,1,0
BRDA:167,20,2,0
BRDA:169,21,0,0
BRDA:169,21,1,0
BRDA:171,22,0,0
BRDA:171,22,1,0
BRDA:189,23,0,0
BRDA:189,23,1,0
BRDA:191,24,0,0
BRDA:191,24,1,0
BRDA:198,25,0,0
BRDA:198,25,1,0
BRDA:198,26,0,0
BRDA:198,26,1,0
BRDA:200,27,0,0
BRDA:200,27,1,0
BRDA:217,28,0,0
BRDA:217,28,1,0
BRDA:217,28,2,0
BRDA:219,29,0,0
BRDA:219,29,1,0
BRDA:220,30,0,0
BRDA:220,30,1,0
BRDA:220,31,0,0
BRDA:220,31,1,0
BRDA:220,31,2,0
BRDA:225,32,0,0
BRDA:225,32,1,0
BRDA:235,33,0,0
BRDA:235,33,1,0
BRDA:235,34,0,0
BRDA:235,34,1,0
BRF:77
BRH:0
end_of_record
TN:
SF:src\features\roulette-training\screens\menu\RouletteExercisesScreen.tsx
FN:9,RouletteExercisesScreen
FN:12,(anonymous_1)
FN:16,(anonymous_2)
FNF:3
FNH:0
FNDA:0,RouletteExercisesScreen
FNDA:0,(anonymous_1)
FNDA:0,(anonymous_2)
DA:10,0
DA:12,0
DA:13,0
DA:16,0
DA:17,0
DA:20,0
DA:61,0
LF:7
LH:0
BRF:0
BRH:0
end_of_record
TN:
SF:src\features\roulette-training\screens\reference\RouletteLayoutPracticeScreen.tsx
FN:21,RouletteLayoutPracticeScreen
FN:23,(anonymous_1)
FN:24,(anonymous_2)
FN:28,(anonymous_3)
FN:32,(anonymous_4)
FN:34,(anonymous_5)
FN:40,(anonymous_6)
FN:64,(anonymous_7)
FN:68,(anonymous_8)
FN:75,(anonymous_9)
FN:76,(anonymous_10)
FN:158,(anonymous_11)
FNF:12
FNH:0
FNDA:0,RouletteLayoutPracticeScreen
FNDA:0,(anonymous_1)
FNDA:0,(anonymous_2)
FNDA:0,(anonymous_3)
FNDA:0,(anonymous_4)
FNDA:0,(anonymous_5)
FNDA:0,(anonymous_6)
FNDA:0,(anonymous_7)
FNDA:0,(anonymous_8)
FNDA:0,(anonymous_9)
FNDA:0,(anonymous_10)
FNDA:0,(anonymous_11)
DA:22,0
DA:23,0
DA:24,0
DA:25,0
DA:26,0
DA:28,0
DA:29,0
DA:32,0
DA:33,0
DA:34,0
DA:36,0
DA:40,0
DA:42,0
DA:51,0
DA:54,0
DA:55,0
DA:57,0
DA:64,0
DA:65,0
DA:68,0
DA:69,0
DA:70,0
DA:71,0
DA:72,0
DA:75,0
DA:76,0
DA:79,0
DA:158,0
DA:168,0
LF:29
LH:0
BRDA:33,0,0,0
BRDA:33,0,1,0
BRDA:55,1,0,0
BRDA:55,1,1,0
BRDA:55,2,0,0
BRDA:55,2,1,0
BRDA:59,3,0,0
BRDA:59,3,1,0
BRDA:96,4,0,0
BRDA:96,4,1,0
BRF:10
BRH:0
end_of_record
TN:
SF:src\features\roulette-training\screens\reference\RouletteLayoutViewScreen.tsx
FN:12,RouletteLayoutViewScreen
FN:14,(anonymous_1)
FN:15,(anonymous_2)
FN:22,(anonymous_3)
FN:23,(anonymous_4)
FN:25,(anonymous_5)
FN:31,(anonymous_6)
FNF:7
FNH:0
FNDA:0,RouletteLayoutViewScreen
FNDA:0,(anonymous_1)
FNDA:0,(anonymous_2)
FNDA:0,(anonymous_3)
FNDA:0,(anonymous_4)
FNDA:0,(anonymous_5)
FNDA:0,(anonymous_6)
DA:10,0
DA:13,0
DA:14,0
DA:15,0
DA:16,0
DA:20,0
DA:22,0
DA:23,0
DA:24,0
DA:25,0
DA:27,0
DA:31,0
DA:32,0
DA:40,0
DA:43,0
DA:67,0
LF:16
LH:0
BRDA:24,0,0,0
BRDA:24,0,1,0
BRF:2
BRH:0
end_of_record
TN:
SF:src\features\roulette-training\screens\reference\RouletteTrainingScreen.tsx
FN:20,RouletteTrainingScreen
FN:23,(anonymous_1)
FN:26,(anonymous_2)
FN:28,(anonymous_3)
FN:30,(anonymous_4)
FN:54,(anonymous_5)
FNF:6
FNH:0
FNDA:0,RouletteTrainingScreen
FNDA:0,(anonymous_1)
FNDA:0,(anonymous_2)
FNDA:0,(anonymous_3)
FNDA:0,(anonymous_4)
FNDA:0,(anonymous_5)
DA:21,0
DA:22,0
DA:23,0
DA:24,0
DA:26,0
DA:28,0
DA:29,0
DA:30,0
DA:32,0
DA:36,0
DA:45,0
DA:47,0
DA:54,0
DA:55,0
DA:58,0
DA:88,0
LF:16
LH:0
BRDA:29,0,0,0
BRDA:29,0,1,0
BRF:2
BRH:0
end_of_record
TN:
SF:src\features\roulette-training\styles\menu.styles.ts
FNF:0
FNH:0
DA:7,0
DA:76,0
DA:143,0
LF:3
LH:0
BRF:0
BRH:0
end_of_record
TN:
SF:src\features\roulette-training\types\exercise.types.ts
FN:17,toRouletteBetType
FNF:1
FNH:0
FNDA:0,toRouletteBetType
DA:18,0
DA:25,0
LF:2
LH:0
BRF:0
BRH:0
end_of_record
TN:
SF:src\features\roulette-training\utils\betGenerators.ts
FN:35,distributeChipsRandomly
FN:54,(anonymous_1)
FN:81,generateBetsForNumber
FN:157,(anonymous_3)
FN:161,(anonymous_4)
FN:180,generateSingleBetFromConfig
FNF:6
FNH:6
FNDA:60,distributeChipsRandomly
FNDA:177,(anonymous_1)
FNDA:10,generateBetsForNumber
FNDA:16,(anonymous_3)
FNDA:21,(anonymous_4)
FNDA:27,generateSingleBetFromConfig
DA:21,1
DA:36,60
DA:37,59
DA:38,58
DA:41,56
DA:42,56
DA:45,56
DA:47,56
DA:50,56
DA:51,56
DA:52,165
DA:54,177
DA:57,56
DA:58,56
DA:59,165
DA:60,165
DA:62,56
DA:65,56
DA:66,56
DA:67,165
DA:68,165
DA:71,56
DA:74,0
DA:86,10
DA:87,10
DA:91,10
DA:92,8
DA:99,10
DA:100,7
DA:101,7
DA:103,7
DA:104,7
DA:106,7
DA:107,12
DA:116,10
DA:117,1
DA:118,1
DA:120,1
DA:128,10
DA:129,0
DA:130,0
DA:131,0
DA:139,10
DA:140,0
DA:141,0
DA:142,0
DA:151,10
DA:153,2
DA:154,2
DA:157,16
DA:161,10
DA:162,21
DA:163,21
DA:164,21
DA:173,10
DA:185,27
DA:186,27
DA:191,27
DA:195,27
DA:202,27
LF:60
LH:53
BRDA:36,0,0,1
BRDA:36,0,1,59
BRDA:37,1,0,1
BRDA:37,1,1,58
BRDA:38,2,0,2
BRDA:38,2,1,56
BRDA:41,3,0,55
BRDA:41,3,1,1
BRDA:47,4,0,56
BRDA:47,4,1,0
BRDA:91,5,0,8
BRDA:91,5,1,2
BRDA:99,6,0,7
BRDA:99,6,1,3
BRDA:101,7,0,7
BRDA:101,7,1,0
BRDA:116,8,0,1
BRDA:116,8,1,9
BRDA:118,9,0,1
BRDA:118,9,1,0
BRDA:118,10,0,1
BRDA:118,10,1,1
BRDA:128,11,0,0
BRDA:128,11,1,10
BRDA:130,12,0,0
BRDA:130,12,1,0
BRDA:130,13,0,0
BRDA:130,13,1,0
BRDA:139,14,0,0
BRDA:139,14,1,10
BRDA:141,15,0,0
BRDA:141,15,1,0
BRDA:141,16,0,0
BRDA:141,16,1,0
BRDA:151,17,0,2
BRDA:151,17,1,8
BRDA:151,18,0,10
BRDA:151,18,1,2
BRDA:162,19,0,21
BRDA:162,19,1,0
BRDA:163,20,0,21
BRDA:163,20,1,0
BRDA:191,21,0,1
BRDA:191,21,1,26
BRF:44
BRH:29
end_of_record
TN:
SF:src\features\roulette-training\utils\exerciseHelpers.ts
FN:6,getBetTypeName
FN:10,getBetPayout
FN:15,getSplitsForNumber
FN:36,getCornersForNumber
FN:37,(anonymous_4)
FN:41,getStreetsForNumber
FN:42,(anonymous_6)
FN:46,getSixLinesForNumber
FN:47,(anonymous_8)
FN:50,formatBetNumbers
FN:54,generateBetExplanation
FN:55,(anonymous_11)
FN:60,(anonymous_12)
FN:64,createMockBets
FN:65,(anonymous_14)
FNF:15
FNH:15
FNDA:5,getBetTypeName
FNDA:53,getBetPayout
FNDA:11,getSplitsForNumber
FNDA:17,getCornersForNumber
FNDA:119,(anonymous_4)
FNDA:15,getStreetsForNumber
FNDA:90,(anonymous_6)
FNDA:14,getSixLinesForNumber
FNDA:42,(anonymous_8)
FNDA:10,formatBetNumbers
FNDA:4,generateBetExplanation
FNDA:5,(anonymous_11)
FNDA:5,(anonymous_12)
FNDA:3,createMockBets
FNDA:5,(anonymous_14)
DA:7,5
DA:11,53
DA:16,11
DA:18,11
DA:19,2
DA:23,9
DA:24,8
DA:25,8
DA:29,9
DA:30,9
DA:32,9
DA:37,119
DA:42,90
DA:47,42
DA:51,10
DA:55,4
DA:56,5
DA:57,5
DA:60,5
DA:61,4
DA:65,5
LF:21
LH:21
BRDA:18,0,0,2
BRDA:18,0,1,9
BRDA:23,1,0,8
BRDA:23,1,1,1
BRDA:23,2,0,9
BRDA:23,2,1,9
BRDA:24,3,0,8
BRDA:24,3,1,0
BRDA:25,4,0,7
BRDA:25,4,1,1
BRDA:29,5,0,8
BRDA:29,5,1,1
BRDA:30,6,0,8
BRDA:30,6,1,1
BRDA:51,7,0,3
BRDA:51,7,1,7
BRF:16
BRH:15
end_of_record
TN:
SF:src\features\roulette-training\utils\exerciseStyles.ts
FNF:0
FNH:0
DA:4,0
LF:1
LH:0
BRF:0
BRH:0
end_of_record
TN:
SF:src\features\roulette-training\utils\hintGenerators.tsx
FN:13,generatePayoutInfo
FN:23,(anonymous_1)
FN:31,formatBetNumbers
FN:38,generateSingleBetHint
FN:59,generatePayoutHint
FN:71,(anonymous_5)
FN:87,generateCashHandlingHint
FN:94,(anonymous_7)
FN:94,(anonymous_8)
FN:100,(anonymous_9)
FN:123,generateHintContent
FNF:11
FNH:0
FNDA:0,generatePayoutInfo
FNDA:0,(anonymous_1)
FNDA:0,formatBetNumbers
FNDA:0,generateSingleBetHint
FNDA:0,generatePayoutHint
FNDA:0,(anonymous_5)
FNDA:0,generateCashHandlingHint
FNDA:0,(anonymous_7)
FNDA:0,(anonymous_8)
FNDA:0,(anonymous_9)
FNDA:0,generateHintContent
DA:14,0
DA:22,0
DA:23,0
DA:32,0
DA:42,0
DA:43,0
DA:46,0
DA:64,0
DA:72,0
DA:94,0
DA:95,0
DA:97,0
DA:101,0
DA:135,0
DA:142,0
DA:143,0
DA:144,0
DA:146,0
DA:155,0
DA:156,0
DA:165,0
LF:21
LH:0
BRDA:32,0,0,0
BRDA:32,0,1,0
BRDA:42,1,0,0
BRDA:42,1,1,0
BRDA:42,2,0,0
BRDA:42,2,1,0
BRDA:51,3,0,0
BRDA:51,3,1,0
BRDA:77,4,0,0
BRDA:77,4,1,0
BRDA:94,5,0,0
BRDA:94,5,1,0
BRDA:94,5,2,0
BRDA:135,6,0,0
BRDA:135,6,1,0
BRDA:142,7,0,0
BRDA:142,7,1,0
BRDA:142,8,0,0
BRDA:142,8,1,0
BRDA:142,8,2,0
BRDA:143,9,0,0
BRDA:143,9,1,0
BRDA:143,10,0,0
BRDA:143,10,1,0
BRDA:143,10,2,0
BRDA:155,11,0,0
BRDA:155,11,1,0
BRF:27
BRH:0
end_of_record
TN:
SF:src\features\roulette-training\utils\randomUtils.ts
FNF:0
FNH:0
LF:0
LH:0
BRF:0
BRH:0
end_of_record
TN:
SF:src\navigation\AppNavigator.tsx
FN:26,AppNavigator
FNF:1
FNH:0
FNDA:0,AppNavigator
DA:24,0
DA:27,0
LF:2
LH:0
BRF:0
BRH:0
end_of_record
TN:
SF:src\screens\HomeScreen.tsx
FN:6,HomeScreen
FN:19,(anonymous_1)
FN:28,(anonymous_2)
FN:37,(anonymous_3)
FN:45,(anonymous_4)
FN:52,(anonymous_5)
FN:59,(anonymous_6)
FN:66,(anonymous_7)
FN:87,(anonymous_8)
FNF:9
FNH:0
FNDA:0,HomeScreen
FNDA:0,(anonymous_1)
FNDA:0,(anonymous_2)
FNDA:0,(anonymous_3)
FNDA:0,(anonymous_4)
FNDA:0,(anonymous_5)
FNDA:0,(anonymous_6)
FNDA:0,(anonymous_7)
FNDA:0,(anonymous_8)
DA:7,0
DA:19,0
DA:28,0
DA:37,0
DA:45,0
DA:52,0
DA:59,0
DA:66,0
DA:87,0
DA:96,0
LF:10
LH:0
BRDA:16,0,0,0
BRDA:16,0,1,0
BRDA:25,1,0,0
BRDA:25,1,1,0
BRDA:34,2,0,0
BRDA:34,2,1,0
BRF:6
BRH:0
end_of_record
TN:
SF:src\screens\ProgressScreen.tsx
FN:6,ProgressScreen
FN:7,(anonymous_1)
FN:10,(anonymous_2)
FN:11,(anonymous_3)
FN:43,(anonymous_4)
FNF:5
FNH:0
FNDA:0,ProgressScreen
FNDA:0,(anonymous_1)
FNDA:0,(anonymous_2)
FNDA:0,(anonymous_3)
FNDA:0,(anonymous_4)
DA:7,0
DA:9,0
DA:10,0
DA:11,0
DA:12,0
DA:14,0
DA:44,0
DA:61,0
LF:8
LH:0
BRDA:12,0,0,0
BRDA:12,0,1,0
BRDA:38,1,0,0
BRDA:38,1,1,0
BRF:4
BRH:0
end_of_record
TN:
SF:src\services\storage.service.ts
FN:11,(anonymous_0)
FN:22,(anonymous_1)
FN:33,(anonymous_2)
FN:46,(anonymous_3)
FN:57,(anonymous_4)
FNF:5
FNH:0
FNDA:0,(anonymous_0)
FNDA:0,(anonymous_1)
FNDA:0,(anonymous_2)
FNDA:0,(anonymous_3)
FNDA:0,(anonymous_4)
DA:4,0
DA:9,0
DA:12,0
DA:13,0
DA:14,0
DA:16,0
DA:17,0
DA:23,0
DA:24,0
DA:25,0
DA:27,0
DA:28,0
DA:34,0
DA:35,0
DA:36,0
DA:37,0
DA:38,0
DA:40,0
DA:41,0
DA:47,0
DA:48,0
DA:49,0
DA:51,0
DA:52,0
DA:58,0
DA:59,0
DA:64,0
DA:65,0
LF:28
LH:0
BRDA:25,0,0,0
BRDA:25,0,1,0
BRDA:49,1,0,0
BRDA:49,1,1,0
BRF:4
BRH:0
end_of_record
TN:
SF:src\store\hooks.ts
FN:5,(anonymous_0)
FNF:1
FNH:0
FNDA:0,(anonymous_0)
DA:5,0
DA:6,0
LF:2
LH:0
BRF:0
BRH:0
end_of_record
TN:
SF:src\store\rouletteSlice.ts
FN:15,(anonymous_0)
FN:18,(anonymous_1)
FN:19,(anonymous_2)
FN:21,(anonymous_3)
FN:24,(anonymous_4)
FN:27,(anonymous_5)
FN:31,(anonymous_6)
FN:34,(anonymous_7)
FNF:8
FNH:0
FNDA:0,(anonymous_0)
FNDA:0,(anonymous_1)
FNDA:0,(anonymous_2)
FNDA:0,(anonymous_3)
FNDA:0,(anonymous_4)
FNDA:0,(anonymous_5)
FNDA:0,(anonymous_6)
FNDA:0,(anonymous_7)
DA:4,0
DA:11,0
DA:16,0
DA:19,0
DA:22,0
DA:25,0
DA:28,0
DA:29,0
DA:32,0
DA:35,0
DA:48,0
LF:11
LH:0
BRF:0
BRH:0
end_of_record
TN:
SF:src\styles\colors.ts
FN:108,colorWithOpacity
FNF:1
FNH:0
FNDA:0,colorWithOpacity
DA:5,0
DA:110,0
DA:113,0
DA:114,0
DA:115,0
DA:117,0
LF:6
LH:0
BRF:0
BRH:0
end_of_record
TN:
SF:src\styles\shared.styles.ts
FNF:0
FNH:0
DA:9,0
DA:299,0
LF:2
LH:0
BRF:0
BRH:0
end_of_record
TN:
SF:src\styles\spacing.ts
FNF:0
FNH:0
DA:5,0
DA:25,0
DA:41,0
DA:65,0
DA:79,0
DA:105,0
LF:6
LH:0
BRF:0
BRH:0
end_of_record
TN:
SF:src\test-utils\fixtures.ts
FN:137,(anonymous_0)
FNF:1
FNH:0
FNDA:0,(anonymous_0)
DA:12,0
DA:46,0
DA:70,0
DA:96,0
DA:133,0
DA:137,0
DA:140,0
DA:142,0
DA:162,0
DA:169,0
DA:179,0
DA:194,0
DA:216,0
LF:13
LH:0
BRF:0
BRH:0
end_of_record
TN:
SF:src\test-utils\mocks.ts
FN:19,(anonymous_0)
FN:20,(anonymous_1)
FN:33,(anonymous_2)
FN:34,(anonymous_3)
FN:36,(anonymous_4)
FN:37,(anonymous_5)
FN:39,(anonymous_6)
FN:48,(anonymous_7)
FN:49,(anonymous_8)
FN:50,(anonymous_9)
FN:51,(anonymous_10)
FN:52,(anonymous_11)
FN:53,(anonymous_12)
FN:54,(anonymous_13)
FN:55,(anonymous_14)
FN:61,(anonymous_15)
FN:62,(anonymous_16)
FN:73,(anonymous_17)
FN:74,(anonymous_18)
FN:76,(anonymous_19)
FN:88,(anonymous_20)
FN:89,(anonymous_21)
FN:116,(anonymous_22)
FN:133,(anonymous_23)
FN:134,(anonymous_24)
FN:142,(anonymous_25)
FN:155,(anonymous_26)
FN:163,(anonymous_27)
FN:172,(anonymous_28)
FN:180,(anonymous_29)
FN:181,(anonymous_30)
FN:191,(anonymous_31)
FN:197,(anonymous_32)
FN:199,(anonymous_33)
FN:209,(anonymous_34)
FN:213,(anonymous_35)
FN:222,(anonymous_36)
FN:223,(anonymous_37)
FN:224,(anonymous_38)
FN:251,(anonymous_39)
FN:255,(anonymous_40)
FN:271,(anonymous_41)
FN:276,(anonymous_42)
FN:276,(anonymous_43)
FN:281,(anonymous_44)
FN:281,(anonymous_45)
FN:287,(anonymous_46)
FN:302,(anonymous_47)
FN:309,(anonymous_48)
FN:316,(anonymous_49)
FN:327,(anonymous_50)
FN:339,(anonymous_51)
FNF:52
FNH:0
FNDA:0,(anonymous_0)
FNDA:0,(anonymous_1)
FNDA:0,(anonymous_2)
FNDA:0,(anonymous_3)
FNDA:0,(anonymous_4)
FNDA:0,(anonymous_5)
FNDA:0,(anonymous_6)
FNDA:0,(anonymous_7)
FNDA:0,(anonymous_8)
FNDA:0,(anonymous_9)
FNDA:0,(anonymous_10)
FNDA:0,(anonymous_11)
FNDA:0,(anonymous_12)
FNDA:0,(anonymous_13)
FNDA:0,(anonymous_14)
FNDA:0,(anonymous_15)
FNDA:0,(anonymous_16)
FNDA:0,(anonymous_17)
FNDA:0,(anonymous_18)
FNDA:0,(anonymous_19)
FNDA:0,(anonymous_20)
FNDA:0,(anonymous_21)
FNDA:0,(anonymous_22)
FNDA:0,(anonymous_23)
FNDA:0,(anonymous_24)
FNDA:0,(anonymous_25)
FNDA:0,(anonymous_26)
FNDA:0,(anonymous_27)
FNDA:0,(anonymous_28)
FNDA:0,(anonymous_29)
FNDA:0,(anonymous_30)
FNDA:0,(anonymous_31)
FNDA:0,(anonymous_32)
FNDA:0,(anonymous_33)
FNDA:0,(anonymous_34)
FNDA:0,(anonymous_35)
FNDA:0,(anonymous_36)
FNDA:0,(anonymous_37)
FNDA:0,(anonymous_38)
FNDA:0,(anonymous_39)
FNDA:0,(anonymous_40)
FNDA:0,(anonymous_41)
FNDA:0,(anonymous_42)
FNDA:0,(anonymous_43)
FNDA:0,(anonymous_44)
FNDA:0,(anonymous_45)
FNDA:0,(anonymous_46)
FNDA:0,(anonymous_47)
FNDA:0,(anonymous_48)
FNDA:0,(anonymous_49)
FNDA:0,(anonymous_50)
FNDA:0,(anonymous_51)
DA:10,0
DA:19,0
DA:20,0
DA:23,0
DA:33,0
DA:34,0
DA:36,0
DA:37,0
DA:39,0
DA:47,0
DA:48,0
DA:49,0
DA:50,0
DA:51,0
DA:52,0
DA:53,0
DA:54,0
DA:55,0
DA:61,0
DA:62,0
DA:73,0
DA:74,0
DA:75,0
DA:76,0
DA:77,0
DA:88,0
DA:89,0
DA:90,0
DA:91,0
DA:116,0
DA:126,0
DA:133,0
DA:134,0
DA:141,0
DA:142,0
DA:155,0
DA:156,0
DA:163,0
DA:170,0
DA:172,0
DA:180,0
DA:181,0
DA:188,0
DA:191,0
DA:197,0
DA:198,0
DA:199,0
DA:209,0
DA:210,0
DA:213,0
DA:214,0
DA:221,0
DA:222,0
DA:223,0
DA:224,0
DA:234,0
DA:251,0
DA:252,0
DA:256,0
DA:271,0
DA:276,0
DA:281,0
DA:287,0
DA:288,0
DA:289,0
DA:290,0
DA:291,0
DA:292,0
DA:302,0
DA:303,0
DA:309,0
DA:310,0
DA:316,0
DA:317,0
DA:327,0
DA:339,0
LF:76
LH:0
BRDA:155,0,0,0
BRDA:155,1,0,0
BRDA:191,2,0,0
BRDA:191,2,1,0
BRDA:197,3,0,0
BRDA:327,4,0,0
BRDA:339,5,0,0
BRF:7
BRH:0
end_of_record
TN:
SF:src\test-utils\render.tsx
FN:10,(anonymous_0)
FN:15,(anonymous_1)
FN:28,(anonymous_2)
FNF:3
FNH:0
FNDA:0,(anonymous_0)
FNDA:0,(anonymous_1)
FNDA:0,(anonymous_2)
DA:10,0
DA:11,0
DA:15,0
DA:16,0
DA:28,0
DA:31,0
LF:6
LH:0
BRF:0
BRH:0
end_of_record
TN:
SF:src\types\navigation.types.ts
FNF:0
FNH:0
LF:0
LH:0
BRF:0
BRH:0
end_of_record
TN:
SF:src\types\roulette.types.ts
FNF:0
FNH:0
LF:0
LH:0
BRF:0
BRH:0
end_of_record
TN:
SF:src\utils\randomUtils.ts
FN:9,getRandomInt
FN:16,getRandomElement
FN:23,shuffleArray
FN:35,getRandomChipCount
FN:42,shouldInclude
FN:49,getRandomCount
FN:61,getDynamicChipCount
FNF:7
FNH:7
FNDA:2403,getRandomInt
FNDA:220,getRandomElement
FNDA:13,shuffleArray
FNDA:101,getRandomChipCount
FNDA:102,shouldInclude
FNDA:151,getRandomCount
FNDA:1485,getDynamicChipCount
DA:10,2403
DA:17,220
DA:24,13
DA:25,13
DA:26,36
DA:27,36
DA:29,13
DA:36,101
DA:43,102
DA:50,151
DA:62,1485
DA:63,1484
DA:70,1463
DA:72,440
DA:73,1023
DA:76,503
DA:77,520
DA:80,300
DA:84,220
DA:88,1463
DA:91,1463
LF:21
LH:21
BRDA:35,0,0,50
BRDA:35,1,0,50
BRDA:62,2,0,1
BRDA:62,2,1,1484
BRDA:63,3,0,21
BRDA:63,3,1,1463
BRDA:70,4,0,440
BRDA:70,4,1,1023
BRDA:73,5,0,503
BRDA:73,5,1,520
BRDA:77,6,0,300
BRDA:77,6,1,220
BRF:12
BRH:12
end_of_record
TN:
SF:src\utils\roulette.utils.ts
FN:7,(anonymous_0)
FN:15,(anonymous_1)
FN:21,(anonymous_2)
FN:33,(anonymous_3)
FN:63,(anonymous_4)
FN:70,(anonymous_5)
FN:79,(anonymous_6)
FNF:7
FNH:0
FNDA:0,(anonymous_0)
FNDA:0,(anonymous_1)
FNDA:0,(anonymous_2)
FNDA:0,(anonymous_3)
FNDA:0,(anonymous_4)
FNDA:0,(anonymous_5)
FNDA:0,(anonymous_6)
DA:7,0
DA:8,0
DA:9,0
DA:15,0
DA:19,0
DA:21,0
DA:22,0
DA:23,0
DA:27,0
DA:33,0
DA:37,0
DA:39,0
DA:41,0
DA:43,0
DA:45,0
DA:47,0
DA:50,0
DA:54,0
DA:56,0
DA:63,0
DA:64,0
DA:70,0
DA:71,0
DA:72,0
DA:73,0
DA:79,0
DA:80,0
DA:81,0
LF:28
LH:0
BRDA:22,0,0,0
BRDA:22,0,1,0
BRDA:37,1,0,0
BRDA:37,1,1,0
BRDA:37,1,2,0
BRDA:37,1,3,0
BRDA:37,1,4,0
BRDA:37,1,5,0
BRDA:37,1,6,0
BRDA:37,1,7,0
BRDA:37,1,8,0
BRDA:37,1,9,0
BRDA:37,1,10,0
BRDA:80,2,0,0
BRDA:80,2,1,0
BRF:15
BRH:0
end_of_record
